
Currently Loaded Modules:
  1) craype-x86-rome     (H)   4) envvar/1.0           7) intel/19.1.3.304  10) zlib/1.2.11  13) w3emc/2.9.2
  2) libfabric/1.11.0.0. (H)   5) PrgEnv-intel/8.1.0   8) jasper/2.0.25     11) g2/3.4.1     14) bacio/2.4.1
  3) craype-network-ofi  (H)   6) craype/2.7.10        9) libpng/1.6.37     12) w3nco/2.4.1

  Where:
   H:  Hidden Module

 

Creating exec directory
rm -f inpaint_nic_glwu.o  inpaint_nic_glwu.lst
+ cd WW3.fd
++ pwd -P
+ export WW3_DIR=/lfs/h2/emc/couple/noscrub/saeideh.banihashemi/glwu/glwu.v2.0.0/sorc/WW3.fd
+ WW3_DIR=/lfs/h2/emc/couple/noscrub/saeideh.banihashemi/glwu/glwu.v2.0.0/sorc/WW3.fd
+ export SWITCHFILE=/lfs/h2/emc/couple/noscrub/saeideh.banihashemi/glwu/glwu.v2.0.0/sorc/WW3.fd/model/bin/switch_NCEP_glwu
+ SWITCHFILE=/lfs/h2/emc/couple/noscrub/saeideh.banihashemi/glwu/glwu.v2.0.0/sorc/WW3.fd/model/bin/switch_NCEP_glwu
+ prep_exes='ww3_grid ww3_prep ww3_prnc'
+ post_exes='ww3_outp ww3_gint ww3_ounf ww3_grib'
+ run_exes=ww3_multi
+ path_build=/lfs/h2/emc/couple/noscrub/saeideh.banihashemi/glwu/glwu.v2.0.0/sorc/WW3.fd/build_SHRD
+ mkdir -p /lfs/h2/emc/couple/noscrub/saeideh.banihashemi/glwu/glwu.v2.0.0/sorc/WW3.fd/build_SHRD
+ cd /lfs/h2/emc/couple/noscrub/saeideh.banihashemi/glwu/glwu.v2.0.0/sorc/WW3.fd/build_SHRD
+ echo 'Forcing a SHRD build'
Forcing a SHRD build
++ cat /lfs/h2/emc/couple/noscrub/saeideh.banihashemi/glwu/glwu.v2.0.0/sorc/WW3.fd/model/bin/switch_NCEP_glwu
+ echo NCO NOPA LRB4 NCEP2 DIST MPI SCRIP SCRIPNC PR3 UQ ST4 STAB0 FLX0 LN1 NL3 BT1 DB1 IC0 IS0 REF0 MLIM TR0 BS0 WNX1 WNT1 CRX1 CRT1 O0 O1 O2 O4 O5 O6 O7 O14 O15
+ sed -e s/DIST/SHRD/g -e 's/OMPG / /g' -e 's/OMPH / /g' -e 's/MPIT / /g' -e 's/MPI / /g' -e 's/B4B / /g' -e 's/PDLIB / /g' -e s/NOGRB/NCEP2/g /lfs/h2/emc/couple/noscrub/saeideh.banihashemi/glwu/glwu.v2.0.0/sorc/WW3.fd/build_SHRD/tempswitch
+ rm /lfs/h2/emc/couple/noscrub/saeideh.banihashemi/glwu/glwu.v2.0.0/sorc/WW3.fd/build_SHRD/tempswitch
+ echo 'Switch file is /lfs/h2/emc/couple/noscrub/saeideh.banihashemi/glwu/glwu.v2.0.0/sorc/WW3.fd/build_SHRD/switch with switches:'
Switch file is /lfs/h2/emc/couple/noscrub/saeideh.banihashemi/glwu/glwu.v2.0.0/sorc/WW3.fd/build_SHRD/switch with switches:
+ cat /lfs/h2/emc/couple/noscrub/saeideh.banihashemi/glwu/glwu.v2.0.0/sorc/WW3.fd/build_SHRD/switch
NCO NOPA LRB4 NCEP2 SHRD  SCRIP SCRIPNC PR3 UQ ST4 STAB0 FLX0 LN1 NL3 BT1 DB1 IC0 IS0 REF0 MLIM TR0 BS0 WNX1 WNT1 CRX1 CRT1 O0 O1 O2 O4 O5 O6 O7 O14 O15
+ cmake /lfs/h2/emc/couple/noscrub/saeideh.banihashemi/glwu/glwu.v2.0.0/sorc/WW3.fd -DSWITCH=/lfs/h2/emc/couple/noscrub/saeideh.banihashemi/glwu/glwu.v2.0.0/sorc/WW3.fd/build_SHRD/switch -DCMAKE_INSTALL_PREFIX=install
-- The C compiler identification is Intel 19.1.3.20200925
-- The Fortran compiler identification is Intel 19.1.3.20200925
-- Cray Programming Environment 2.7.10 C
-- Detecting C compiler ABI info
-- Detecting C compiler ABI info - done
-- Check for working C compiler: /opt/cray/pe/craype/2.7.10/bin/cc - skipped
-- Detecting C compile features
-- Detecting C compile features - done
-- Cray Programming Environment 2.7.10 Fortran
-- Detecting Fortran compiler ABI info
-- Detecting Fortran compiler ABI info - done
-- Check for working Fortran compiler: /opt/cray/pe/craype/2.7.10/bin/ftn - skipped
-- Checking whether /opt/cray/pe/craype/2.7.10/bin/ftn supports Fortran 90
-- Checking whether /opt/cray/pe/craype/2.7.10/bin/ftn supports Fortran 90 - yes
-- Build with switch: /lfs/h2/emc/couple/noscrub/saeideh.banihashemi/glwu/glwu.v2.0.0/sorc/WW3.fd/build_SHRD/switch
-- Setting build type to 'Release' as none was specified.
-- Found MPI_C: /opt/cray/pe/craype/2.7.10/bin/cc (found version "3.1") 
-- Found MPI_Fortran: /opt/cray/pe/craype/2.7.10/bin/ftn (found version "3.1") 
-- Found MPI: TRUE (found version "3.1")  
-- Found NetCDF: /apps/prod/hpc-stack/intel-19.1.3.304/cray-mpich-8.1.4/netcdf/4.7.4/include (found version "4.7.4") found components: Fortran 
-- FindNetCDF defines targets:
--   - NetCDF_VERSION [4.7.4]
--   - NetCDF_PARALLEL [TRUE]
--   - NetCDF_C_CONFIG_EXECUTABLE [/apps/prod/hpc-stack/intel-19.1.3.304/cray-mpich-8.1.4/netcdf/4.7.4/bin/nc-config]
--   - NetCDF::NetCDF_C [SHARED] [Root: /apps/prod/hpc-stack/intel-19.1.3.304/cray-mpich-8.1.4/netcdf/4.7.4] Lib: /apps/prod/hpc-stack/intel-19.1.3.304/cray-mpich-8.1.4/netcdf/4.7.4/lib/libnetcdf.so 
--   - NetCDF_Fortran_CONFIG_EXECUTABLE [/apps/prod/hpc-stack/intel-19.1.3.304/cray-mpich-8.1.4/netcdf/4.7.4/bin/nf-config]
--   - NetCDF::NetCDF_Fortran [SHARED] [Root: /apps/prod/hpc-stack/intel-19.1.3.304/cray-mpich-8.1.4/netcdf/4.7.4] Lib: /apps/prod/hpc-stack/intel-19.1.3.304/cray-mpich-8.1.4/netcdf/4.7.4/lib/libnetcdff.so 
-- Found ZLIB: /apps/spack/zlib/1.2.11/intel/19.1.3.304/hjotqkckeoyt6j6tibalwzrlfljcjtdh/lib/libz.so (found version "1.2.11") 
-- Found PNG: /apps/spack/libpng/1.6.37/intel/19.1.3.304/4ohkronuhlyherusoszzrmur5ewvlwzh/lib/libpng.so (found version "1.6.37") 
-- Found g2: /apps/ops/prod/libs/intel/19.1.3.304/g2/3.4.1/lib/libg2_4.a (found version "3.4.0")
-- Found bacio: /apps/ops/prod/libs/intel/19.1.3.304/bacio/2.4.1/lib/libbacio_4.a (found version "2.4.0")
-- Found bacio: /apps/ops/prod/libs/intel/19.1.3.304/bacio/2.4.1/lib/libbacio_4.a (found version "2.4.0")
-- Found w3emc: /apps/ops/prod/libs/intel/19.1.3.304/w3emc/2.9.2/lib64/libw3emc_4.a (found version "2.9.2")
-- Configuring done
-- Generating done
-- Build files have been written to: /lfs/h2/emc/couple/noscrub/saeideh.banihashemi/glwu/glwu.v2.0.0/sorc/WW3.fd/build_SHRD
+ rc=0
+ [[ 0 -ne 0 ]]
+ make -j 8
Scanning dependencies of target ww3_lib
[  1%] Building Fortran object model/src/CMakeFiles/ww3_lib.dir/SCRIP/scrip_kindsmod.f90.o
[  2%] Building Fortran object model/src/CMakeFiles/ww3_lib.dir/constants.F90.o
[  4%] Building Fortran object model/src/CMakeFiles/ww3_lib.dir/w3uqckmd.F90.o
[  4%] Building Fortran object model/src/CMakeFiles/ww3_lib.dir/w3metamd.F90.o
[  5%] Building Fortran object model/src/CMakeFiles/ww3_lib.dir/SCRIP/scrip_constants.f.o
[  5%] Building Fortran object model/src/CMakeFiles/ww3_lib.dir/SCRIP/scrip_iounitsmod.f90.o
[  6%] Building Fortran object model/src/CMakeFiles/ww3_lib.dir/SCRIP/scrip_timers.f.o
[  8%] Building Fortran object model/src/CMakeFiles/ww3_lib.dir/w3servmd.F90.o
[  8%] Building Fortran object model/src/CMakeFiles/ww3_lib.dir/w3strkmd.F90.o
[  9%] Building Fortran object model/src/CMakeFiles/ww3_lib.dir/SCRIP/scrip_errormod.f90.o
[ 10%] Building Fortran object model/src/CMakeFiles/ww3_lib.dir/SCRIP/scrip_grids.f.o
[ 11%] Building Fortran object model/src/CMakeFiles/ww3_lib.dir/SCRIP/scrip_netcdfmod.f90.o
[ 12%] Building Fortran object model/src/CMakeFiles/ww3_lib.dir/w3gsrumd.F90.o
[ 13%] Building Fortran object model/src/CMakeFiles/ww3_lib.dir/w3cspcmd.F90.o
[ 13%] Building Fortran object model/src/CMakeFiles/ww3_lib.dir/w3arrymd.F90.o
[ 14%] Building Fortran object model/src/CMakeFiles/ww3_lib.dir/wmunitmd.F90.o
/lfs/h2/emc/couple/noscrub/saeideh.banihashemi/glwu/glwu.v2.0.0/sorc/WW3.fd/model/src/w3arrymd.F90(2255): remark #8291: Recommended relationship between field width 'W' and the number of fractional digits 'D' in this edit descriptor is 'W>=D+7'.
               '  Spectrum : ',A,'  Units : ',E8.3,1X,A,        &
-----------------------------------------------^
/lfs/h2/emc/couple/noscrub/saeideh.banihashemi/glwu/glwu.v2.0.0/sorc/WW3.fd/model/src/w3arrymd.F90(2256): remark #8291: Recommended relationship between field width 'W' and the number of fractional digits 'D' in this edit descriptor is 'W>=D+7'.
               '  Maximum value : ',E8.3,1X,A/)
-------------------------------------^
/lfs/h2/emc/couple/noscrub/saeideh.banihashemi/glwu/glwu.v2.0.0/sorc/WW3.fd/model/src/w3arrymd.F90(2253): remark #8291: Recommended relationship between field width 'W' and the number of fractional digits 'D' in this edit descriptor is 'W>=D+7'.
               '  Maximum value : ',E8.3,1X,A/)
-------------------------------------^
[ 15%] Building Fortran object model/src/CMakeFiles/ww3_lib.dir/SCRIP/scrip_remap_vars.f.o
[ 16%] Building Fortran object model/src/CMakeFiles/ww3_lib.dir/SCRIP/scrip_remap_conservative.f.o
[ 16%] Building Fortran object model/src/CMakeFiles/ww3_lib.dir/SCRIP/scrip_remap_read.f.o
[ 17%] Building Fortran object model/src/CMakeFiles/ww3_lib.dir/SCRIP/scrip_remap_write.f.o
[ 18%] Building Fortran object model/src/CMakeFiles/ww3_lib.dir/SCRIP/scrip_interface.F90.o
[ 19%] Building Fortran object model/src/CMakeFiles/ww3_lib.dir/w3gdatmd.F90.o
[ 20%] Building Fortran object model/src/CMakeFiles/ww3_lib.dir/w3idatmd.F90.o
[ 21%] Building Fortran object model/src/CMakeFiles/ww3_lib.dir/w3odatmd.F90.o
[ 21%] Building Fortran object model/src/CMakeFiles/ww3_lib.dir/wmscrpmd.F90.o
[ 21%] Building Fortran object model/src/CMakeFiles/ww3_lib.dir/w3sbt1md.F90.o
[ 22%] Building Fortran object model/src/CMakeFiles/ww3_lib.dir/w3adatmd.F90.o
[ 24%] Building Fortran object model/src/CMakeFiles/ww3_lib.dir/w3timemd.F90.o
[ 25%] Building Fortran object model/src/CMakeFiles/ww3_lib.dir/w3dispmd.F90.o
[ 26%] Building Fortran object model/src/CMakeFiles/ww3_lib.dir/w3nmlgridmd.F90.o
[ 27%] Building Fortran object model/src/CMakeFiles/ww3_lib.dir/w3nmlbouncmd.F90.o
[ 27%] Building Fortran object model/src/CMakeFiles/ww3_lib.dir/w3nmlboundmd.F90.o
[ 29%] Building Fortran object model/src/CMakeFiles/ww3_lib.dir/w3nmlounfmd.F90.o
[ 29%] Building Fortran object model/src/CMakeFiles/ww3_lib.dir/wmmdatmd.F90.o
[ 29%] Building Fortran object model/src/CMakeFiles/ww3_lib.dir/w3nmlounpmd.F90.o
[ 30%] Building Fortran object model/src/CMakeFiles/ww3_lib.dir/w3nmlprncmd.F90.o
[ 31%] Building Fortran object model/src/CMakeFiles/ww3_lib.dir/w3nmltrncmd.F90.o
[ 32%] Building Fortran object model/src/CMakeFiles/ww3_lib.dir/w3nmluprstrmd.F90.o
[ 33%] Building Fortran object model/src/CMakeFiles/ww3_lib.dir/w3sdb1md.F90.o
[ 34%] Building Fortran object model/src/CMakeFiles/ww3_lib.dir/w3sln1md.F90.o
[ 35%] Building Fortran object model/src/CMakeFiles/ww3_lib.dir/w3tidemd.F90.o
[ 36%] Building Fortran object model/src/CMakeFiles/ww3_lib.dir/w3fldsmd.F90.o
[ 38%] Building Fortran object model/src/CMakeFiles/ww3_lib.dir/w3snl3md.F90.o
[ 38%] Building Fortran object model/src/CMakeFiles/ww3_lib.dir/w3src4md.F90.o
[ 38%] Building Fortran object model/src/CMakeFiles/ww3_lib.dir/w3partmd.F90.o
/lfs/h2/emc/couple/noscrub/saeideh.banihashemi/glwu/glwu.v2.0.0/sorc/WW3.fd/model/src/w3tidemd.F90(826): remark #8291: Recommended relationship between field width 'W' and the number of fractional digits 'D' in this edit descriptor is 'W>=D+7'.
        READ(KR1,'(4X,A5,E16.10,i5)')TIDE_KONAN(K),TIDE_SIGAN(K),TIDE_NINF(k)
--------------------------^
/lfs/h2/emc/couple/noscrub/saeideh.banihashemi/glwu/glwu.v2.0.0/sorc/WW3.fd/model/src/w3tidemd.F90(830): remark #8291: Recommended relationship between field width 'W' and the number of fractional digits 'D' in this edit descriptor is 'W>=D+7'.
          read(kr1,'(4X,A5,E16.10,2F10.3)') TIDE_KONIN(K,k2),TIDE_SIGIN(K,k2),TIDE_R(K,k2),TIDE_ZETA(K,k2)
----------------------------^
[ 39%] Building Fortran object model/src/CMakeFiles/ww3_lib.dir/w3nmlshelmd.F90.o
[ 40%] Building Fortran object model/src/CMakeFiles/ww3_lib.dir/wmfinlmd.F90.o
[ 41%] Building Fortran object model/src/CMakeFiles/ww3_lib.dir/w3nmlmultimd.F90.o
[ 42%] Building Fortran object model/src/CMakeFiles/ww3_lib.dir/w3iogrmd.F90.o
[ 44%] Building Fortran object model/src/CMakeFiles/ww3_lib.dir/w3parall.F90.o
[ 44%] Building Fortran object model/src/CMakeFiles/ww3_lib.dir/w3triamd.F90.o
[ 45%] Building Fortran object model/src/CMakeFiles/ww3_lib.dir/w3wdatmd.F90.o
[ 46%] Building Fortran object model/src/CMakeFiles/ww3_lib.dir/w3bullmd.F90.o
[ 48%] Building Fortran object model/src/CMakeFiles/ww3_lib.dir/w3iogomd.F90.o
[ 48%] Building Fortran object model/src/CMakeFiles/ww3_lib.dir/w3iotrmd.F90.o
[ 48%] Building Fortran object model/src/CMakeFiles/ww3_lib.dir/w3iosfmd.F90.o
[ 50%] Building Fortran object model/src/CMakeFiles/ww3_lib.dir/w3pro3md.F90.o
[ 51%] Building Fortran object model/src/CMakeFiles/ww3_lib.dir/w3profsmd.F90.o
[ 51%] Building Fortran object model/src/CMakeFiles/ww3_lib.dir/w3srcemd.F90.o
[ 52%] Building Fortran object model/src/CMakeFiles/ww3_lib.dir/w3updtmd.F90.o
[ 53%] Building Fortran object model/src/CMakeFiles/ww3_lib.dir/w3wdasmd.F90.o
[ 54%] Building Fortran object model/src/CMakeFiles/ww3_lib.dir/wmupdtmd.F90.o
[ 56%] Building Fortran object model/src/CMakeFiles/ww3_lib.dir/w3gridmd.F90.o
[ 57%] Building Fortran object model/src/CMakeFiles/ww3_lib.dir/w3iorsmd.F90.o
[ 57%] Building Fortran object model/src/CMakeFiles/ww3_lib.dir/w3iopomd.F90.o
/lfs/h2/emc/couple/noscrub/saeideh.banihashemi/glwu/glwu.v2.0.0/sorc/WW3.fd/model/src/w3gridmd.F90(6517): remark #8291: Recommended relationship between field width 'W' and the number of fractional digits 'D' in this edit descriptor is 'W>=D+7'.
               ', SDSCUMP =', F3.1,', SDSNUW =', E8.3,', '/,     &
--------------------------------------------------^
/lfs/h2/emc/couple/noscrub/saeideh.banihashemi/glwu/glwu.v2.0.0/sorc/WW3.fd/model/src/w3gridmd.F90(6410): remark #8291: Recommended relationship between field width 'W' and the number of fractional digits 'D' in this edit descriptor is 'W>=D+7'.
 6923 FORMAT ( '                 ',2(F5.3,', '),F5.1,', ',E10.4, &
-----------------------------------------------------------^
/lfs/h2/emc/couple/noscrub/saeideh.banihashemi/glwu/glwu.v2.0.0/sorc/WW3.fd/model/src/w3gridmd.F90(6411): remark #8291: Recommended relationship between field width 'W' and the number of fractional digits 'D' in this edit descriptor is 'W>=D+7'.
               ', ',E10.4,' /')
---------------------^
/lfs/h2/emc/couple/noscrub/saeideh.banihashemi/glwu/glwu.v2.0.0/sorc/WW3.fd/model/src/w3gridmd.F90(6408): remark #8291: Recommended relationship between field width 'W' and the number of fractional digits 'D' in this edit descriptor is 'W>=D+7'.
 5923 FORMAT ( '                 ',2(F5.3,', '),F5.1,', ',E10.4, &
-----------------------------------------------------------^
/lfs/h2/emc/couple/noscrub/saeideh.banihashemi/glwu/glwu.v2.0.0/sorc/WW3.fd/model/src/w3gridmd.F90(6409): remark #8291: Recommended relationship between field width 'W' and the number of fractional digits 'D' in this edit descriptor is 'W>=D+7'.
               ', ',E10.4,' ,')
---------------------^
/lfs/h2/emc/couple/noscrub/saeideh.banihashemi/glwu/glwu.v2.0.0/sorc/WW3.fd/model/src/w3gridmd.F90(6406): remark #8291: Recommended relationship between field width 'W' and the number of fractional digits 'D' in this edit descriptor is 'W>=D+7'.
 4923 FORMAT ( '  &ANL3 QPARMS = ',2(F5.3,', '),F5.1,', ',E10.4, &
-----------------------------------------------------------^
/lfs/h2/emc/couple/noscrub/saeideh.banihashemi/glwu/glwu.v2.0.0/sorc/WW3.fd/model/src/w3gridmd.F90(6407): remark #8291: Recommended relationship between field width 'W' and the number of fractional digits 'D' in this edit descriptor is 'W>=D+7'.
               ', ',E10.4,' ,')
---------------------^
/lfs/h2/emc/couple/noscrub/saeideh.banihashemi/glwu/glwu.v2.0.0/sorc/WW3.fd/model/src/w3gridmd.F90(6404): remark #8291: Recommended relationship between field width 'W' and the number of fractional digits 'D' in this edit descriptor is 'W>=D+7'.
 3923 FORMAT ( '  &ANL3 QPARMS = ',2(F5.3,', '),F5.1,', ',E10.4, &
-----------------------------------------------------------^
/lfs/h2/emc/couple/noscrub/saeideh.banihashemi/glwu/glwu.v2.0.0/sorc/WW3.fd/model/src/w3gridmd.F90(6405): remark #8291: Recommended relationship between field width 'W' and the number of fractional digits 'D' in this edit descriptor is 'W>=D+7'.
               ', ',E10.4,' /')
---------------------^
[ 58%] Building Fortran object model/src/CMakeFiles/ww3_lib.dir/w3iobcmd.F90.o
[ 59%] Building Fortran object model/src/CMakeFiles/ww3_lib.dir/wmgridmd.F90.o
[ 60%] Building Fortran object model/src/CMakeFiles/ww3_lib.dir/wmiopomd.F90.o
[ 61%] Building Fortran object model/src/CMakeFiles/ww3_lib.dir/wminiomd.F90.o
[ 61%] Building Fortran object model/src/CMakeFiles/ww3_lib.dir/w3initmd.F90.o
[ 61%] Building Fortran object model/src/CMakeFiles/ww3_lib.dir/w3wavemd.F90.o
[ 62%] Building Fortran object model/src/CMakeFiles/ww3_lib.dir/w3ounfmetamd.F90.o
[ 63%] Building Fortran object model/src/CMakeFiles/ww3_lib.dir/wmwavemd.F90.o
[ 63%] Building Fortran object model/src/CMakeFiles/ww3_lib.dir/wminitmd.F90.o
[ 64%] Linking Fortran static library ../../lib/libww3.a
[ 64%] Built target ww3_lib
Scanning dependencies of target ww3_bounc
Scanning dependencies of target ww3_systrk
Scanning dependencies of target ww3_multi
Scanning dependencies of target ww3_ounf
Scanning dependencies of target ww3_prep
Scanning dependencies of target ww3_gspl
Scanning dependencies of target ww3_uprstr
Scanning dependencies of target ww3_ounp
[ 67%] Building Fortran object model/src/CMakeFiles/ww3_multi.dir/ww3_multi.F90.o
[ 67%] Building Fortran object model/src/CMakeFiles/ww3_systrk.dir/ww3_systrk.F90.o
[ 67%] Building Fortran object model/src/CMakeFiles/ww3_bounc.dir/ww3_bounc.F90.o
[ 69%] Building Fortran object model/src/CMakeFiles/ww3_ounf.dir/ww3_ounf.F90.o
[ 70%] Building Fortran object model/src/CMakeFiles/ww3_prep.dir/ww3_prep.F90.o
[ 72%] Building Fortran object model/src/CMakeFiles/ww3_ounp.dir/ww3_ounp.F90.o
[ 72%] Building Fortran object model/src/CMakeFiles/ww3_uprstr.dir/ww3_uprstr.F90.o
[ 72%] Building Fortran object model/src/CMakeFiles/ww3_gspl.dir/ww3_gspl.F90.o
[ 73%] Linking Fortran executable ../../bin/ww3_multi
/usr/lib64/gcc/x86_64-suse-linux/7/../../../../x86_64-suse-linux/bin/ld: warning: libjpeg.so.62, needed by /apps/spack/jasper/2.0.25/intel/19.1.3.304/sjib74krrorkyczqpqah4tvewmlnqdx4/lib64/libjasper.so, may conflict with libjpeg.so.9
[ 73%] Built target ww3_multi
Scanning dependencies of target ww3_trnc
[ 74%] Building Fortran object model/src/CMakeFiles/ww3_trnc.dir/ww3_trnc.F90.o
[ 75%] Linking Fortran executable ../../bin/ww3_bounc
/usr/lib64/gcc/x86_64-suse-linux/7/../../../../x86_64-suse-linux/bin/ld: warning: libjpeg.so.62, needed by /apps/spack/jasper/2.0.25/intel/19.1.3.304/sjib74krrorkyczqpqah4tvewmlnqdx4/lib64/libjasper.so, may conflict with libjpeg.so.9
[ 76%] Linking Fortran executable ../../bin/ww3_trnc
[ 76%] Linking Fortran executable ../../bin/ww3_systrk
[ 76%] Built target ww3_bounc
Scanning dependencies of target ww3_outf
[ 77%] Building Fortran object model/src/CMakeFiles/ww3_outf.dir/ww3_outf.F90.o
/lfs/h2/emc/couple/noscrub/saeideh.banihashemi/glwu/glwu.v2.0.0/sorc/WW3.fd/model/src/ww3_outf.F90(2380): remark #8291: Recommended relationship between field width 'W' and the number of fractional digits 'D' in this edit descriptor is 'W>=D+7'.
                       WRITE(FSCS,'(G7.1)') FSC
-------------------------------------^
/usr/lib64/gcc/x86_64-suse-linux/7/../../../../x86_64-suse-linux/bin/ld: warning: libjpeg.so.62, needed by /apps/spack/jasper/2.0.25/intel/19.1.3.304/sjib74krrorkyczqpqah4tvewmlnqdx4/lib64/libjasper.so, may conflict with libjpeg.so.9
/usr/lib64/gcc/x86_64-suse-linux/7/../../../../x86_64-suse-linux/bin/ld: warning: libjpeg.so.62, needed by /apps/spack/jasper/2.0.25/intel/19.1.3.304/sjib74krrorkyczqpqah4tvewmlnqdx4/lib64/libjasper.so, may conflict with libjpeg.so.9
[ 77%] Built target ww3_trnc
[ 77%] Built target ww3_systrk
Scanning dependencies of target ww3_bound
[ 77%] Building Fortran object model/src/CMakeFiles/ww3_bound.dir/ww3_bound.F90.o
Scanning dependencies of target ww3_outp
[ 78%] Building Fortran object model/src/CMakeFiles/ww3_outp.dir/ww3_outp.F90.o
[ 79%] Linking Fortran executable ../../bin/ww3_uprstr
/usr/lib64/gcc/x86_64-suse-linux/7/../../../../x86_64-suse-linux/bin/ld: warning: libjpeg.so.62, needed by /apps/spack/jasper/2.0.25/intel/19.1.3.304/sjib74krrorkyczqpqah4tvewmlnqdx4/lib64/libjasper.so, may conflict with libjpeg.so.9
[ 80%] Linking Fortran executable ../../bin/ww3_prep
[ 81%] Linking Fortran executable ../../bin/ww3_bound
[ 81%] Built target ww3_uprstr
Scanning dependencies of target gx_outf
[ 81%] Building Fortran object model/src/CMakeFiles/gx_outf.dir/gx_outf.F90.o
[ 82%] Linking Fortran executable ../../bin/ww3_gspl
/usr/lib64/gcc/x86_64-suse-linux/7/../../../../x86_64-suse-linux/bin/ld: warning: libjpeg.so.62, needed by /apps/spack/jasper/2.0.25/intel/19.1.3.304/sjib74krrorkyczqpqah4tvewmlnqdx4/lib64/libjasper.so, may conflict with libjpeg.so.9
/usr/lib64/gcc/x86_64-suse-linux/7/../../../../x86_64-suse-linux/bin/ld: warning: libjpeg.so.62, needed by /apps/spack/jasper/2.0.25/intel/19.1.3.304/sjib74krrorkyczqpqah4tvewmlnqdx4/lib64/libjasper.so, may conflict with libjpeg.so.9
[ 82%] Built target ww3_prep
/usr/lib64/gcc/x86_64-suse-linux/7/../../../../x86_64-suse-linux/bin/ld: warning: libjpeg.so.62, needed by /apps/spack/jasper/2.0.25/intel/19.1.3.304/sjib74krrorkyczqpqah4tvewmlnqdx4/lib64/libjasper.so, may conflict with libjpeg.so.9
Scanning dependencies of target ww3_grid
[ 83%] Built target ww3_bound
[ 83%] Building Fortran object model/src/CMakeFiles/ww3_grid.dir/ww3_grid.F90.o
Scanning dependencies of target ww3_trck
[ 84%] Building Fortran object model/src/CMakeFiles/ww3_trck.dir/ww3_trck.F90.o
[ 84%] Linking Fortran executable ../../bin/ww3_grid
[ 84%] Built target ww3_gspl
Scanning dependencies of target ww3_prnc
[ 84%] Building Fortran object model/src/CMakeFiles/ww3_prnc.dir/ww3_prnc.F90.o
[ 85%] Linking Fortran executable ../../bin/ww3_trck
/usr/lib64/gcc/x86_64-suse-linux/7/../../../../x86_64-suse-linux/bin/ld: warning: libjpeg.so.62, needed by /apps/spack/jasper/2.0.25/intel/19.1.3.304/sjib74krrorkyczqpqah4tvewmlnqdx4/lib64/libjasper.so, may conflict with libjpeg.so.9
[ 85%] Built target ww3_grid
Scanning dependencies of target ww3_grib
[ 86%] Building Fortran object model/src/CMakeFiles/ww3_grib.dir/ww3_grib.F90.o
/usr/lib64/gcc/x86_64-suse-linux/7/../../../../x86_64-suse-linux/bin/ld: warning: libjpeg.so.62, needed by /apps/spack/jasper/2.0.25/intel/19.1.3.304/sjib74krrorkyczqpqah4tvewmlnqdx4/lib64/libjasper.so, may conflict with libjpeg.so.9
[ 86%] Built target ww3_trck
Scanning dependencies of target ww3_gint
[ 87%] Building Fortran object model/src/CMakeFiles/ww3_gint.dir/ww3_gint.F90.o
[ 88%] Linking Fortran executable ../../bin/ww3_outp
/usr/lib64/gcc/x86_64-suse-linux/7/../../../../x86_64-suse-linux/bin/ld: warning: libjpeg.so.62, needed by /apps/spack/jasper/2.0.25/intel/19.1.3.304/sjib74krrorkyczqpqah4tvewmlnqdx4/lib64/libjasper.so, may conflict with libjpeg.so.9
[ 88%] Built target ww3_outp
Scanning dependencies of target ww3_strt
[ 89%] Building Fortran object model/src/CMakeFiles/ww3_strt.dir/ww3_strt.F90.o
[ 90%] Linking Fortran executable ../../bin/ww3_strt
/usr/lib64/gcc/x86_64-suse-linux/7/../../../../x86_64-suse-linux/bin/ld: warning: libjpeg.so.62, needed by /apps/spack/jasper/2.0.25/intel/19.1.3.304/sjib74krrorkyczqpqah4tvewmlnqdx4/lib64/libjasper.so, may conflict with libjpeg.so.9
[ 90%] Built target ww3_strt
Scanning dependencies of target ww3_shel
[ 91%] Building Fortran object model/src/CMakeFiles/ww3_shel.dir/ww3_shel.F90.o
[ 92%] Linking Fortran executable ../../bin/gx_outf
/usr/lib64/gcc/x86_64-suse-linux/7/../../../../x86_64-suse-linux/bin/ld: warning: libjpeg.so.62, needed by /apps/spack/jasper/2.0.25/intel/19.1.3.304/sjib74krrorkyczqpqah4tvewmlnqdx4/lib64/libjasper.so, may conflict with libjpeg.so.9
[ 92%] Built target gx_outf
Scanning dependencies of target gx_outp
[ 93%] Building Fortran object model/src/CMakeFiles/gx_outp.dir/gx_outp.F90.o
[ 94%] Linking Fortran executable ../../bin/gx_outp
[ 95%] Linking Fortran executable ../../bin/ww3_grib
[ 96%] Linking Fortran executable ../../bin/ww3_prnc
/usr/lib64/gcc/x86_64-suse-linux/7/../../../../x86_64-suse-linux/bin/ld: warning: libjpeg.so.62, needed by /apps/spack/jasper/2.0.25/intel/19.1.3.304/sjib74krrorkyczqpqah4tvewmlnqdx4/lib64/libjasper.so, may conflict with libjpeg.so.9
/usr/lib64/gcc/x86_64-suse-linux/7/../../../../x86_64-suse-linux/bin/ld: warning: libjpeg.so.62, needed by /apps/spack/jasper/2.0.25/intel/19.1.3.304/sjib74krrorkyczqpqah4tvewmlnqdx4/lib64/libjasper.so, may conflict with libjpeg.so.9
[ 96%] Built target gx_outp
/usr/lib64/gcc/x86_64-suse-linux/7/../../../../x86_64-suse-linux/bin/ld: warning: libjpeg.so.62, needed by /apps/spack/jasper/2.0.25/intel/19.1.3.304/sjib74krrorkyczqpqah4tvewmlnqdx4/lib64/libjasper.so, may conflict with libjpeg.so.9
[ 96%] Built target ww3_grib
[ 96%] Built target ww3_prnc
[ 97%] Linking Fortran executable ../../bin/ww3_shel
/usr/lib64/gcc/x86_64-suse-linux/7/../../../../x86_64-suse-linux/bin/ld: warning: libjpeg.so.62, needed by /apps/spack/jasper/2.0.25/intel/19.1.3.304/sjib74krrorkyczqpqah4tvewmlnqdx4/lib64/libjasper.so, may conflict with libjpeg.so.9
[ 97%] Built target ww3_shel
[ 97%] Linking Fortran executable ../../bin/ww3_ounp
/usr/lib64/gcc/x86_64-suse-linux/7/../../../../x86_64-suse-linux/bin/ld: warning: libjpeg.so.62, needed by /apps/spack/jasper/2.0.25/intel/19.1.3.304/sjib74krrorkyczqpqah4tvewmlnqdx4/lib64/libjasper.so, may conflict with libjpeg.so.9
[ 97%] Built target ww3_ounp
[ 98%] Linking Fortran executable ../../bin/ww3_ounf
/usr/lib64/gcc/x86_64-suse-linux/7/../../../../x86_64-suse-linux/bin/ld: warning: libjpeg.so.62, needed by /apps/spack/jasper/2.0.25/intel/19.1.3.304/sjib74krrorkyczqpqah4tvewmlnqdx4/lib64/libjasper.so, may conflict with libjpeg.so.9
[ 98%] Built target ww3_ounf
[ 99%] Linking Fortran executable ../../bin/ww3_outf
/usr/lib64/gcc/x86_64-suse-linux/7/../../../../x86_64-suse-linux/bin/ld: warning: libjpeg.so.62, needed by /apps/spack/jasper/2.0.25/intel/19.1.3.304/sjib74krrorkyczqpqah4tvewmlnqdx4/lib64/libjasper.so, may conflict with libjpeg.so.9
[ 99%] Built target ww3_outf
[100%] Linking Fortran executable ../../bin/ww3_gint
/usr/lib64/gcc/x86_64-suse-linux/7/../../../../x86_64-suse-linux/bin/ld: warning: libjpeg.so.62, needed by /apps/spack/jasper/2.0.25/intel/19.1.3.304/sjib74krrorkyczqpqah4tvewmlnqdx4/lib64/libjasper.so, may conflict with libjpeg.so.9
[100%] Built target ww3_gint
+ rc=0
+ [[ 0 -ne 0 ]]
+ make install
[ 64%] Built target ww3_lib
[ 66%] Built target ww3_bounc
[ 68%] Built target ww3_ounf
[ 69%] Built target ww3_systrk
[ 71%] Built target ww3_multi
[ 72%] Built target ww3_ounp
[ 74%] Built target ww3_gspl
[ 76%] Built target ww3_prep
[ 78%] Built target ww3_uprstr
[ 80%] Built target ww3_trnc
[ 82%] Built target ww3_outf
[ 83%] Built target ww3_bound
[ 85%] Built target ww3_outp
[ 86%] Built target gx_outf
[ 87%] Built target ww3_grid
[ 89%] Built target ww3_trck
[ 90%] Built target ww3_prnc
[ 92%] Built target ww3_grib
[ 94%] Built target ww3_gint
[ 96%] Built target ww3_strt
[ 98%] Built target ww3_shel
[100%] Built target gx_outp
Install the project...
-- Install configuration: "Release"
-- Installing: /lfs/h2/emc/couple/noscrub/saeideh.banihashemi/glwu/glwu.v2.0.0/sorc/WW3.fd/build_SHRD/install/bin/ww3_strt
-- Set runtime path of "/lfs/h2/emc/couple/noscrub/saeideh.banihashemi/glwu/glwu.v2.0.0/sorc/WW3.fd/build_SHRD/install/bin/ww3_strt" to ""
-- Installing: /lfs/h2/emc/couple/noscrub/saeideh.banihashemi/glwu/glwu.v2.0.0/sorc/WW3.fd/build_SHRD/install/bin/ww3_grid
-- Set runtime path of "/lfs/h2/emc/couple/noscrub/saeideh.banihashemi/glwu/glwu.v2.0.0/sorc/WW3.fd/build_SHRD/install/bin/ww3_grid" to ""
-- Installing: /lfs/h2/emc/couple/noscrub/saeideh.banihashemi/glwu/glwu.v2.0.0/sorc/WW3.fd/build_SHRD/install/bin/ww3_bound
-- Set runtime path of "/lfs/h2/emc/couple/noscrub/saeideh.banihashemi/glwu/glwu.v2.0.0/sorc/WW3.fd/build_SHRD/install/bin/ww3_bound" to ""
-- Installing: /lfs/h2/emc/couple/noscrub/saeideh.banihashemi/glwu/glwu.v2.0.0/sorc/WW3.fd/build_SHRD/install/bin/ww3_outf
-- Set runtime path of "/lfs/h2/emc/couple/noscrub/saeideh.banihashemi/glwu/glwu.v2.0.0/sorc/WW3.fd/build_SHRD/install/bin/ww3_outf" to ""
-- Installing: /lfs/h2/emc/couple/noscrub/saeideh.banihashemi/glwu/glwu.v2.0.0/sorc/WW3.fd/build_SHRD/install/bin/ww3_outp
-- Set runtime path of "/lfs/h2/emc/couple/noscrub/saeideh.banihashemi/glwu/glwu.v2.0.0/sorc/WW3.fd/build_SHRD/install/bin/ww3_outp" to ""
-- Installing: /lfs/h2/emc/couple/noscrub/saeideh.banihashemi/glwu/glwu.v2.0.0/sorc/WW3.fd/build_SHRD/install/bin/ww3_trck
-- Set runtime path of "/lfs/h2/emc/couple/noscrub/saeideh.banihashemi/glwu/glwu.v2.0.0/sorc/WW3.fd/build_SHRD/install/bin/ww3_trck" to ""
-- Installing: /lfs/h2/emc/couple/noscrub/saeideh.banihashemi/glwu/glwu.v2.0.0/sorc/WW3.fd/build_SHRD/install/bin/ww3_grib
-- Set runtime path of "/lfs/h2/emc/couple/noscrub/saeideh.banihashemi/glwu/glwu.v2.0.0/sorc/WW3.fd/build_SHRD/install/bin/ww3_grib" to ""
-- Installing: /lfs/h2/emc/couple/noscrub/saeideh.banihashemi/glwu/glwu.v2.0.0/sorc/WW3.fd/build_SHRD/install/bin/ww3_gint
-- Set runtime path of "/lfs/h2/emc/couple/noscrub/saeideh.banihashemi/glwu/glwu.v2.0.0/sorc/WW3.fd/build_SHRD/install/bin/ww3_gint" to ""
-- Installing: /lfs/h2/emc/couple/noscrub/saeideh.banihashemi/glwu/glwu.v2.0.0/sorc/WW3.fd/build_SHRD/install/bin/gx_outf
-- Set runtime path of "/lfs/h2/emc/couple/noscrub/saeideh.banihashemi/glwu/glwu.v2.0.0/sorc/WW3.fd/build_SHRD/install/bin/gx_outf" to ""
-- Installing: /lfs/h2/emc/couple/noscrub/saeideh.banihashemi/glwu/glwu.v2.0.0/sorc/WW3.fd/build_SHRD/install/bin/gx_outp
-- Set runtime path of "/lfs/h2/emc/couple/noscrub/saeideh.banihashemi/glwu/glwu.v2.0.0/sorc/WW3.fd/build_SHRD/install/bin/gx_outp" to ""
-- Installing: /lfs/h2/emc/couple/noscrub/saeideh.banihashemi/glwu/glwu.v2.0.0/sorc/WW3.fd/build_SHRD/install/bin/ww3_uprstr
-- Set runtime path of "/lfs/h2/emc/couple/noscrub/saeideh.banihashemi/glwu/glwu.v2.0.0/sorc/WW3.fd/build_SHRD/install/bin/ww3_uprstr" to ""
-- Installing: /lfs/h2/emc/couple/noscrub/saeideh.banihashemi/glwu/glwu.v2.0.0/sorc/WW3.fd/build_SHRD/install/bin/ww3_shel
-- Set runtime path of "/lfs/h2/emc/couple/noscrub/saeideh.banihashemi/glwu/glwu.v2.0.0/sorc/WW3.fd/build_SHRD/install/bin/ww3_shel" to ""
-- Installing: /lfs/h2/emc/couple/noscrub/saeideh.banihashemi/glwu/glwu.v2.0.0/sorc/WW3.fd/build_SHRD/install/bin/ww3_prep
-- Set runtime path of "/lfs/h2/emc/couple/noscrub/saeideh.banihashemi/glwu/glwu.v2.0.0/sorc/WW3.fd/build_SHRD/install/bin/ww3_prep" to ""
-- Installing: /lfs/h2/emc/couple/noscrub/saeideh.banihashemi/glwu/glwu.v2.0.0/sorc/WW3.fd/build_SHRD/install/bin/ww3_gspl
-- Set runtime path of "/lfs/h2/emc/couple/noscrub/saeideh.banihashemi/glwu/glwu.v2.0.0/sorc/WW3.fd/build_SHRD/install/bin/ww3_gspl" to ""
-- Installing: /lfs/h2/emc/couple/noscrub/saeideh.banihashemi/glwu/glwu.v2.0.0/sorc/WW3.fd/build_SHRD/install/bin/ww3_multi
-- Set runtime path of "/lfs/h2/emc/couple/noscrub/saeideh.banihashemi/glwu/glwu.v2.0.0/sorc/WW3.fd/build_SHRD/install/bin/ww3_multi" to ""
-- Installing: /lfs/h2/emc/couple/noscrub/saeideh.banihashemi/glwu/glwu.v2.0.0/sorc/WW3.fd/build_SHRD/install/bin/ww3_systrk
-- Set runtime path of "/lfs/h2/emc/couple/noscrub/saeideh.banihashemi/glwu/glwu.v2.0.0/sorc/WW3.fd/build_SHRD/install/bin/ww3_systrk" to ""
-- Installing: /lfs/h2/emc/couple/noscrub/saeideh.banihashemi/glwu/glwu.v2.0.0/sorc/WW3.fd/build_SHRD/install/bin/ww3_ounf
-- Set runtime path of "/lfs/h2/emc/couple/noscrub/saeideh.banihashemi/glwu/glwu.v2.0.0/sorc/WW3.fd/build_SHRD/install/bin/ww3_ounf" to ""
-- Installing: /lfs/h2/emc/couple/noscrub/saeideh.banihashemi/glwu/glwu.v2.0.0/sorc/WW3.fd/build_SHRD/install/bin/ww3_ounp
-- Set runtime path of "/lfs/h2/emc/couple/noscrub/saeideh.banihashemi/glwu/glwu.v2.0.0/sorc/WW3.fd/build_SHRD/install/bin/ww3_ounp" to ""
-- Installing: /lfs/h2/emc/couple/noscrub/saeideh.banihashemi/glwu/glwu.v2.0.0/sorc/WW3.fd/build_SHRD/install/bin/ww3_bounc
-- Set runtime path of "/lfs/h2/emc/couple/noscrub/saeideh.banihashemi/glwu/glwu.v2.0.0/sorc/WW3.fd/build_SHRD/install/bin/ww3_bounc" to ""
-- Installing: /lfs/h2/emc/couple/noscrub/saeideh.banihashemi/glwu/glwu.v2.0.0/sorc/WW3.fd/build_SHRD/install/bin/ww3_trnc
-- Set runtime path of "/lfs/h2/emc/couple/noscrub/saeideh.banihashemi/glwu/glwu.v2.0.0/sorc/WW3.fd/build_SHRD/install/bin/ww3_trnc" to ""
-- Installing: /lfs/h2/emc/couple/noscrub/saeideh.banihashemi/glwu/glwu.v2.0.0/sorc/WW3.fd/build_SHRD/install/bin/ww3_prnc
-- Set runtime path of "/lfs/h2/emc/couple/noscrub/saeideh.banihashemi/glwu/glwu.v2.0.0/sorc/WW3.fd/build_SHRD/install/bin/ww3_prnc" to ""
-- Installing: /lfs/h2/emc/couple/noscrub/saeideh.banihashemi/glwu/glwu.v2.0.0/sorc/WW3.fd/build_SHRD/install/lib/libww3.a
-- Installing: /lfs/h2/emc/couple/noscrub/saeideh.banihashemi/glwu/glwu.v2.0.0/sorc/WW3.fd/build_SHRD/install/switch
-- Installing: /lfs/h2/emc/couple/noscrub/saeideh.banihashemi/glwu/glwu.v2.0.0/sorc/WW3.fd/build_SHRD/install/mod
-- Installing: /lfs/h2/emc/couple/noscrub/saeideh.banihashemi/glwu/glwu.v2.0.0/sorc/WW3.fd/build_SHRD/install/mod/w3pro3md.mod
-- Installing: /lfs/h2/emc/couple/noscrub/saeideh.banihashemi/glwu/glwu.v2.0.0/sorc/WW3.fd/build_SHRD/install/mod/w3wdasmd.mod
-- Installing: /lfs/h2/emc/couple/noscrub/saeideh.banihashemi/glwu/glwu.v2.0.0/sorc/WW3.fd/build_SHRD/install/mod/w3sln1md.mod
-- Installing: /lfs/h2/emc/couple/noscrub/saeideh.banihashemi/glwu/glwu.v2.0.0/sorc/WW3.fd/build_SHRD/install/mod/scrip_constants.mod
-- Installing: /lfs/h2/emc/couple/noscrub/saeideh.banihashemi/glwu/glwu.v2.0.0/sorc/WW3.fd/build_SHRD/install/mod/wmmdatmd.mod
-- Installing: /lfs/h2/emc/couple/noscrub/saeideh.banihashemi/glwu/glwu.v2.0.0/sorc/WW3.fd/build_SHRD/install/mod/w3timemd.mod
-- Installing: /lfs/h2/emc/couple/noscrub/saeideh.banihashemi/glwu/glwu.v2.0.0/sorc/WW3.fd/build_SHRD/install/mod/w3dispmd.mod
-- Installing: /lfs/h2/emc/couple/noscrub/saeideh.banihashemi/glwu/glwu.v2.0.0/sorc/WW3.fd/build_SHRD/install/mod/wmunitmd.mod
-- Installing: /lfs/h2/emc/couple/noscrub/saeideh.banihashemi/glwu/glwu.v2.0.0/sorc/WW3.fd/build_SHRD/install/mod/w3nmluprstrmd.mod
-- Installing: /lfs/h2/emc/couple/noscrub/saeideh.banihashemi/glwu/glwu.v2.0.0/sorc/WW3.fd/build_SHRD/install/mod/w3tidemd.mod
-- Installing: /lfs/h2/emc/couple/noscrub/saeideh.banihashemi/glwu/glwu.v2.0.0/sorc/WW3.fd/build_SHRD/install/mod/w3updtmd.mod
-- Installing: /lfs/h2/emc/couple/noscrub/saeideh.banihashemi/glwu/glwu.v2.0.0/sorc/WW3.fd/build_SHRD/install/mod/wmupdtmd.mod
-- Installing: /lfs/h2/emc/couple/noscrub/saeideh.banihashemi/glwu/glwu.v2.0.0/sorc/WW3.fd/build_SHRD/install/mod/w3arrymd.mod
-- Installing: /lfs/h2/emc/couple/noscrub/saeideh.banihashemi/glwu/glwu.v2.0.0/sorc/WW3.fd/build_SHRD/install/mod/constants.mod
-- Installing: /lfs/h2/emc/couple/noscrub/saeideh.banihashemi/glwu/glwu.v2.0.0/sorc/WW3.fd/build_SHRD/install/mod/w3odatmd.mod
-- Installing: /lfs/h2/emc/couple/noscrub/saeideh.banihashemi/glwu/glwu.v2.0.0/sorc/WW3.fd/build_SHRD/install/mod/w3iorsmd.mod
-- Installing: /lfs/h2/emc/couple/noscrub/saeideh.banihashemi/glwu/glwu.v2.0.0/sorc/WW3.fd/build_SHRD/install/mod/scrip_interface.mod
-- Installing: /lfs/h2/emc/couple/noscrub/saeideh.banihashemi/glwu/glwu.v2.0.0/sorc/WW3.fd/build_SHRD/install/mod/w3ounfmetamd.mod
-- Installing: /lfs/h2/emc/couple/noscrub/saeideh.banihashemi/glwu/glwu.v2.0.0/sorc/WW3.fd/build_SHRD/install/mod/w3wdatmd.mod
-- Installing: /lfs/h2/emc/couple/noscrub/saeideh.banihashemi/glwu/glwu.v2.0.0/sorc/WW3.fd/build_SHRD/install/mod/w3srcemd.mod
-- Installing: /lfs/h2/emc/couple/noscrub/saeideh.banihashemi/glwu/glwu.v2.0.0/sorc/WW3.fd/build_SHRD/install/mod/w3iosfmd.mod
-- Installing: /lfs/h2/emc/couple/noscrub/saeideh.banihashemi/glwu/glwu.v2.0.0/sorc/WW3.fd/build_SHRD/install/mod/w3parall.mod
-- Installing: /lfs/h2/emc/couple/noscrub/saeideh.banihashemi/glwu/glwu.v2.0.0/sorc/WW3.fd/build_SHRD/install/mod/scrip_netcdfmod.mod
-- Installing: /lfs/h2/emc/couple/noscrub/saeideh.banihashemi/glwu/glwu.v2.0.0/sorc/WW3.fd/build_SHRD/install/mod/w3sbt1md.mod
-- Installing: /lfs/h2/emc/couple/noscrub/saeideh.banihashemi/glwu/glwu.v2.0.0/sorc/WW3.fd/build_SHRD/install/mod/w3triamd.mod
-- Installing: /lfs/h2/emc/couple/noscrub/saeideh.banihashemi/glwu/glwu.v2.0.0/sorc/WW3.fd/build_SHRD/install/mod/w3wavemd.mod
-- Installing: /lfs/h2/emc/couple/noscrub/saeideh.banihashemi/glwu/glwu.v2.0.0/sorc/WW3.fd/build_SHRD/install/mod/scrip_remap_write.mod
-- Installing: /lfs/h2/emc/couple/noscrub/saeideh.banihashemi/glwu/glwu.v2.0.0/sorc/WW3.fd/build_SHRD/install/mod/w3nmlgridmd.mod
-- Installing: /lfs/h2/emc/couple/noscrub/saeideh.banihashemi/glwu/glwu.v2.0.0/sorc/WW3.fd/build_SHRD/install/mod/w3fldsmd.mod
-- Installing: /lfs/h2/emc/couple/noscrub/saeideh.banihashemi/glwu/glwu.v2.0.0/sorc/WW3.fd/build_SHRD/install/mod/w3iogrmd.mod
-- Installing: /lfs/h2/emc/couple/noscrub/saeideh.banihashemi/glwu/glwu.v2.0.0/sorc/WW3.fd/build_SHRD/install/mod/w3iopomd.mod
-- Installing: /lfs/h2/emc/couple/noscrub/saeideh.banihashemi/glwu/glwu.v2.0.0/sorc/WW3.fd/build_SHRD/install/mod/wmgridmd.mod
-- Installing: /lfs/h2/emc/couple/noscrub/saeideh.banihashemi/glwu/glwu.v2.0.0/sorc/WW3.fd/build_SHRD/install/mod/scrip_remap_conservative.mod
-- Installing: /lfs/h2/emc/couple/noscrub/saeideh.banihashemi/glwu/glwu.v2.0.0/sorc/WW3.fd/build_SHRD/install/mod/wminitmd.mod
-- Installing: /lfs/h2/emc/couple/noscrub/saeideh.banihashemi/glwu/glwu.v2.0.0/sorc/WW3.fd/build_SHRD/install/mod/scrip_kindsmod.mod
-- Installing: /lfs/h2/emc/couple/noscrub/saeideh.banihashemi/glwu/glwu.v2.0.0/sorc/WW3.fd/build_SHRD/install/mod/w3gdatmd.mod
-- Installing: /lfs/h2/emc/couple/noscrub/saeideh.banihashemi/glwu/glwu.v2.0.0/sorc/WW3.fd/build_SHRD/install/mod/w3nmlounpmd.mod
-- Installing: /lfs/h2/emc/couple/noscrub/saeideh.banihashemi/glwu/glwu.v2.0.0/sorc/WW3.fd/build_SHRD/install/mod/w3idatmd.mod
-- Installing: /lfs/h2/emc/couple/noscrub/saeideh.banihashemi/glwu/glwu.v2.0.0/sorc/WW3.fd/build_SHRD/install/mod/w3adatmd.mod
-- Installing: /lfs/h2/emc/couple/noscrub/saeideh.banihashemi/glwu/glwu.v2.0.0/sorc/WW3.fd/build_SHRD/install/mod/w3nmltrncmd.mod
-- Installing: /lfs/h2/emc/couple/noscrub/saeideh.banihashemi/glwu/glwu.v2.0.0/sorc/WW3.fd/build_SHRD/install/mod/wmscrpmd.mod
-- Installing: /lfs/h2/emc/couple/noscrub/saeideh.banihashemi/glwu/glwu.v2.0.0/sorc/WW3.fd/build_SHRD/install/mod/scrip_errormod.mod
-- Installing: /lfs/h2/emc/couple/noscrub/saeideh.banihashemi/glwu/glwu.v2.0.0/sorc/WW3.fd/build_SHRD/install/mod/scrip_remap_read.mod
-- Installing: /lfs/h2/emc/couple/noscrub/saeideh.banihashemi/glwu/glwu.v2.0.0/sorc/WW3.fd/build_SHRD/install/mod/w3sdb1md.mod
-- Installing: /lfs/h2/emc/couple/noscrub/saeideh.banihashemi/glwu/glwu.v2.0.0/sorc/WW3.fd/build_SHRD/install/mod/w3bullmd.mod
-- Installing: /lfs/h2/emc/couple/noscrub/saeideh.banihashemi/glwu/glwu.v2.0.0/sorc/WW3.fd/build_SHRD/install/mod/scrip_grids.mod
-- Installing: /lfs/h2/emc/couple/noscrub/saeideh.banihashemi/glwu/glwu.v2.0.0/sorc/WW3.fd/build_SHRD/install/mod/w3snl3md.mod
-- Installing: /lfs/h2/emc/couple/noscrub/saeideh.banihashemi/glwu/glwu.v2.0.0/sorc/WW3.fd/build_SHRD/install/mod/w3src4md.mod
-- Installing: /lfs/h2/emc/couple/noscrub/saeideh.banihashemi/glwu/glwu.v2.0.0/sorc/WW3.fd/build_SHRD/install/mod/scrip_iounitsmod.mod
-- Installing: /lfs/h2/emc/couple/noscrub/saeideh.banihashemi/glwu/glwu.v2.0.0/sorc/WW3.fd/build_SHRD/install/mod/scrip_remap_vars.mod
-- Installing: /lfs/h2/emc/couple/noscrub/saeideh.banihashemi/glwu/glwu.v2.0.0/sorc/WW3.fd/build_SHRD/install/mod/w3gsrumd.mod
-- Installing: /lfs/h2/emc/couple/noscrub/saeideh.banihashemi/glwu/glwu.v2.0.0/sorc/WW3.fd/build_SHRD/install/mod/w3partmd.mod
-- Installing: /lfs/h2/emc/couple/noscrub/saeideh.banihashemi/glwu/glwu.v2.0.0/sorc/WW3.fd/build_SHRD/install/mod/w3uqckmd.mod
-- Installing: /lfs/h2/emc/couple/noscrub/saeideh.banihashemi/glwu/glwu.v2.0.0/sorc/WW3.fd/build_SHRD/install/mod/wmfinlmd.mod
-- Installing: /lfs/h2/emc/couple/noscrub/saeideh.banihashemi/glwu/glwu.v2.0.0/sorc/WW3.fd/build_SHRD/install/mod/w3nmlshelmd.mod
-- Installing: /lfs/h2/emc/couple/noscrub/saeideh.banihashemi/glwu/glwu.v2.0.0/sorc/WW3.fd/build_SHRD/install/mod/w3strkmd.mod
-- Installing: /lfs/h2/emc/couple/noscrub/saeideh.banihashemi/glwu/glwu.v2.0.0/sorc/WW3.fd/build_SHRD/install/mod/w3cspcmd.mod
-- Installing: /lfs/h2/emc/couple/noscrub/saeideh.banihashemi/glwu/glwu.v2.0.0/sorc/WW3.fd/build_SHRD/install/mod/w3nmlprncmd.mod
-- Installing: /lfs/h2/emc/couple/noscrub/saeideh.banihashemi/glwu/glwu.v2.0.0/sorc/WW3.fd/build_SHRD/install/mod/wminiomd.mod
-- Installing: /lfs/h2/emc/couple/noscrub/saeideh.banihashemi/glwu/glwu.v2.0.0/sorc/WW3.fd/build_SHRD/install/mod/w3nmlmultimd.mod
-- Installing: /lfs/h2/emc/couple/noscrub/saeideh.banihashemi/glwu/glwu.v2.0.0/sorc/WW3.fd/build_SHRD/install/mod/w3iogomd.mod
-- Installing: /lfs/h2/emc/couple/noscrub/saeideh.banihashemi/glwu/glwu.v2.0.0/sorc/WW3.fd/build_SHRD/install/mod/w3nmlbouncmd.mod
-- Installing: /lfs/h2/emc/couple/noscrub/saeideh.banihashemi/glwu/glwu.v2.0.0/sorc/WW3.fd/build_SHRD/install/mod/w3iotrmd.mod
-- Installing: /lfs/h2/emc/couple/noscrub/saeideh.banihashemi/glwu/glwu.v2.0.0/sorc/WW3.fd/build_SHRD/install/mod/w3nmlounfmd.mod
-- Installing: /lfs/h2/emc/couple/noscrub/saeideh.banihashemi/glwu/glwu.v2.0.0/sorc/WW3.fd/build_SHRD/install/mod/scrip_timers.mod
-- Installing: /lfs/h2/emc/couple/noscrub/saeideh.banihashemi/glwu/glwu.v2.0.0/sorc/WW3.fd/build_SHRD/install/mod/w3iobcmd.mod
-- Installing: /lfs/h2/emc/couple/noscrub/saeideh.banihashemi/glwu/glwu.v2.0.0/sorc/WW3.fd/build_SHRD/install/mod/wmiopomd.mod
-- Installing: /lfs/h2/emc/couple/noscrub/saeideh.banihashemi/glwu/glwu.v2.0.0/sorc/WW3.fd/build_SHRD/install/mod/wmwavemd.mod
-- Installing: /lfs/h2/emc/couple/noscrub/saeideh.banihashemi/glwu/glwu.v2.0.0/sorc/WW3.fd/build_SHRD/install/mod/w3gridmd.mod
-- Installing: /lfs/h2/emc/couple/noscrub/saeideh.banihashemi/glwu/glwu.v2.0.0/sorc/WW3.fd/build_SHRD/install/mod/w3metamd.mod
-- Installing: /lfs/h2/emc/couple/noscrub/saeideh.banihashemi/glwu/glwu.v2.0.0/sorc/WW3.fd/build_SHRD/install/mod/w3nmlboundmd.mod
-- Installing: /lfs/h2/emc/couple/noscrub/saeideh.banihashemi/glwu/glwu.v2.0.0/sorc/WW3.fd/build_SHRD/install/mod/w3initmd.mod
-- Installing: /lfs/h2/emc/couple/noscrub/saeideh.banihashemi/glwu/glwu.v2.0.0/sorc/WW3.fd/build_SHRD/install/mod/w3profsmd.mod
-- Installing: /lfs/h2/emc/couple/noscrub/saeideh.banihashemi/glwu/glwu.v2.0.0/sorc/WW3.fd/build_SHRD/install/mod/w3servmd.mod
-- Installing: /lfs/h2/emc/couple/noscrub/saeideh.banihashemi/glwu/glwu.v2.0.0/sorc/WW3.fd/build_SHRD/install/lib/cmake/WW3/WW3-config.cmake
-- Installing: /lfs/h2/emc/couple/noscrub/saeideh.banihashemi/glwu/glwu.v2.0.0/sorc/WW3.fd/build_SHRD/install/lib/cmake/WW3/WW3-config-version.cmake
-- Installing: /lfs/h2/emc/couple/noscrub/saeideh.banihashemi/glwu/glwu.v2.0.0/sorc/WW3.fd/build_SHRD/install/lib/cmake/WW3/WW3-targets.cmake
-- Installing: /lfs/h2/emc/couple/noscrub/saeideh.banihashemi/glwu/glwu.v2.0.0/sorc/WW3.fd/build_SHRD/install/lib/cmake/WW3/WW3-targets-release.cmake
+ [[ 0 -ne 0 ]]
+ cp /lfs/h2/emc/couple/noscrub/saeideh.banihashemi/glwu/glwu.v2.0.0/sorc/WW3.fd/build_SHRD/install/bin/ww3_grid /lfs/h2/emc/couple/noscrub/saeideh.banihashemi/glwu/glwu.v2.0.0/sorc/../exec/multiwavegrid
+ rc=0
+ [[ 0 -ne 0 ]]
+ cp /lfs/h2/emc/couple/noscrub/saeideh.banihashemi/glwu/glwu.v2.0.0/sorc/WW3.fd/build_SHRD/install/bin/ww3_prep /lfs/h2/emc/couple/noscrub/saeideh.banihashemi/glwu/glwu.v2.0.0/sorc/../exec/multiwaveprep
+ rc=0
+ [[ 0 -ne 0 ]]
+ cp /lfs/h2/emc/couple/noscrub/saeideh.banihashemi/glwu/glwu.v2.0.0/sorc/WW3.fd/build_SHRD/install/bin/ww3_prnc /lfs/h2/emc/couple/noscrub/saeideh.banihashemi/glwu/glwu.v2.0.0/sorc/../exec/multiwaveprnc
+ rc=0
+ [[ 0 -ne 0 ]]
+ cp /lfs/h2/emc/couple/noscrub/saeideh.banihashemi/glwu/glwu.v2.0.0/sorc/WW3.fd/build_SHRD/install/bin/ww3_outp /lfs/h2/emc/couple/noscrub/saeideh.banihashemi/glwu/glwu.v2.0.0/sorc/../exec/multiwavespec
+ rc=0
+ [[ 0 -ne 0 ]]
+ cp /lfs/h2/emc/couple/noscrub/saeideh.banihashemi/glwu/glwu.v2.0.0/sorc/WW3.fd/build_SHRD/install/bin/ww3_gint /lfs/h2/emc/couple/noscrub/saeideh.banihashemi/glwu/glwu.v2.0.0/sorc/../exec/multiwavegrid_interp
+ rc=0
+ [[ 0 -ne 0 ]]
+ cp /lfs/h2/emc/couple/noscrub/saeideh.banihashemi/glwu/glwu.v2.0.0/sorc/WW3.fd/build_SHRD/install/bin/ww3_ounf /lfs/h2/emc/couple/noscrub/saeideh.banihashemi/glwu/glwu.v2.0.0/sorc/../exec/multiwavefldn
+ rc=0
+ [[ 0 -ne 0 ]]
+ cp /lfs/h2/emc/couple/noscrub/saeideh.banihashemi/glwu/glwu.v2.0.0/sorc/WW3.fd/build_SHRD/install/bin/ww3_ounp /lfs/h2/emc/couple/noscrub/saeideh.banihashemi/glwu/glwu.v2.0.0/sorc/../exec/multiwavespnc
+ rc=0
+ [[ 0 -ne 0 ]]
+ cp /lfs/h2/emc/couple/noscrub/saeideh.banihashemi/glwu/glwu.v2.0.0/sorc/WW3.fd/build_SHRD/install/bin/ww3_grib /lfs/h2/emc/couple/noscrub/saeideh.banihashemi/glwu/glwu.v2.0.0/sorc/../exec/multiwavegrib2
+ rc=0
+ [[ 0 -ne 0 ]]
+ echo 'executables are in /lfs/h2/emc/couple/noscrub/saeideh.banihashemi/glwu/glwu.v2.0.0/sorc/../exec'
executables are in /lfs/h2/emc/couple/noscrub/saeideh.banihashemi/glwu/glwu.v2.0.0/sorc/../exec
+ echo 'cleaning up /lfs/h2/emc/couple/noscrub/saeideh.banihashemi/glwu/glwu.v2.0.0/sorc/WW3.fd/build_SHRD'
cleaning up /lfs/h2/emc/couple/noscrub/saeideh.banihashemi/glwu/glwu.v2.0.0/sorc/WW3.fd/build_SHRD
+ rm -rf /lfs/h2/emc/couple/noscrub/saeideh.banihashemi/glwu/glwu.v2.0.0/sorc/WW3.fd/build_SHRD
+ path_build=/lfs/h2/emc/couple/noscrub/saeideh.banihashemi/glwu/glwu.v2.0.0/sorc/WW3.fd/build_DIST
+ mkdir -p /lfs/h2/emc/couple/noscrub/saeideh.banihashemi/glwu/glwu.v2.0.0/sorc/WW3.fd/build_DIST
+ cd /lfs/h2/emc/couple/noscrub/saeideh.banihashemi/glwu/glwu.v2.0.0/sorc/WW3.fd/build_DIST
+ echo 'Forcing a DIST build'
Forcing a DIST build
++ cat /lfs/h2/emc/couple/noscrub/saeideh.banihashemi/glwu/glwu.v2.0.0/sorc/WW3.fd/model/bin/switch_NCEP_glwu
+ echo NCO NOPA LRB4 NCEP2 DIST MPI SCRIP SCRIPNC PR3 UQ ST4 STAB0 FLX0 LN1 NL3 BT1 DB1 IC0 IS0 REF0 MLIM TR0 BS0 WNX1 WNT1 CRX1 CRT1 O0 O1 O2 O4 O5 O6 O7 O14 O15
+ echo 'Switch file is /lfs/h2/emc/couple/noscrub/saeideh.banihashemi/glwu/glwu.v2.0.0/sorc/WW3.fd/build_DIST/switch with switches:'
Switch file is /lfs/h2/emc/couple/noscrub/saeideh.banihashemi/glwu/glwu.v2.0.0/sorc/WW3.fd/build_DIST/switch with switches:
+ cat /lfs/h2/emc/couple/noscrub/saeideh.banihashemi/glwu/glwu.v2.0.0/sorc/WW3.fd/build_DIST/runswitch
NCO NOPA LRB4 NCEP2 DIST MPI SCRIP SCRIPNC PR3 UQ ST4 STAB0 FLX0 LN1 NL3 BT1 DB1 IC0 IS0 REF0 MLIM TR0 BS0 WNX1 WNT1 CRX1 CRT1 O0 O1 O2 O4 O5 O6 O7 O14 O15
+ cmake /lfs/h2/emc/couple/noscrub/saeideh.banihashemi/glwu/glwu.v2.0.0/sorc/WW3.fd -DSWITCH=/lfs/h2/emc/couple/noscrub/saeideh.banihashemi/glwu/glwu.v2.0.0/sorc/WW3.fd/build_DIST/runswitch -DCMAKE_INSTALL_PREFIX=install
-- The C compiler identification is Intel 19.1.3.20200925
-- The Fortran compiler identification is Intel 19.1.3.20200925
-- Cray Programming Environment 2.7.10 C
-- Detecting C compiler ABI info
-- Detecting C compiler ABI info - done
-- Check for working C compiler: /opt/cray/pe/craype/2.7.10/bin/cc - skipped
-- Detecting C compile features
-- Detecting C compile features - done
-- Cray Programming Environment 2.7.10 Fortran
-- Detecting Fortran compiler ABI info
-- Detecting Fortran compiler ABI info - done
-- Check for working Fortran compiler: /opt/cray/pe/craype/2.7.10/bin/ftn - skipped
-- Checking whether /opt/cray/pe/craype/2.7.10/bin/ftn supports Fortran 90
-- Checking whether /opt/cray/pe/craype/2.7.10/bin/ftn supports Fortran 90 - yes
-- Build with switch: /lfs/h2/emc/couple/noscrub/saeideh.banihashemi/glwu/glwu.v2.0.0/sorc/WW3.fd/build_DIST/runswitch
-- Setting build type to 'Release' as none was specified.
-- Found MPI_C: /opt/cray/pe/craype/2.7.10/bin/cc (found version "3.1") 
-- Found MPI_Fortran: /opt/cray/pe/craype/2.7.10/bin/ftn (found version "3.1") 
-- Found MPI: TRUE (found version "3.1")  
-- Found NetCDF: /apps/prod/hpc-stack/intel-19.1.3.304/cray-mpich-8.1.4/netcdf/4.7.4/include (found version "4.7.4") found components: Fortran 
-- FindNetCDF defines targets:
--   - NetCDF_VERSION [4.7.4]
--   - NetCDF_PARALLEL [TRUE]
--   - NetCDF_C_CONFIG_EXECUTABLE [/apps/prod/hpc-stack/intel-19.1.3.304/cray-mpich-8.1.4/netcdf/4.7.4/bin/nc-config]
--   - NetCDF::NetCDF_C [SHARED] [Root: /apps/prod/hpc-stack/intel-19.1.3.304/cray-mpich-8.1.4/netcdf/4.7.4] Lib: /apps/prod/hpc-stack/intel-19.1.3.304/cray-mpich-8.1.4/netcdf/4.7.4/lib/libnetcdf.so 
--   - NetCDF_Fortran_CONFIG_EXECUTABLE [/apps/prod/hpc-stack/intel-19.1.3.304/cray-mpich-8.1.4/netcdf/4.7.4/bin/nf-config]
--   - NetCDF::NetCDF_Fortran [SHARED] [Root: /apps/prod/hpc-stack/intel-19.1.3.304/cray-mpich-8.1.4/netcdf/4.7.4] Lib: /apps/prod/hpc-stack/intel-19.1.3.304/cray-mpich-8.1.4/netcdf/4.7.4/lib/libnetcdff.so 
-- Found MPI: TRUE (found version "3.1") found components: Fortran 
-- Found ZLIB: /apps/spack/zlib/1.2.11/intel/19.1.3.304/hjotqkckeoyt6j6tibalwzrlfljcjtdh/lib/libz.so (found version "1.2.11") 
-- Found PNG: /apps/spack/libpng/1.6.37/intel/19.1.3.304/4ohkronuhlyherusoszzrmur5ewvlwzh/lib/libpng.so (found version "1.6.37") 
-- Found g2: /apps/ops/prod/libs/intel/19.1.3.304/g2/3.4.1/lib/libg2_4.a (found version "3.4.0")
-- Found bacio: /apps/ops/prod/libs/intel/19.1.3.304/bacio/2.4.1/lib/libbacio_4.a (found version "2.4.0")
-- Found bacio: /apps/ops/prod/libs/intel/19.1.3.304/bacio/2.4.1/lib/libbacio_4.a (found version "2.4.0")
-- Found w3emc: /apps/ops/prod/libs/intel/19.1.3.304/w3emc/2.9.2/lib64/libw3emc_4.a (found version "2.9.2")
-- Configuring done
-- Generating done
-- Build files have been written to: /lfs/h2/emc/couple/noscrub/saeideh.banihashemi/glwu/glwu.v2.0.0/sorc/WW3.fd/build_DIST
+ rc=0
+ [[ 0 -ne 0 ]]
+ make -j 8
Scanning dependencies of target ww3_lib
[  1%] Building Fortran object model/src/CMakeFiles/ww3_lib.dir/SCRIP/scrip_kindsmod.f90.o
[  2%] Building Fortran object model/src/CMakeFiles/ww3_lib.dir/constants.F90.o
[  3%] Building Fortran object model/src/CMakeFiles/ww3_lib.dir/w3metamd.F90.o
[  4%] Building Fortran object model/src/CMakeFiles/ww3_lib.dir/w3uqckmd.F90.o
[  5%] Building Fortran object model/src/CMakeFiles/ww3_lib.dir/SCRIP/scrip_constants.f.o
[  5%] Building Fortran object model/src/CMakeFiles/ww3_lib.dir/SCRIP/scrip_iounitsmod.f90.o
[  6%] Building Fortran object model/src/CMakeFiles/ww3_lib.dir/SCRIP/scrip_timers.f.o
[  8%] Building Fortran object model/src/CMakeFiles/ww3_lib.dir/w3strkmd.F90.o
[  8%] Building Fortran object model/src/CMakeFiles/ww3_lib.dir/w3servmd.F90.o
[  9%] Building Fortran object model/src/CMakeFiles/ww3_lib.dir/SCRIP/scrip_errormod.f90.o
[ 11%] Building Fortran object model/src/CMakeFiles/ww3_lib.dir/SCRIP/scrip_grids.f.o
[ 11%] Building Fortran object model/src/CMakeFiles/ww3_lib.dir/SCRIP/scrip_netcdfmod.f90.o
[ 12%] Building Fortran object model/src/CMakeFiles/ww3_lib.dir/w3gsrumd.F90.o
[ 13%] Building Fortran object model/src/CMakeFiles/ww3_lib.dir/w3arrymd.F90.o
[ 13%] Building Fortran object model/src/CMakeFiles/ww3_lib.dir/w3cspcmd.F90.o
[ 14%] Building Fortran object model/src/CMakeFiles/ww3_lib.dir/wmunitmd.F90.o
/lfs/h2/emc/couple/noscrub/saeideh.banihashemi/glwu/glwu.v2.0.0/sorc/WW3.fd/model/src/w3arrymd.F90(2255): remark #8291: Recommended relationship between field width 'W' and the number of fractional digits 'D' in this edit descriptor is 'W>=D+7'.
               '  Spectrum : ',A,'  Units : ',E8.3,1X,A,        &
-----------------------------------------------^
/lfs/h2/emc/couple/noscrub/saeideh.banihashemi/glwu/glwu.v2.0.0/sorc/WW3.fd/model/src/w3arrymd.F90(2256): remark #8291: Recommended relationship between field width 'W' and the number of fractional digits 'D' in this edit descriptor is 'W>=D+7'.
               '  Maximum value : ',E8.3,1X,A/)
-------------------------------------^
/lfs/h2/emc/couple/noscrub/saeideh.banihashemi/glwu/glwu.v2.0.0/sorc/WW3.fd/model/src/w3arrymd.F90(2253): remark #8291: Recommended relationship between field width 'W' and the number of fractional digits 'D' in this edit descriptor is 'W>=D+7'.
               '  Maximum value : ',E8.3,1X,A/)
-------------------------------------^
[ 15%] Building Fortran object model/src/CMakeFiles/ww3_lib.dir/SCRIP/scrip_remap_vars.f.o
[ 16%] Building Fortran object model/src/CMakeFiles/ww3_lib.dir/SCRIP/scrip_remap_conservative.f.o
[ 16%] Building Fortran object model/src/CMakeFiles/ww3_lib.dir/SCRIP/scrip_remap_read.f.o
[ 17%] Building Fortran object model/src/CMakeFiles/ww3_lib.dir/SCRIP/scrip_remap_write.f.o
[ 18%] Building Fortran object model/src/CMakeFiles/ww3_lib.dir/SCRIP/scrip_interface.F90.o
[ 19%] Building Fortran object model/src/CMakeFiles/ww3_lib.dir/w3gdatmd.F90.o
[ 20%] Building Fortran object model/src/CMakeFiles/ww3_lib.dir/w3idatmd.F90.o
[ 21%] Building Fortran object model/src/CMakeFiles/ww3_lib.dir/wmscrpmd.F90.o
[ 21%] Building Fortran object model/src/CMakeFiles/ww3_lib.dir/w3odatmd.F90.o
[ 21%] Building Fortran object model/src/CMakeFiles/ww3_lib.dir/w3sbt1md.F90.o
[ 23%] Building Fortran object model/src/CMakeFiles/ww3_lib.dir/w3timemd.F90.o
[ 23%] Building Fortran object model/src/CMakeFiles/ww3_lib.dir/w3adatmd.F90.o
[ 25%] Building Fortran object model/src/CMakeFiles/ww3_lib.dir/w3nmlgridmd.F90.o
[ 27%] Building Fortran object model/src/CMakeFiles/ww3_lib.dir/w3nmlbouncmd.F90.o
[ 27%] Building Fortran object model/src/CMakeFiles/ww3_lib.dir/w3nmlboundmd.F90.o
[ 27%] Building Fortran object model/src/CMakeFiles/ww3_lib.dir/w3dispmd.F90.o
[ 28%] Building Fortran object model/src/CMakeFiles/ww3_lib.dir/wmmdatmd.F90.o
[ 29%] Building Fortran object model/src/CMakeFiles/ww3_lib.dir/w3nmlounfmd.F90.o
[ 29%] Building Fortran object model/src/CMakeFiles/ww3_lib.dir/w3nmlounpmd.F90.o
[ 30%] Building Fortran object model/src/CMakeFiles/ww3_lib.dir/w3nmlprncmd.F90.o
[ 31%] Building Fortran object model/src/CMakeFiles/ww3_lib.dir/w3nmltrncmd.F90.o
[ 32%] Building Fortran object model/src/CMakeFiles/ww3_lib.dir/w3nmluprstrmd.F90.o
[ 33%] Building Fortran object model/src/CMakeFiles/ww3_lib.dir/w3sdb1md.F90.o
[ 34%] Building Fortran object model/src/CMakeFiles/ww3_lib.dir/w3sln1md.F90.o
[ 35%] Building Fortran object model/src/CMakeFiles/ww3_lib.dir/w3tidemd.F90.o
[ 36%] Building Fortran object model/src/CMakeFiles/ww3_lib.dir/w3fldsmd.F90.o
/lfs/h2/emc/couple/noscrub/saeideh.banihashemi/glwu/glwu.v2.0.0/sorc/WW3.fd/model/src/w3tidemd.F90(826): remark #8291: Recommended relationship between field width 'W' and the number of fractional digits 'D' in this edit descriptor is 'W>=D+7'.
        READ(KR1,'(4X,A5,E16.10,i5)')TIDE_KONAN(K),TIDE_SIGAN(K),TIDE_NINF(k)
[ 37%] Building Fortran object model/src/CMakeFiles/ww3_lib.dir/w3snl3md.F90.o
--------------------------^
/lfs/h2/emc/couple/noscrub/saeideh.banihashemi/glwu/glwu.v2.0.0/sorc/WW3.fd/model/src/w3tidemd.F90(830): remark #8291: Recommended relationship between field width 'W' and the number of fractional digits 'D' in this edit descriptor is 'W>=D+7'.
          read(kr1,'(4X,A5,E16.10,2F10.3)') TIDE_KONIN(K,k2),TIDE_SIGIN(K,k2),TIDE_R(K,k2),TIDE_ZETA(K,k2)
----------------------------^
[ 38%] Building Fortran object model/src/CMakeFiles/ww3_lib.dir/w3src4md.F90.o
[ 38%] Building Fortran object model/src/CMakeFiles/ww3_lib.dir/w3partmd.F90.o
[ 39%] Building Fortran object model/src/CMakeFiles/ww3_lib.dir/w3nmlshelmd.F90.o
[ 40%] Building Fortran object model/src/CMakeFiles/ww3_lib.dir/wmfinlmd.F90.o
[ 41%] Building Fortran object model/src/CMakeFiles/ww3_lib.dir/w3nmlmultimd.F90.o
[ 42%] Building Fortran object model/src/CMakeFiles/ww3_lib.dir/w3parall.F90.o
[ 44%] Building Fortran object model/src/CMakeFiles/ww3_lib.dir/w3iogrmd.F90.o
[ 44%] Building Fortran object model/src/CMakeFiles/ww3_lib.dir/w3triamd.F90.o
[ 45%] Building Fortran object model/src/CMakeFiles/ww3_lib.dir/w3wdatmd.F90.o
[ 47%] Building Fortran object model/src/CMakeFiles/ww3_lib.dir/w3bullmd.F90.o
[ 47%] Building Fortran object model/src/CMakeFiles/ww3_lib.dir/w3iogomd.F90.o
[ 48%] Building Fortran object model/src/CMakeFiles/ww3_lib.dir/w3iotrmd.F90.o
[ 50%] Building Fortran object model/src/CMakeFiles/ww3_lib.dir/w3iosfmd.F90.o
[ 50%] Building Fortran object model/src/CMakeFiles/ww3_lib.dir/w3profsmd.F90.o
[ 50%] Building Fortran object model/src/CMakeFiles/ww3_lib.dir/w3pro3md.F90.o
[ 51%] Building Fortran object model/src/CMakeFiles/ww3_lib.dir/w3srcemd.F90.o
[ 52%] Building Fortran object model/src/CMakeFiles/ww3_lib.dir/w3updtmd.F90.o
[ 53%] Building Fortran object model/src/CMakeFiles/ww3_lib.dir/w3wdasmd.F90.o
[ 54%] Building Fortran object model/src/CMakeFiles/ww3_lib.dir/wmupdtmd.F90.o
[ 55%] Building Fortran object model/src/CMakeFiles/ww3_lib.dir/wmgridmd.F90.o
[ 56%] Building Fortran object model/src/CMakeFiles/ww3_lib.dir/w3iopomd.F90.o
[ 57%] Building Fortran object model/src/CMakeFiles/ww3_lib.dir/w3iorsmd.F90.o
[ 58%] Building Fortran object model/src/CMakeFiles/ww3_lib.dir/w3iobcmd.F90.o
[ 59%] Building Fortran object model/src/CMakeFiles/ww3_lib.dir/wminiomd.F90.o
[ 60%] Building Fortran object model/src/CMakeFiles/ww3_lib.dir/w3gridmd.F90.o
/lfs/h2/emc/couple/noscrub/saeideh.banihashemi/glwu/glwu.v2.0.0/sorc/WW3.fd/model/src/w3gridmd.F90(6517): remark #8291: Recommended relationship between field width 'W' and the number of fractional digits 'D' in this edit descriptor is 'W>=D+7'.
               ', SDSCUMP =', F3.1,', SDSNUW =', E8.3,', '/,     &
--------------------------------------------------^
/lfs/h2/emc/couple/noscrub/saeideh.banihashemi/glwu/glwu.v2.0.0/sorc/WW3.fd/model/src/w3gridmd.F90(6410): remark #8291: Recommended relationship between field width 'W' and the number of fractional digits 'D' in this edit descriptor is 'W>=D+7'.
 6923 FORMAT ( '                 ',2(F5.3,', '),F5.1,', ',E10.4, &
-----------------------------------------------------------^
/lfs/h2/emc/couple/noscrub/saeideh.banihashemi/glwu/glwu.v2.0.0/sorc/WW3.fd/model/src/w3gridmd.F90(6411): remark #8291: Recommended relationship between field width 'W' and the number of fractional digits 'D' in this edit descriptor is 'W>=D+7'.
               ', ',E10.4,' /')
---------------------^
/lfs/h2/emc/couple/noscrub/saeideh.banihashemi/glwu/glwu.v2.0.0/sorc/WW3.fd/model/src/w3gridmd.F90(6408): remark #8291: Recommended relationship between field width 'W' and the number of fractional digits 'D' in this edit descriptor is 'W>=D+7'.
 5923 FORMAT ( '                 ',2(F5.3,', '),F5.1,', ',E10.4, &
-----------------------------------------------------------^
/lfs/h2/emc/couple/noscrub/saeideh.banihashemi/glwu/glwu.v2.0.0/sorc/WW3.fd/model/src/w3gridmd.F90(6409): remark #8291: Recommended relationship between field width 'W' and the number of fractional digits 'D' in this edit descriptor is 'W>=D+7'.
               ', ',E10.4,' ,')
---------------------^
/lfs/h2/emc/couple/noscrub/saeideh.banihashemi/glwu/glwu.v2.0.0/sorc/WW3.fd/model/src/w3gridmd.F90(6406): remark #8291: Recommended relationship between field width 'W' and the number of fractional digits 'D' in this edit descriptor is 'W>=D+7'.
 4923 FORMAT ( '  &ANL3 QPARMS = ',2(F5.3,', '),F5.1,', ',E10.4, &
-----------------------------------------------------------^
/lfs/h2/emc/couple/noscrub/saeideh.banihashemi/glwu/glwu.v2.0.0/sorc/WW3.fd/model/src/w3gridmd.F90(6407): remark #8291: Recommended relationship between field width 'W' and the number of fractional digits 'D' in this edit descriptor is 'W>=D+7'.
               ', ',E10.4,' ,')
---------------------^
/lfs/h2/emc/couple/noscrub/saeideh.banihashemi/glwu/glwu.v2.0.0/sorc/WW3.fd/model/src/w3gridmd.F90(6404): remark #8291: Recommended relationship between field width 'W' and the number of fractional digits 'D' in this edit descriptor is 'W>=D+7'.
 3923 FORMAT ( '  &ANL3 QPARMS = ',2(F5.3,', '),F5.1,', ',E10.4, &
-----------------------------------------------------------^
/lfs/h2/emc/couple/noscrub/saeideh.banihashemi/glwu/glwu.v2.0.0/sorc/WW3.fd/model/src/w3gridmd.F90(6405): remark #8291: Recommended relationship between field width 'W' and the number of fractional digits 'D' in this edit descriptor is 'W>=D+7'.
               ', ',E10.4,' /')
---------------------^
[ 60%] Building Fortran object model/src/CMakeFiles/ww3_lib.dir/w3initmd.F90.o
[ 61%] Building Fortran object model/src/CMakeFiles/ww3_lib.dir/w3wavemd.F90.o
[ 61%] Building Fortran object model/src/CMakeFiles/ww3_lib.dir/w3ounfmetamd.F90.o
[ 62%] Building Fortran object model/src/CMakeFiles/ww3_lib.dir/wmiopomd.F90.o
[ 63%] Building Fortran object model/src/CMakeFiles/ww3_lib.dir/wmwavemd.F90.o
[ 63%] Building Fortran object model/src/CMakeFiles/ww3_lib.dir/wminitmd.F90.o
[ 64%] Linking Fortran static library ../../lib/libww3.a
[ 64%] Built target ww3_lib
Scanning dependencies of target ww3_multi
Scanning dependencies of target ww3_bounc
Scanning dependencies of target ww3_systrk
Scanning dependencies of target ww3_ounf
Scanning dependencies of target ww3_uprstr
Scanning dependencies of target ww3_prep
Scanning dependencies of target ww3_gspl
Scanning dependencies of target ww3_ounp
[ 65%] Building Fortran object model/src/CMakeFiles/ww3_multi.dir/ww3_multi.F90.o
[ 68%] Building Fortran object model/src/CMakeFiles/ww3_systrk.dir/ww3_systrk.F90.o
[ 68%] Building Fortran object model/src/CMakeFiles/ww3_bounc.dir/ww3_bounc.F90.o
[ 68%] Building Fortran object model/src/CMakeFiles/ww3_ounf.dir/ww3_ounf.F90.o
[ 70%] Building Fortran object model/src/CMakeFiles/ww3_uprstr.dir/ww3_uprstr.F90.o
[ 71%] Building Fortran object model/src/CMakeFiles/ww3_gspl.dir/ww3_gspl.F90.o
[ 71%] Building Fortran object model/src/CMakeFiles/ww3_prep.dir/ww3_prep.F90.o
[ 72%] Building Fortran object model/src/CMakeFiles/ww3_ounp.dir/ww3_ounp.F90.o
[ 73%] Linking Fortran executable ../../bin/ww3_multi
/usr/lib64/gcc/x86_64-suse-linux/7/../../../../x86_64-suse-linux/bin/ld: warning: libjpeg.so.62, needed by /apps/spack/jasper/2.0.25/intel/19.1.3.304/sjib74krrorkyczqpqah4tvewmlnqdx4/lib64/libjasper.so, may conflict with libjpeg.so.9
[ 73%] Built target ww3_multi
Scanning dependencies of target ww3_trnc
[ 74%] Building Fortran object model/src/CMakeFiles/ww3_trnc.dir/ww3_trnc.F90.o
[ 75%] Linking Fortran executable ../../bin/ww3_bounc
/usr/lib64/gcc/x86_64-suse-linux/7/../../../../x86_64-suse-linux/bin/ld: warning: libjpeg.so.62, needed by /apps/spack/jasper/2.0.25/intel/19.1.3.304/sjib74krrorkyczqpqah4tvewmlnqdx4/lib64/libjasper.so, may conflict with libjpeg.so.9
[ 76%] Linking Fortran executable ../../bin/ww3_trnc
[ 76%] Built target ww3_bounc
[ 76%] Linking Fortran executable ../../bin/ww3_systrk
Scanning dependencies of target ww3_outf
[ 77%] Building Fortran object model/src/CMakeFiles/ww3_outf.dir/ww3_outf.F90.o
/lfs/h2/emc/couple/noscrub/saeideh.banihashemi/glwu/glwu.v2.0.0/sorc/WW3.fd/model/src/ww3_outf.F90(2380): remark #8291: Recommended relationship between field width 'W' and the number of fractional digits 'D' in this edit descriptor is 'W>=D+7'.
                       WRITE(FSCS,'(G7.1)') FSC
-------------------------------------^
/usr/lib64/gcc/x86_64-suse-linux/7/../../../../x86_64-suse-linux/bin/ld: warning: libjpeg.so.62, needed by /apps/spack/jasper/2.0.25/intel/19.1.3.304/sjib74krrorkyczqpqah4tvewmlnqdx4/lib64/libjasper.so, may conflict with libjpeg.so.9
/usr/lib64/gcc/x86_64-suse-linux/7/../../../../x86_64-suse-linux/bin/ld: warning: libjpeg.so.62, needed by /apps/spack/jasper/2.0.25/intel/19.1.3.304/sjib74krrorkyczqpqah4tvewmlnqdx4/lib64/libjasper.so, may conflict with libjpeg.so.9
[ 77%] Built target ww3_trnc
Scanning dependencies of target ww3_bound
[ 77%] Building Fortran object model/src/CMakeFiles/ww3_bound.dir/ww3_bound.F90.o
[ 77%] Built target ww3_systrk
Scanning dependencies of target ww3_outp
[ 78%] Building Fortran object model/src/CMakeFiles/ww3_outp.dir/ww3_outp.F90.o
[ 79%] Linking Fortran executable ../../bin/ww3_uprstr
/usr/lib64/gcc/x86_64-suse-linux/7/../../../../x86_64-suse-linux/bin/ld: warning: libjpeg.so.62, needed by /apps/spack/jasper/2.0.25/intel/19.1.3.304/sjib74krrorkyczqpqah4tvewmlnqdx4/lib64/libjasper.so, may conflict with libjpeg.so.9
[ 80%] Linking Fortran executable ../../bin/ww3_prep
[ 81%] Linking Fortran executable ../../bin/ww3_bound
[ 81%] Built target ww3_uprstr
Scanning dependencies of target gx_outf
[ 81%] Building Fortran object model/src/CMakeFiles/gx_outf.dir/gx_outf.F90.o
[ 82%] Linking Fortran executable ../../bin/ww3_gspl
/usr/lib64/gcc/x86_64-suse-linux/7/../../../../x86_64-suse-linux/bin/ld: warning: libjpeg.so.62, needed by /apps/spack/jasper/2.0.25/intel/19.1.3.304/sjib74krrorkyczqpqah4tvewmlnqdx4/lib64/libjasper.so, may conflict with libjpeg.so.9
/usr/lib64/gcc/x86_64-suse-linux/7/../../../../x86_64-suse-linux/bin/ld: warning: libjpeg.so.62, needed by /apps/spack/jasper/2.0.25/intel/19.1.3.304/sjib74krrorkyczqpqah4tvewmlnqdx4/lib64/libjasper.so, may conflict with libjpeg.so.9
[ 82%] Built target ww3_prep
Scanning dependencies of target ww3_grid
[ 83%] Building Fortran object model/src/CMakeFiles/ww3_grid.dir/ww3_grid.F90.o
[ 83%] Built target ww3_bound
/usr/lib64/gcc/x86_64-suse-linux/7/../../../../x86_64-suse-linux/bin/ld: warning: libjpeg.so.62, needed by /apps/spack/jasper/2.0.25/intel/19.1.3.304/sjib74krrorkyczqpqah4tvewmlnqdx4/lib64/libjasper.so, may conflict with libjpeg.so.9
Scanning dependencies of target ww3_trck
[ 84%] Building Fortran object model/src/CMakeFiles/ww3_trck.dir/ww3_trck.F90.o
[ 84%] Linking Fortran executable ../../bin/ww3_grid
[ 84%] Built target ww3_gspl
Scanning dependencies of target ww3_prnc
[ 84%] Building Fortran object model/src/CMakeFiles/ww3_prnc.dir/ww3_prnc.F90.o
[ 85%] Linking Fortran executable ../../bin/ww3_trck
/usr/lib64/gcc/x86_64-suse-linux/7/../../../../x86_64-suse-linux/bin/ld: warning: libjpeg.so.62, needed by /apps/spack/jasper/2.0.25/intel/19.1.3.304/sjib74krrorkyczqpqah4tvewmlnqdx4/lib64/libjasper.so, may conflict with libjpeg.so.9
[ 85%] Built target ww3_grid
/usr/lib64/gcc/x86_64-suse-linux/7/../../../../x86_64-suse-linux/bin/ld: warning: libjpeg.so.62, needed by /apps/spack/jasper/2.0.25/intel/19.1.3.304/sjib74krrorkyczqpqah4tvewmlnqdx4/lib64/libjasper.so, may conflict with libjpeg.so.9
Scanning dependencies of target ww3_grib
[ 86%] Building Fortran object model/src/CMakeFiles/ww3_grib.dir/ww3_grib.F90.o
[ 86%] Built target ww3_trck
Scanning dependencies of target ww3_gint
[ 87%] Building Fortran object model/src/CMakeFiles/ww3_gint.dir/ww3_gint.F90.o
[ 88%] Linking Fortran executable ../../bin/ww3_outp
/usr/lib64/gcc/x86_64-suse-linux/7/../../../../x86_64-suse-linux/bin/ld: warning: libjpeg.so.62, needed by /apps/spack/jasper/2.0.25/intel/19.1.3.304/sjib74krrorkyczqpqah4tvewmlnqdx4/lib64/libjasper.so, may conflict with libjpeg.so.9
[ 88%] Built target ww3_outp
Scanning dependencies of target ww3_strt
[ 89%] Building Fortran object model/src/CMakeFiles/ww3_strt.dir/ww3_strt.F90.o
[ 90%] Linking Fortran executable ../../bin/ww3_strt
/usr/lib64/gcc/x86_64-suse-linux/7/../../../../x86_64-suse-linux/bin/ld: warning: libjpeg.so.62, needed by /apps/spack/jasper/2.0.25/intel/19.1.3.304/sjib74krrorkyczqpqah4tvewmlnqdx4/lib64/libjasper.so, may conflict with libjpeg.so.9
[ 90%] Built target ww3_strt
Scanning dependencies of target ww3_shel
[ 91%] Building Fortran object model/src/CMakeFiles/ww3_shel.dir/ww3_shel.F90.o
[ 92%] Linking Fortran executable ../../bin/gx_outf
/usr/lib64/gcc/x86_64-suse-linux/7/../../../../x86_64-suse-linux/bin/ld: warning: libjpeg.so.62, needed by /apps/spack/jasper/2.0.25/intel/19.1.3.304/sjib74krrorkyczqpqah4tvewmlnqdx4/lib64/libjasper.so, may conflict with libjpeg.so.9
[ 92%] Built target gx_outf
Scanning dependencies of target gx_outp
[ 93%] Building Fortran object model/src/CMakeFiles/gx_outp.dir/gx_outp.F90.o
[ 94%] Linking Fortran executable ../../bin/gx_outp
[ 95%] Linking Fortran executable ../../bin/ww3_grib
/usr/lib64/gcc/x86_64-suse-linux/7/../../../../x86_64-suse-linux/bin/ld: warning: libjpeg.so.62, needed by /apps/spack/jasper/2.0.25/intel/19.1.3.304/sjib74krrorkyczqpqah4tvewmlnqdx4/lib64/libjasper.so, may conflict with libjpeg.so.9
/usr/lib64/gcc/x86_64-suse-linux/7/../../../../x86_64-suse-linux/bin/ld: warning: libjpeg.so.62, needed by /apps/spack/jasper/2.0.25/intel/19.1.3.304/sjib74krrorkyczqpqah4tvewmlnqdx4/lib64/libjasper.so, may conflict with libjpeg.so.9
[ 95%] Built target gx_outp
[ 95%] Built target ww3_grib
[ 96%] Linking Fortran executable ../../bin/ww3_prnc
/usr/lib64/gcc/x86_64-suse-linux/7/../../../../x86_64-suse-linux/bin/ld: warning: libjpeg.so.62, needed by /apps/spack/jasper/2.0.25/intel/19.1.3.304/sjib74krrorkyczqpqah4tvewmlnqdx4/lib64/libjasper.so, may conflict with libjpeg.so.9
[ 96%] Built target ww3_prnc
[ 97%] Linking Fortran executable ../../bin/ww3_shel
/usr/lib64/gcc/x86_64-suse-linux/7/../../../../x86_64-suse-linux/bin/ld: warning: libjpeg.so.62, needed by /apps/spack/jasper/2.0.25/intel/19.1.3.304/sjib74krrorkyczqpqah4tvewmlnqdx4/lib64/libjasper.so, may conflict with libjpeg.so.9
[ 97%] Built target ww3_shel
[ 97%] Linking Fortran executable ../../bin/ww3_ounp
/usr/lib64/gcc/x86_64-suse-linux/7/../../../../x86_64-suse-linux/bin/ld: warning: libjpeg.so.62, needed by /apps/spack/jasper/2.0.25/intel/19.1.3.304/sjib74krrorkyczqpqah4tvewmlnqdx4/lib64/libjasper.so, may conflict with libjpeg.so.9
[ 97%] Built target ww3_ounp
[ 98%] Linking Fortran executable ../../bin/ww3_ounf
/usr/lib64/gcc/x86_64-suse-linux/7/../../../../x86_64-suse-linux/bin/ld: warning: libjpeg.so.62, needed by /apps/spack/jasper/2.0.25/intel/19.1.3.304/sjib74krrorkyczqpqah4tvewmlnqdx4/lib64/libjasper.so, may conflict with libjpeg.so.9
[ 98%] Built target ww3_ounf
[ 99%] Linking Fortran executable ../../bin/ww3_outf
/usr/lib64/gcc/x86_64-suse-linux/7/../../../../x86_64-suse-linux/bin/ld: warning: libjpeg.so.62, needed by /apps/spack/jasper/2.0.25/intel/19.1.3.304/sjib74krrorkyczqpqah4tvewmlnqdx4/lib64/libjasper.so, may conflict with libjpeg.so.9
[ 99%] Built target ww3_outf
[100%] Linking Fortran executable ../../bin/ww3_gint
/usr/lib64/gcc/x86_64-suse-linux/7/../../../../x86_64-suse-linux/bin/ld: warning: libjpeg.so.62, needed by /apps/spack/jasper/2.0.25/intel/19.1.3.304/sjib74krrorkyczqpqah4tvewmlnqdx4/lib64/libjasper.so, may conflict with libjpeg.so.9
[100%] Built target ww3_gint
+ rc=0
+ [[ 0 -ne 0 ]]
+ make install
[ 64%] Built target ww3_lib
[ 66%] Built target ww3_bounc
[ 68%] Built target ww3_ounf
[ 69%] Built target ww3_systrk
[ 71%] Built target ww3_multi
[ 72%] Built target ww3_ounp
[ 74%] Built target ww3_gspl
[ 76%] Built target ww3_prep
[ 78%] Built target ww3_uprstr
[ 80%] Built target ww3_trnc
[ 82%] Built target ww3_outf
[ 83%] Built target ww3_bound
[ 85%] Built target ww3_outp
[ 86%] Built target gx_outf
[ 87%] Built target ww3_grid
[ 89%] Built target ww3_trck
[ 90%] Built target ww3_prnc
[ 92%] Built target ww3_grib
[ 94%] Built target ww3_gint
[ 96%] Built target ww3_strt
[ 98%] Built target ww3_shel
[100%] Built target gx_outp
Install the project...
-- Install configuration: "Release"
-- Installing: /lfs/h2/emc/couple/noscrub/saeideh.banihashemi/glwu/glwu.v2.0.0/sorc/WW3.fd/build_DIST/install/bin/ww3_strt
-- Set runtime path of "/lfs/h2/emc/couple/noscrub/saeideh.banihashemi/glwu/glwu.v2.0.0/sorc/WW3.fd/build_DIST/install/bin/ww3_strt" to ""
-- Installing: /lfs/h2/emc/couple/noscrub/saeideh.banihashemi/glwu/glwu.v2.0.0/sorc/WW3.fd/build_DIST/install/bin/ww3_grid
-- Set runtime path of "/lfs/h2/emc/couple/noscrub/saeideh.banihashemi/glwu/glwu.v2.0.0/sorc/WW3.fd/build_DIST/install/bin/ww3_grid" to ""
-- Installing: /lfs/h2/emc/couple/noscrub/saeideh.banihashemi/glwu/glwu.v2.0.0/sorc/WW3.fd/build_DIST/install/bin/ww3_bound
-- Set runtime path of "/lfs/h2/emc/couple/noscrub/saeideh.banihashemi/glwu/glwu.v2.0.0/sorc/WW3.fd/build_DIST/install/bin/ww3_bound" to ""
-- Installing: /lfs/h2/emc/couple/noscrub/saeideh.banihashemi/glwu/glwu.v2.0.0/sorc/WW3.fd/build_DIST/install/bin/ww3_outf
-- Set runtime path of "/lfs/h2/emc/couple/noscrub/saeideh.banihashemi/glwu/glwu.v2.0.0/sorc/WW3.fd/build_DIST/install/bin/ww3_outf" to ""
-- Installing: /lfs/h2/emc/couple/noscrub/saeideh.banihashemi/glwu/glwu.v2.0.0/sorc/WW3.fd/build_DIST/install/bin/ww3_outp
-- Set runtime path of "/lfs/h2/emc/couple/noscrub/saeideh.banihashemi/glwu/glwu.v2.0.0/sorc/WW3.fd/build_DIST/install/bin/ww3_outp" to ""
-- Installing: /lfs/h2/emc/couple/noscrub/saeideh.banihashemi/glwu/glwu.v2.0.0/sorc/WW3.fd/build_DIST/install/bin/ww3_trck
-- Set runtime path of "/lfs/h2/emc/couple/noscrub/saeideh.banihashemi/glwu/glwu.v2.0.0/sorc/WW3.fd/build_DIST/install/bin/ww3_trck" to ""
-- Installing: /lfs/h2/emc/couple/noscrub/saeideh.banihashemi/glwu/glwu.v2.0.0/sorc/WW3.fd/build_DIST/install/bin/ww3_grib
-- Set runtime path of "/lfs/h2/emc/couple/noscrub/saeideh.banihashemi/glwu/glwu.v2.0.0/sorc/WW3.fd/build_DIST/install/bin/ww3_grib" to ""
-- Installing: /lfs/h2/emc/couple/noscrub/saeideh.banihashemi/glwu/glwu.v2.0.0/sorc/WW3.fd/build_DIST/install/bin/ww3_gint
-- Set runtime path of "/lfs/h2/emc/couple/noscrub/saeideh.banihashemi/glwu/glwu.v2.0.0/sorc/WW3.fd/build_DIST/install/bin/ww3_gint" to ""
-- Installing: /lfs/h2/emc/couple/noscrub/saeideh.banihashemi/glwu/glwu.v2.0.0/sorc/WW3.fd/build_DIST/install/bin/gx_outf
-- Set runtime path of "/lfs/h2/emc/couple/noscrub/saeideh.banihashemi/glwu/glwu.v2.0.0/sorc/WW3.fd/build_DIST/install/bin/gx_outf" to ""
-- Installing: /lfs/h2/emc/couple/noscrub/saeideh.banihashemi/glwu/glwu.v2.0.0/sorc/WW3.fd/build_DIST/install/bin/gx_outp
-- Set runtime path of "/lfs/h2/emc/couple/noscrub/saeideh.banihashemi/glwu/glwu.v2.0.0/sorc/WW3.fd/build_DIST/install/bin/gx_outp" to ""
-- Installing: /lfs/h2/emc/couple/noscrub/saeideh.banihashemi/glwu/glwu.v2.0.0/sorc/WW3.fd/build_DIST/install/bin/ww3_uprstr
-- Set runtime path of "/lfs/h2/emc/couple/noscrub/saeideh.banihashemi/glwu/glwu.v2.0.0/sorc/WW3.fd/build_DIST/install/bin/ww3_uprstr" to ""
-- Installing: /lfs/h2/emc/couple/noscrub/saeideh.banihashemi/glwu/glwu.v2.0.0/sorc/WW3.fd/build_DIST/install/bin/ww3_shel
-- Set runtime path of "/lfs/h2/emc/couple/noscrub/saeideh.banihashemi/glwu/glwu.v2.0.0/sorc/WW3.fd/build_DIST/install/bin/ww3_shel" to ""
-- Installing: /lfs/h2/emc/couple/noscrub/saeideh.banihashemi/glwu/glwu.v2.0.0/sorc/WW3.fd/build_DIST/install/bin/ww3_prep
-- Set runtime path of "/lfs/h2/emc/couple/noscrub/saeideh.banihashemi/glwu/glwu.v2.0.0/sorc/WW3.fd/build_DIST/install/bin/ww3_prep" to ""
-- Installing: /lfs/h2/emc/couple/noscrub/saeideh.banihashemi/glwu/glwu.v2.0.0/sorc/WW3.fd/build_DIST/install/bin/ww3_gspl
-- Set runtime path of "/lfs/h2/emc/couple/noscrub/saeideh.banihashemi/glwu/glwu.v2.0.0/sorc/WW3.fd/build_DIST/install/bin/ww3_gspl" to ""
-- Installing: /lfs/h2/emc/couple/noscrub/saeideh.banihashemi/glwu/glwu.v2.0.0/sorc/WW3.fd/build_DIST/install/bin/ww3_multi
-- Set runtime path of "/lfs/h2/emc/couple/noscrub/saeideh.banihashemi/glwu/glwu.v2.0.0/sorc/WW3.fd/build_DIST/install/bin/ww3_multi" to ""
-- Installing: /lfs/h2/emc/couple/noscrub/saeideh.banihashemi/glwu/glwu.v2.0.0/sorc/WW3.fd/build_DIST/install/bin/ww3_systrk
-- Set runtime path of "/lfs/h2/emc/couple/noscrub/saeideh.banihashemi/glwu/glwu.v2.0.0/sorc/WW3.fd/build_DIST/install/bin/ww3_systrk" to ""
-- Installing: /lfs/h2/emc/couple/noscrub/saeideh.banihashemi/glwu/glwu.v2.0.0/sorc/WW3.fd/build_DIST/install/bin/ww3_ounf
-- Set runtime path of "/lfs/h2/emc/couple/noscrub/saeideh.banihashemi/glwu/glwu.v2.0.0/sorc/WW3.fd/build_DIST/install/bin/ww3_ounf" to ""
-- Installing: /lfs/h2/emc/couple/noscrub/saeideh.banihashemi/glwu/glwu.v2.0.0/sorc/WW3.fd/build_DIST/install/bin/ww3_ounp
-- Set runtime path of "/lfs/h2/emc/couple/noscrub/saeideh.banihashemi/glwu/glwu.v2.0.0/sorc/WW3.fd/build_DIST/install/bin/ww3_ounp" to ""
-- Installing: /lfs/h2/emc/couple/noscrub/saeideh.banihashemi/glwu/glwu.v2.0.0/sorc/WW3.fd/build_DIST/install/bin/ww3_bounc
-- Set runtime path of "/lfs/h2/emc/couple/noscrub/saeideh.banihashemi/glwu/glwu.v2.0.0/sorc/WW3.fd/build_DIST/install/bin/ww3_bounc" to ""
-- Installing: /lfs/h2/emc/couple/noscrub/saeideh.banihashemi/glwu/glwu.v2.0.0/sorc/WW3.fd/build_DIST/install/bin/ww3_trnc
-- Set runtime path of "/lfs/h2/emc/couple/noscrub/saeideh.banihashemi/glwu/glwu.v2.0.0/sorc/WW3.fd/build_DIST/install/bin/ww3_trnc" to ""
-- Installing: /lfs/h2/emc/couple/noscrub/saeideh.banihashemi/glwu/glwu.v2.0.0/sorc/WW3.fd/build_DIST/install/bin/ww3_prnc
-- Set runtime path of "/lfs/h2/emc/couple/noscrub/saeideh.banihashemi/glwu/glwu.v2.0.0/sorc/WW3.fd/build_DIST/install/bin/ww3_prnc" to ""
-- Installing: /lfs/h2/emc/couple/noscrub/saeideh.banihashemi/glwu/glwu.v2.0.0/sorc/WW3.fd/build_DIST/install/lib/libww3.a
-- Installing: /lfs/h2/emc/couple/noscrub/saeideh.banihashemi/glwu/glwu.v2.0.0/sorc/WW3.fd/build_DIST/install/switch
-- Installing: /lfs/h2/emc/couple/noscrub/saeideh.banihashemi/glwu/glwu.v2.0.0/sorc/WW3.fd/build_DIST/install/mod
-- Installing: /lfs/h2/emc/couple/noscrub/saeideh.banihashemi/glwu/glwu.v2.0.0/sorc/WW3.fd/build_DIST/install/mod/w3pro3md.mod
-- Installing: /lfs/h2/emc/couple/noscrub/saeideh.banihashemi/glwu/glwu.v2.0.0/sorc/WW3.fd/build_DIST/install/mod/w3wdasmd.mod
-- Installing: /lfs/h2/emc/couple/noscrub/saeideh.banihashemi/glwu/glwu.v2.0.0/sorc/WW3.fd/build_DIST/install/mod/w3sln1md.mod
-- Installing: /lfs/h2/emc/couple/noscrub/saeideh.banihashemi/glwu/glwu.v2.0.0/sorc/WW3.fd/build_DIST/install/mod/scrip_constants.mod
-- Installing: /lfs/h2/emc/couple/noscrub/saeideh.banihashemi/glwu/glwu.v2.0.0/sorc/WW3.fd/build_DIST/install/mod/wmmdatmd.mod
-- Installing: /lfs/h2/emc/couple/noscrub/saeideh.banihashemi/glwu/glwu.v2.0.0/sorc/WW3.fd/build_DIST/install/mod/w3timemd.mod
-- Installing: /lfs/h2/emc/couple/noscrub/saeideh.banihashemi/glwu/glwu.v2.0.0/sorc/WW3.fd/build_DIST/install/mod/w3dispmd.mod
-- Installing: /lfs/h2/emc/couple/noscrub/saeideh.banihashemi/glwu/glwu.v2.0.0/sorc/WW3.fd/build_DIST/install/mod/wmunitmd.mod
-- Installing: /lfs/h2/emc/couple/noscrub/saeideh.banihashemi/glwu/glwu.v2.0.0/sorc/WW3.fd/build_DIST/install/mod/w3nmluprstrmd.mod
-- Installing: /lfs/h2/emc/couple/noscrub/saeideh.banihashemi/glwu/glwu.v2.0.0/sorc/WW3.fd/build_DIST/install/mod/w3tidemd.mod
-- Installing: /lfs/h2/emc/couple/noscrub/saeideh.banihashemi/glwu/glwu.v2.0.0/sorc/WW3.fd/build_DIST/install/mod/w3updtmd.mod
-- Installing: /lfs/h2/emc/couple/noscrub/saeideh.banihashemi/glwu/glwu.v2.0.0/sorc/WW3.fd/build_DIST/install/mod/wmupdtmd.mod
-- Installing: /lfs/h2/emc/couple/noscrub/saeideh.banihashemi/glwu/glwu.v2.0.0/sorc/WW3.fd/build_DIST/install/mod/w3arrymd.mod
-- Installing: /lfs/h2/emc/couple/noscrub/saeideh.banihashemi/glwu/glwu.v2.0.0/sorc/WW3.fd/build_DIST/install/mod/constants.mod
-- Installing: /lfs/h2/emc/couple/noscrub/saeideh.banihashemi/glwu/glwu.v2.0.0/sorc/WW3.fd/build_DIST/install/mod/w3odatmd.mod
-- Installing: /lfs/h2/emc/couple/noscrub/saeideh.banihashemi/glwu/glwu.v2.0.0/sorc/WW3.fd/build_DIST/install/mod/w3iorsmd.mod
-- Installing: /lfs/h2/emc/couple/noscrub/saeideh.banihashemi/glwu/glwu.v2.0.0/sorc/WW3.fd/build_DIST/install/mod/scrip_interface.mod
-- Installing: /lfs/h2/emc/couple/noscrub/saeideh.banihashemi/glwu/glwu.v2.0.0/sorc/WW3.fd/build_DIST/install/mod/w3ounfmetamd.mod
-- Installing: /lfs/h2/emc/couple/noscrub/saeideh.banihashemi/glwu/glwu.v2.0.0/sorc/WW3.fd/build_DIST/install/mod/w3wdatmd.mod
-- Installing: /lfs/h2/emc/couple/noscrub/saeideh.banihashemi/glwu/glwu.v2.0.0/sorc/WW3.fd/build_DIST/install/mod/w3srcemd.mod
-- Installing: /lfs/h2/emc/couple/noscrub/saeideh.banihashemi/glwu/glwu.v2.0.0/sorc/WW3.fd/build_DIST/install/mod/w3iosfmd.mod
-- Installing: /lfs/h2/emc/couple/noscrub/saeideh.banihashemi/glwu/glwu.v2.0.0/sorc/WW3.fd/build_DIST/install/mod/w3parall.mod
-- Installing: /lfs/h2/emc/couple/noscrub/saeideh.banihashemi/glwu/glwu.v2.0.0/sorc/WW3.fd/build_DIST/install/mod/scrip_netcdfmod.mod
-- Installing: /lfs/h2/emc/couple/noscrub/saeideh.banihashemi/glwu/glwu.v2.0.0/sorc/WW3.fd/build_DIST/install/mod/w3sbt1md.mod
-- Installing: /lfs/h2/emc/couple/noscrub/saeideh.banihashemi/glwu/glwu.v2.0.0/sorc/WW3.fd/build_DIST/install/mod/w3triamd.mod
-- Installing: /lfs/h2/emc/couple/noscrub/saeideh.banihashemi/glwu/glwu.v2.0.0/sorc/WW3.fd/build_DIST/install/mod/w3wavemd.mod
-- Installing: /lfs/h2/emc/couple/noscrub/saeideh.banihashemi/glwu/glwu.v2.0.0/sorc/WW3.fd/build_DIST/install/mod/scrip_remap_write.mod
-- Installing: /lfs/h2/emc/couple/noscrub/saeideh.banihashemi/glwu/glwu.v2.0.0/sorc/WW3.fd/build_DIST/install/mod/w3nmlgridmd.mod
-- Installing: /lfs/h2/emc/couple/noscrub/saeideh.banihashemi/glwu/glwu.v2.0.0/sorc/WW3.fd/build_DIST/install/mod/w3fldsmd.mod
-- Installing: /lfs/h2/emc/couple/noscrub/saeideh.banihashemi/glwu/glwu.v2.0.0/sorc/WW3.fd/build_DIST/install/mod/w3iogrmd.mod
-- Installing: /lfs/h2/emc/couple/noscrub/saeideh.banihashemi/glwu/glwu.v2.0.0/sorc/WW3.fd/build_DIST/install/mod/w3iopomd.mod
-- Installing: /lfs/h2/emc/couple/noscrub/saeideh.banihashemi/glwu/glwu.v2.0.0/sorc/WW3.fd/build_DIST/install/mod/wmgridmd.mod
-- Installing: /lfs/h2/emc/couple/noscrub/saeideh.banihashemi/glwu/glwu.v2.0.0/sorc/WW3.fd/build_DIST/install/mod/scrip_remap_conservative.mod
-- Installing: /lfs/h2/emc/couple/noscrub/saeideh.banihashemi/glwu/glwu.v2.0.0/sorc/WW3.fd/build_DIST/install/mod/wminitmd.mod
-- Installing: /lfs/h2/emc/couple/noscrub/saeideh.banihashemi/glwu/glwu.v2.0.0/sorc/WW3.fd/build_DIST/install/mod/scrip_kindsmod.mod
-- Installing: /lfs/h2/emc/couple/noscrub/saeideh.banihashemi/glwu/glwu.v2.0.0/sorc/WW3.fd/build_DIST/install/mod/w3gdatmd.mod
-- Installing: /lfs/h2/emc/couple/noscrub/saeideh.banihashemi/glwu/glwu.v2.0.0/sorc/WW3.fd/build_DIST/install/mod/w3nmlounpmd.mod
-- Installing: /lfs/h2/emc/couple/noscrub/saeideh.banihashemi/glwu/glwu.v2.0.0/sorc/WW3.fd/build_DIST/install/mod/w3idatmd.mod
-- Installing: /lfs/h2/emc/couple/noscrub/saeideh.banihashemi/glwu/glwu.v2.0.0/sorc/WW3.fd/build_DIST/install/mod/w3adatmd.mod
-- Installing: /lfs/h2/emc/couple/noscrub/saeideh.banihashemi/glwu/glwu.v2.0.0/sorc/WW3.fd/build_DIST/install/mod/w3nmltrncmd.mod
-- Installing: /lfs/h2/emc/couple/noscrub/saeideh.banihashemi/glwu/glwu.v2.0.0/sorc/WW3.fd/build_DIST/install/mod/wmscrpmd.mod
-- Installing: /lfs/h2/emc/couple/noscrub/saeideh.banihashemi/glwu/glwu.v2.0.0/sorc/WW3.fd/build_DIST/install/mod/scrip_errormod.mod
-- Installing: /lfs/h2/emc/couple/noscrub/saeideh.banihashemi/glwu/glwu.v2.0.0/sorc/WW3.fd/build_DIST/install/mod/scrip_remap_read.mod
-- Installing: /lfs/h2/emc/couple/noscrub/saeideh.banihashemi/glwu/glwu.v2.0.0/sorc/WW3.fd/build_DIST/install/mod/w3sdb1md.mod
-- Installing: /lfs/h2/emc/couple/noscrub/saeideh.banihashemi/glwu/glwu.v2.0.0/sorc/WW3.fd/build_DIST/install/mod/w3bullmd.mod
-- Installing: /lfs/h2/emc/couple/noscrub/saeideh.banihashemi/glwu/glwu.v2.0.0/sorc/WW3.fd/build_DIST/install/mod/scrip_grids.mod
-- Installing: /lfs/h2/emc/couple/noscrub/saeideh.banihashemi/glwu/glwu.v2.0.0/sorc/WW3.fd/build_DIST/install/mod/w3snl3md.mod
-- Installing: /lfs/h2/emc/couple/noscrub/saeideh.banihashemi/glwu/glwu.v2.0.0/sorc/WW3.fd/build_DIST/install/mod/w3src4md.mod
-- Installing: /lfs/h2/emc/couple/noscrub/saeideh.banihashemi/glwu/glwu.v2.0.0/sorc/WW3.fd/build_DIST/install/mod/scrip_iounitsmod.mod
-- Installing: /lfs/h2/emc/couple/noscrub/saeideh.banihashemi/glwu/glwu.v2.0.0/sorc/WW3.fd/build_DIST/install/mod/scrip_remap_vars.mod
-- Installing: /lfs/h2/emc/couple/noscrub/saeideh.banihashemi/glwu/glwu.v2.0.0/sorc/WW3.fd/build_DIST/install/mod/w3gsrumd.mod
-- Installing: /lfs/h2/emc/couple/noscrub/saeideh.banihashemi/glwu/glwu.v2.0.0/sorc/WW3.fd/build_DIST/install/mod/w3partmd.mod
-- Installing: /lfs/h2/emc/couple/noscrub/saeideh.banihashemi/glwu/glwu.v2.0.0/sorc/WW3.fd/build_DIST/install/mod/w3uqckmd.mod
-- Installing: /lfs/h2/emc/couple/noscrub/saeideh.banihashemi/glwu/glwu.v2.0.0/sorc/WW3.fd/build_DIST/install/mod/wmfinlmd.mod
-- Installing: /lfs/h2/emc/couple/noscrub/saeideh.banihashemi/glwu/glwu.v2.0.0/sorc/WW3.fd/build_DIST/install/mod/w3nmlshelmd.mod
-- Installing: /lfs/h2/emc/couple/noscrub/saeideh.banihashemi/glwu/glwu.v2.0.0/sorc/WW3.fd/build_DIST/install/mod/w3strkmd.mod
-- Installing: /lfs/h2/emc/couple/noscrub/saeideh.banihashemi/glwu/glwu.v2.0.0/sorc/WW3.fd/build_DIST/install/mod/w3cspcmd.mod
-- Installing: /lfs/h2/emc/couple/noscrub/saeideh.banihashemi/glwu/glwu.v2.0.0/sorc/WW3.fd/build_DIST/install/mod/w3nmlprncmd.mod
-- Installing: /lfs/h2/emc/couple/noscrub/saeideh.banihashemi/glwu/glwu.v2.0.0/sorc/WW3.fd/build_DIST/install/mod/wminiomd.mod
-- Installing: /lfs/h2/emc/couple/noscrub/saeideh.banihashemi/glwu/glwu.v2.0.0/sorc/WW3.fd/build_DIST/install/mod/w3nmlmultimd.mod
-- Installing: /lfs/h2/emc/couple/noscrub/saeideh.banihashemi/glwu/glwu.v2.0.0/sorc/WW3.fd/build_DIST/install/mod/w3iogomd.mod
-- Installing: /lfs/h2/emc/couple/noscrub/saeideh.banihashemi/glwu/glwu.v2.0.0/sorc/WW3.fd/build_DIST/install/mod/w3nmlbouncmd.mod
-- Installing: /lfs/h2/emc/couple/noscrub/saeideh.banihashemi/glwu/glwu.v2.0.0/sorc/WW3.fd/build_DIST/install/mod/w3iotrmd.mod
-- Installing: /lfs/h2/emc/couple/noscrub/saeideh.banihashemi/glwu/glwu.v2.0.0/sorc/WW3.fd/build_DIST/install/mod/w3nmlounfmd.mod
-- Installing: /lfs/h2/emc/couple/noscrub/saeideh.banihashemi/glwu/glwu.v2.0.0/sorc/WW3.fd/build_DIST/install/mod/scrip_timers.mod
-- Installing: /lfs/h2/emc/couple/noscrub/saeideh.banihashemi/glwu/glwu.v2.0.0/sorc/WW3.fd/build_DIST/install/mod/w3iobcmd.mod
-- Installing: /lfs/h2/emc/couple/noscrub/saeideh.banihashemi/glwu/glwu.v2.0.0/sorc/WW3.fd/build_DIST/install/mod/wmiopomd.mod
-- Installing: /lfs/h2/emc/couple/noscrub/saeideh.banihashemi/glwu/glwu.v2.0.0/sorc/WW3.fd/build_DIST/install/mod/wmwavemd.mod
-- Installing: /lfs/h2/emc/couple/noscrub/saeideh.banihashemi/glwu/glwu.v2.0.0/sorc/WW3.fd/build_DIST/install/mod/w3gridmd.mod
-- Installing: /lfs/h2/emc/couple/noscrub/saeideh.banihashemi/glwu/glwu.v2.0.0/sorc/WW3.fd/build_DIST/install/mod/w3metamd.mod
-- Installing: /lfs/h2/emc/couple/noscrub/saeideh.banihashemi/glwu/glwu.v2.0.0/sorc/WW3.fd/build_DIST/install/mod/w3nmlboundmd.mod
-- Installing: /lfs/h2/emc/couple/noscrub/saeideh.banihashemi/glwu/glwu.v2.0.0/sorc/WW3.fd/build_DIST/install/mod/w3initmd.mod
-- Installing: /lfs/h2/emc/couple/noscrub/saeideh.banihashemi/glwu/glwu.v2.0.0/sorc/WW3.fd/build_DIST/install/mod/w3profsmd.mod
-- Installing: /lfs/h2/emc/couple/noscrub/saeideh.banihashemi/glwu/glwu.v2.0.0/sorc/WW3.fd/build_DIST/install/mod/w3servmd.mod
-- Installing: /lfs/h2/emc/couple/noscrub/saeideh.banihashemi/glwu/glwu.v2.0.0/sorc/WW3.fd/build_DIST/install/lib/cmake/WW3/WW3-config.cmake
-- Installing: /lfs/h2/emc/couple/noscrub/saeideh.banihashemi/glwu/glwu.v2.0.0/sorc/WW3.fd/build_DIST/install/lib/cmake/WW3/WW3-config-version.cmake
-- Installing: /lfs/h2/emc/couple/noscrub/saeideh.banihashemi/glwu/glwu.v2.0.0/sorc/WW3.fd/build_DIST/install/lib/cmake/WW3/WW3-targets.cmake
-- Installing: /lfs/h2/emc/couple/noscrub/saeideh.banihashemi/glwu/glwu.v2.0.0/sorc/WW3.fd/build_DIST/install/lib/cmake/WW3/WW3-targets-release.cmake
+ [[ 0 -ne 0 ]]
+ cp /lfs/h2/emc/couple/noscrub/saeideh.banihashemi/glwu/glwu.v2.0.0/sorc/WW3.fd/build_DIST/install/bin/ww3_multi /lfs/h2/emc/couple/noscrub/saeideh.banihashemi/glwu/glwu.v2.0.0/sorc/../exec/multiwavefcst
+ rc=0
+ [[ 0 -ne 0 ]]
+ echo 'executables are in /lfs/h2/emc/couple/noscrub/saeideh.banihashemi/glwu/glwu.v2.0.0/sorc/../exec'
executables are in /lfs/h2/emc/couple/noscrub/saeideh.banihashemi/glwu/glwu.v2.0.0/sorc/../exec
+ echo 'cleaning up /lfs/h2/emc/couple/noscrub/saeideh.banihashemi/glwu/glwu.v2.0.0/sorc/WW3.fd/build_DIST'
cleaning up /lfs/h2/emc/couple/noscrub/saeideh.banihashemi/glwu/glwu.v2.0.0/sorc/WW3.fd/build_DIST
+ rm -rf /lfs/h2/emc/couple/noscrub/saeideh.banihashemi/glwu/glwu.v2.0.0/sorc/WW3.fd/build_DIST
