+ module purge
++ /opt/modules/3.2.6.7/bin/modulecmd bash purge
+ eval MANPATH=/opt/cray/share/man:/usr/local/man:/usr/share/man:/opt/cray/share/man:/cm/local/apps/environment-modules/current/share/man ';export' 'MANPATH;MODULEPATH=/usrx/local/prod/modulefiles:/gpfs/hps/nco/ops/nwprod/lib/modulefiles:/gpfs/hps/nco/ops/nwprod/modulefiles:/opt/cray/alt-modulefiles:/opt/cray/craype/default/alt-modulefiles:/opt/modulefiles' ';export' 'MODULEPATH;PATH=/u/Xiaoxue.Wang/bin:/usr/local/bin:/usr/bin:/bin:/usr/bin/X11:/usr/X11R6/bin:/usr/games:/opt/bin:/usr/lib/mit/bin:/usr/lib/mit/sbin:/sbin:/usr/sbin:.:/usr/lib/qt3/bin' ';export' 'PATH;PE_PRODUCT_LIST=CRAY' ';export' 'PE_PRODUCT_LIST;_LMFILES_=' ';export' '_LMFILES_;unset' 'CRAYPE_NETWORK_TARGET;unset' 'CRAY_ALPS_INCLUDE_OPTS;unset' 'CRAY_ALPS_POST_LINK_OPTS;unset' 'CRAY_CPU_TARGET;unset' 'CRAY_LD_LIBRARY_PATH;unset' 'CRAY_PRE_COMPILE_OPTS;unset' 'CRAY_UGNI_INCLUDE_OPTS;unset' 'CRAY_UGNI_POST_LINK_OPTS;unset' 'CRAY_XPMEM_INCLUDE_OPTS;unset' 'CRAY_XPMEM_POST_LINK_OPTS;unset' 'DVS_INCLUDE_OPTS;unset' 'DVS_VERSION;unset' 'LD_LIBRARY_PATH;unset' 'LOADEDMODULES;unset' 'LSF_BINDIR;unset' 'LSF_ENVDIR;unset' 'LSF_LIBDIR;unset' 'LSF_SERVERDIR;unset' 'MODULESHOME;unset' 'OMP_NUM_THREADS;unset' 'PKG_CONFIG_PATH;unset' 'XLSF_UIDDIR;unset' 'XTPE_NETWORK_TARGET;unset' 'kernelrelease;'
++ MANPATH=/opt/cray/share/man:/usr/local/man:/usr/share/man:/opt/cray/share/man:/cm/local/apps/environment-modules/current/share/man
++ export MANPATH
++ MODULEPATH=/usrx/local/prod/modulefiles:/gpfs/hps/nco/ops/nwprod/lib/modulefiles:/gpfs/hps/nco/ops/nwprod/modulefiles:/opt/cray/alt-modulefiles:/opt/cray/craype/default/alt-modulefiles:/opt/modulefiles
++ export MODULEPATH
++ PATH=/u/Xiaoxue.Wang/bin:/usr/local/bin:/usr/bin:/bin:/usr/bin/X11:/usr/X11R6/bin:/usr/games:/opt/bin:/usr/lib/mit/bin:/usr/lib/mit/sbin:/sbin:/usr/sbin:.:/usr/lib/qt3/bin
++ export PATH
++ PE_PRODUCT_LIST=CRAY
++ export PE_PRODUCT_LIST
++ _LMFILES_=
++ export _LMFILES_
++ unset CRAYPE_NETWORK_TARGET
++ unset CRAY_ALPS_INCLUDE_OPTS
++ unset CRAY_ALPS_POST_LINK_OPTS
++ unset CRAY_CPU_TARGET
++ unset CRAY_LD_LIBRARY_PATH
++ unset CRAY_PRE_COMPILE_OPTS
++ unset CRAY_UGNI_INCLUDE_OPTS
++ unset CRAY_UGNI_POST_LINK_OPTS
++ unset CRAY_XPMEM_INCLUDE_OPTS
++ unset CRAY_XPMEM_POST_LINK_OPTS
++ unset DVS_INCLUDE_OPTS
++ unset DVS_VERSION
++ unset LD_LIBRARY_PATH
++ unset LOADEDMODULES
++ unset LSF_BINDIR
++ unset LSF_ENVDIR
++ unset LSF_LIBDIR
++ unset LSF_SERVERDIR
++ unset MODULESHOME
++ unset OMP_NUM_THREADS
++ unset PKG_CONFIG_PATH
++ unset XLSF_UIDDIR
++ unset XTPE_NETWORK_TARGET
++ unset kernelrelease
+ module use ../modulefiles
++ /opt/modules/3.2.6.7/bin/modulecmd bash use ../modulefiles
+ eval MODULEPATH=../modulefiles:/usrx/local/prod/modulefiles:/gpfs/hps/nco/ops/nwprod/lib/modulefiles:/gpfs/hps/nco/ops/nwprod/modulefiles:/opt/cray/alt-modulefiles:/opt/cray/craype/default/alt-modulefiles:/opt/modulefiles ';export' 'MODULEPATH;'
++ MODULEPATH=../modulefiles:/usrx/local/prod/modulefiles:/gpfs/hps/nco/ops/nwprod/lib/modulefiles:/gpfs/hps/nco/ops/nwprod/modulefiles:/opt/cray/alt-modulefiles:/opt/cray/craype/default/alt-modulefiles:/opt/modulefiles
++ export MODULEPATH
+ module load build_glwu.module
++ /opt/modules/3.2.6.7/bin/modulecmd bash load build_glwu.module
+ eval ATP_HOME=/opt/cray/atp/1.8.1 ';export' 'ATP_HOME;ATP_MRNET_COMM_PATH=/opt/cray/atp/1.8.1/libexec/atp_mrnet_commnode_wrapper' ';export' 'ATP_MRNET_COMM_PATH;ATP_POST_LINK_OPTS=-Wl,-L/opt/cray/atp/1.8.1/libApp/\' ';export' 'ATP_POST_LINK_OPTS;BACIO_LIB4=/gpfs/hps/nco/ops/nwprod/lib/bacio/v2.0.1/intel/libbacio_v2.0.1_4.a' ';export' 'BACIO_LIB4;BACIO_LIB8=/gpfs/hps/nco/ops/nwprod/lib/bacio/v2.0.1/intel/libbacio_v2.0.1_8.a' ';export' 'BACIO_LIB8;BACIO_SRC=/gpfs/hps/nco/ops/nwprod/lib/bacio/v2.0.1/src' ';export' 'BACIO_SRC;BACIO_VER=v2.0.1' ';export' 'BACIO_VER;COMP=intel' ';export' 'COMP;CPATH=/opt/intel/composer_xe_2015.3.187/ipp/include:/opt/intel/composer_xe_2015.3.187/mkl/include:/opt/intel/composer_xe_2015.3.187/tbb/include' ';export' 'CPATH;CRAYPE_DIR=/opt/cray/craype/2.3.0' ';export' 'CRAYPE_DIR;CRAYPE_NETWORK_TARGET=aries' ';export' 'CRAYPE_NETWORK_TARGET;CRAYPE_VERSION=2.3.0' ';export' 'CRAYPE_VERSION;CRAY_ALPS_INCLUDE_OPTS=-I/opt/cray/alps/5.2.3-2.0502.9295.14.14.ari/include' ';export' 'CRAY_ALPS_INCLUDE_OPTS;CRAY_ALPS_POST_LINK_OPTS=-L/opt/cray/alps/5.2.3-2.0502.9295.14.14.ari/lib64' ';export' 'CRAY_ALPS_POST_LINK_OPTS;CRAY_DMAPP_INCLUDE_OPTS=-I/opt/cray/dmapp/7.0.1-1.0502.10246.8.47.ari/include\' '-I/opt/cray/gni-headers/4.0-1.0502.10317.9.2.ari/include\' ';export' 'CRAY_DMAPP_INCLUDE_OPTS;CRAY_DMAPP_POST_LINK_OPTS=-L/opt/cray/dmapp/7.0.1-1.0502.10246.8.47.ari/lib64' ';export' 'CRAY_DMAPP_POST_LINK_OPTS;CRAY_GNI_HEADERS_INCLUDE_OPTS=-I/opt/cray/gni-headers/4.0-1.0502.10317.9.2.ari/include' ';export' 'CRAY_GNI_HEADERS_INCLUDE_OPTS;CRAY_IOBUF_DIR=/opt/cray/iobuf/2.0.5' ';export' 'CRAY_IOBUF_DIR;CRAY_IOBUF_INCLUDE_OPTS=-I/opt/cray/iobuf/2.0.5/include' ';export' 'CRAY_IOBUF_INCLUDE_OPTS;CRAY_IOBUF_POST_LINK_OPTS=-Wl,/opt/cray/iobuf/2.0.5/lib/iobuf.o' ';export' 'CRAY_IOBUF_POST_LINK_OPTS;CRAY_IOBUF_VERSION=2.0.5' ';export' 'CRAY_IOBUF_VERSION;CRAY_LD_LIBRARY_PATH=/opt/cray/rca/1.0.0-2.0502.57212.2.56.ari/lib64:/opt/cray/alps/5.2.3-2.0502.9295.14.14.ari/lib64:/opt/cray/xpmem/0.1-2.0502.57015.1.15.ari/lib64:/opt/cray/dmapp/7.0.1-1.0502.10246.8.47.ari/lib64:/opt/cray/pmi/5.0.6-1.0000.10439.140.2.ari/lib64:/opt/cray/ugni/6.0-1.0502.10245.9.9.ari/lib64:/opt/cray/udreg/2.3.2-1.0502.9889.2.20.ari/lib64:/opt/cray/libsci/13.0.3/INTEL/140/x86_64/lib' ';export' 'CRAY_LD_LIBRARY_PATH;CRAY_LIBSCI_BASE_DIR=/opt/cray/libsci/13.0.3' ';export' 'CRAY_LIBSCI_BASE_DIR;CRAY_LIBSCI_DIR=/opt/cray/libsci/13.0.3' ';export' 'CRAY_LIBSCI_DIR;CRAY_LIBSCI_PREFIX_DIR=/opt/cray/libsci/13.0.3/INTEL/140/x86_64' ';export' 'CRAY_LIBSCI_PREFIX_DIR;CRAY_LIBSCI_VERSION=13.0.3' ';export' 'CRAY_LIBSCI_VERSION;CRAY_PMI_INCLUDE_OPTS=-I/opt/cray/pmi/5.0.6-1.0000.10439.140.2.ari/include' ';export' 'CRAY_PMI_INCLUDE_OPTS;CRAY_PMI_POST_LINK_OPTS=-L/opt/cray/pmi/5.0.6-1.0000.10439.140.2.ari/lib64' ';export' 'CRAY_PMI_POST_LINK_OPTS;CRAY_PRE_COMPILE_OPTS=-hnetwork=aries' ';export' 'CRAY_PRE_COMPILE_OPTS;CRAY_PRGENVINTEL=loaded' ';export' 'CRAY_PRGENVINTEL;CRAY_RCA_INCLUDE_OPTS=-I/opt/cray/rca/1.0.0-2.0502.57212.2.56.ari/include\' '-I/opt/cray/krca/1.0.0-2.0502.57202.2.45.ari/include\' '-I/opt/cray-hss-devel/7.2.0/include\' ';export' 'CRAY_RCA_INCLUDE_OPTS;CRAY_RCA_POST_LINK_OPTS=-L/opt/cray/rca/1.0.0-2.0502.57212.2.56.ari/lib64\' '-lrca\' ';export' 'CRAY_RCA_POST_LINK_OPTS;CRAY_UDREG_INCLUDE_OPTS=-I/opt/cray/udreg/2.3.2-1.0502.9889.2.20.ari/include' ';export' 'CRAY_UDREG_INCLUDE_OPTS;CRAY_UDREG_POST_LINK_OPTS=-L/opt/cray/udreg/2.3.2-1.0502.9889.2.20.ari/lib64' ';export' 'CRAY_UDREG_POST_LINK_OPTS;CRAY_UGNI_INCLUDE_OPTS=-I/opt/cray/ugni/6.0-1.0502.10245.9.9.ari/include' ';export' 'CRAY_UGNI_INCLUDE_OPTS;CRAY_UGNI_POST_LINK_OPTS=-L/opt/cray/ugni/6.0-1.0502.10245.9.9.ari/lib64' ';export' 'CRAY_UGNI_POST_LINK_OPTS;CRAY_XPMEM_INCLUDE_OPTS=-I/opt/cray/xpmem/0.1-2.0502.57015.1.15.ari/include' ';export' 'CRAY_XPMEM_INCLUDE_OPTS;CRAY_XPMEM_POST_LINK_OPTS=-L/opt/cray/xpmem/0.1-2.0502.57015.1.15.ari/lib64' ';export' 'CRAY_XPMEM_POST_LINK_OPTS;DMAPP_ABORT_ON_ERROR=1' ';export' 'DMAPP_ABORT_ON_ERROR;DVS_INCLUDE_OPTS=-I/opt/cray/dvs/2.5_0.9.0-1.0502.1958.2.55.ari/include' ';export' 'DVS_INCLUDE_OPTS;DVS_VERSION=0.9.0' ';export' 'DVS_VERSION;G2_INC4=/gpfs/hps/nco/ops/nwprod/lib/g2/v3.1.0/intel/include/g2_v3.1.0_4' ';export' 'G2_INC4;G2_INCd=/gpfs/hps/nco/ops/nwprod/lib/g2/v3.1.0/intel/include/g2_v3.1.0_d' ';export' 'G2_INCd;G2_LIB4=/gpfs/hps/nco/ops/nwprod/lib/g2/v3.1.0/intel/libg2_v3.1.0_4.a' ';export' 'G2_LIB4;G2_LIBd=/gpfs/hps/nco/ops/nwprod/lib/g2/v3.1.0/intel/libg2_v3.1.0_d.a' ';export' 'G2_LIBd;G2_SRC=/gpfs/hps/nco/ops/nwprod/lib/g2/v3.1.0/src' ';export' 'G2_SRC;G2_VER=v3.1.0' ';export' 'G2_VER;GDBSERVER_MIC=/opt/intel/composer_xe_2015.3.187/debugger/gdb/target/mic/bin/gdbserver' ';export' 'GDBSERVER_MIC;GDB_CROSS=/opt/intel/composer_xe_2015.3.187/debugger/gdb/intel64_mic/bin/gdb-mic' ';export' 'GDB_CROSS;GDB_HOST=/opt/intel/composer_xe_2015.3.187/debugger/gdb/intel64_mic/bin/gdb-ia-mic' ';export' 'GDB_HOST;INFOPATH=/opt/intel/composer_xe_2015.3.187/debugger/gdb/intel64/share/info/:/opt/intel/composer_xe_2015.3.187/debugger/gdb/intel64_mic/share/info/:/usr/local/info:/usr/share/info:/usr/info' ';export' 'INFOPATH;INTEL_LICENSE_FILE=/opt/intel/composer_xe_2015.3.187/licenses:/opt/intel/licenses:/intel/licenses' ';export' 'INTEL_LICENSE_FILE;INTEL_MAJOR_VERSION=15.0' ';export' 'INTEL_MAJOR_VERSION;INTEL_MINOR_VERSION=3.187' ';export' 'INTEL_MINOR_VERSION;INTEL_PATH=/opt/intel/composer_xe_2015.3.187' ';export' 'INTEL_PATH;INTEL_PYTHONHOME=/opt/intel/composer_xe_2015.3.187/debugger/python/intel64/' ';export' 'INTEL_PYTHONHOME;INTEL_VERSION=15.0.3.187' ';export' 'INTEL_VERSION;IPPROOT=/opt/intel/composer_xe_2015.3.187/ipp' ';export' 'IPPROOT;JASPER_INC=/usrx/local/prod//jasper/1.900.1/gnu/sandybridge/include' ';export' 'JASPER_INC;JASPER_LIB=/usrx/local/prod//jasper/1.900.1/gnu/sandybridge/lib/libjasper.a' ';export' 'JASPER_LIB;JASPER_LIBDIR=/usrx/local/prod//jasper/1.900.1/gnu/sandybridge/lib' ';export' 'JASPER_LIBDIR;JASPER_LIBl=/usrx/local/prod//jasper/1.900.1/gnu/sandybridge/lib/libjasper.la' ';export' 'JASPER_LIBl;JASPER_SRC=/usrx/local/prod//jasper/1.900.1/gnu/sandybridge/sorc/jasper_v1.900.1' ';export' 'JASPER_SRC;JASPER_VER=1.900.1' ';export' 'JASPER_VER;LD_LIBRARY_PATH=/usrx/local/prod/zlib/1.2.7/intel/sandybridge/lib:/opt/intel/composer_xe_2015.3.187/compiler/lib/intel64:/opt/intel/mic/coi/host-linux-release/lib:/opt/intel/mic/myo/lib:/opt/intel/composer_xe_2015.3.187/mpirt/lib/intel64:/opt/intel/composer_xe_2015.3.187/ipp/../compiler/lib/intel64:/opt/intel/composer_xe_2015.3.187/ipp/lib/intel64:/opt/intel/composer_xe_2015.3.187/ipp/tools/intel64/perfsys:/opt/intel/mic/coi/host-linux-release/lib:/opt/intel/mic/myo/lib:/opt/intel/composer_xe_2015.3.187/compiler/lib/intel64:/opt/intel/composer_xe_2015.3.187/mkl/lib/intel64:/opt/intel/composer_xe_2015.3.187/tbb/lib/intel64/gcc4.1:/opt/intel/composer_xe_2015.3.187/debugger/libipt/intel64/lib' ';export' 'LD_LIBRARY_PATH;LIBRARY_PATH=/opt/intel/composer_xe_2015.3.187/compiler/lib/intel64:/opt/intel/composer_xe_2015.3.187/ipp/../compiler/lib/intel64:/opt/intel/composer_xe_2015.3.187/ipp/lib/intel64:/opt/intel/composer_xe_2015.3.187/compiler/lib/intel64:/opt/intel/composer_xe_2015.3.187/mkl/lib/intel64:/opt/intel/composer_xe_2015.3.187/tbb/lib/intel64/gcc4.1' ';export' 'LIBRARY_PATH;LIBSCI_BASE_DIR=/opt/cray/libsci/13.0.3' ';export' 'LIBSCI_BASE_DIR;LIBSCI_VERSION=13.0.3' ';export' 'LIBSCI_VERSION;LOADEDMODULES=craype-network-aries:craype/2.3.0:intel/15.0.3.187:cray-libsci/13.0.3:udreg/2.3.2-1.0502.9889.2.20.ari:ugni/6.0-1.0502.10245.9.9.ari:pmi/5.0.6-1.0000.10439.140.2.ari:dmapp/7.0.1-1.0502.10246.8.47.ari:gni-headers/4.0-1.0502.10317.9.2.ari:xpmem/0.1-2.0502.57015.1.15.ari:dvs/2.5_0.9.0-1.0502.1958.2.55.ari:alps/5.2.3-2.0502.9295.14.14.ari:rca/1.0.0-2.0502.57212.2.56.ari:atp/1.8.1:PrgEnv-intel/5.2.56:iobuf/2.0.5:jasper-gnu-sandybridge/1.900.1:png-intel-sandybridge/1.2.49:zlib-intel-sandybridge/1.2.7:g2-intel/3.1.0:w3nco-intel/2.0.6:bacio-intel/2.0.1:build_glwu.module' ';export' 'LOADEDMODULES;MANPATH=/usrx/local/prod/zlib/1.2.7/intel/sandybridge/share/man:/opt/cray/iobuf/2.0.5/man:/opt/cray/atp/1.8.1/man:/opt/cray/alps/5.2.3-2.0502.9295.14.14.ari/man:/opt/cray/libsci/13.0.3/man:/opt/cray/man/csmlversion:/opt/intel/composer_xe_2015.3.187/man/en_US:/opt/intel/composer_xe_2015.3.187/man/en_US:/opt/intel/composer_xe_2015.3.187/debugger/gdb/intel64/share/man/:/opt/intel/composer_xe_2015.3.187/debugger/gdb/intel64_mic/share/man/:/opt/cray/craype/2.3.0/man:/opt/cray/share/man:/usr/local/man:/usr/share/man:/opt/cray/share/man:/cm/local/apps/environment-modules/current/share/man:/opt/cray/man' ';export' 'MANPATH;MIC_LD_LIBRARY_PATH=/opt/intel/composer_xe_2015.3.187/compiler/lib/mic:/opt/intel/composer_xe_2015.3.187/mpirt/lib/mic:/opt/intel/mic/coi/device-linux-release/lib:/opt/intel/mic/myo/lib:/opt/intel/composer_xe_2015.3.187/ipp/lib/lib/mic:/opt/intel/mic/coi/device-linux-release/lib:/opt/intel/mic/myo/lib:/opt/intel/composer_xe_2015.3.187/compiler/lib/mic:/opt/intel/composer_xe_2015.3.187/mkl/lib/mic:/opt/intel/composer_xe_2015.3.187/tbb/lib/mic' ';export' 'MIC_LD_LIBRARY_PATH;MIC_LIBRARY_PATH=/opt/intel/composer_xe_2015.3.187/compiler/lib/mic:/opt/intel/composer_xe_2015.3.187/mpirt/lib/mic:/opt/intel/composer_xe_2015.3.187/tbb/lib/mic' ';export' 'MIC_LIBRARY_PATH;MKLROOT=/opt/intel/composer_xe_2015.3.187/mkl' ';export' 'MKLROOT;MODULEPATH=/opt/cray/ari/modulefiles:../modulefiles:/usrx/local/prod/modulefiles:/gpfs/hps/nco/ops/nwprod/lib/modulefiles:/gpfs/hps/nco/ops/nwprod/modulefiles:/opt/cray/alt-modulefiles:/opt/cray/craype/default/alt-modulefiles:/opt/modulefiles' ';export' 'MODULEPATH;MPICH_ABORT_ON_ERROR=1' ';export' 'MPICH_ABORT_ON_ERROR;MPM_LAUNCHER=/opt/intel/composer_xe_2015.3.187/debugger/mpm/bin/start_mpm.sh' ';export' 'MPM_LAUNCHER;NLSPATH=/opt/intel/composer_xe_2015.3.187/compiler/lib/intel64/locale/%l_%t/%N:/opt/intel/composer_xe_2015.3.187/ipp/lib/intel64/locale/%l_%t/%N:/opt/intel/composer_xe_2015.3.187/mkl/lib/intel64/locale/%l_%t/%N:/opt/intel/composer_xe_2015.3.187/debugger/gdb/intel64_mic/share/locale/%l_%t/%N:/opt/intel/composer_xe_2015.3.187/debugger/gdb/intel64/share/locale/%l_%t/%N' ';export' 'NLSPATH;PATH=/opt/cray/rca/1.0.0-2.0502.57212.2.56.ari/bin:/opt/cray/alps/5.2.3-2.0502.9295.14.14.ari/sbin:/opt/cray/alps/5.2.3-2.0502.9295.14.14.ari/bin:/opt/cray/dvs/2.5_0.9.0-1.0502.1958.2.55.ari/bin:/opt/cray/xpmem/0.1-2.0502.57015.1.15.ari/bin:/opt/cray/pmi/5.0.6-1.0000.10439.140.2.ari/bin:/opt/cray/ugni/6.0-1.0502.10245.9.9.ari/bin:/opt/cray/udreg/2.3.2-1.0502.9889.2.20.ari/bin:/opt/intel/composer_xe_2015.3.187/bin/intel64:/opt/intel/composer_xe_2015.3.187/debugger/gdb/intel64_mic/bin:/opt/cray/craype/2.3.0/bin:/u/Xiaoxue.Wang/bin:/usr/local/bin:/usr/bin:/bin:/usr/bin/X11:/usr/X11R6/bin:/usr/games:/opt/bin:/usr/lib/mit/bin:/usr/lib/mit/sbin:/sbin:/usr/sbin:.:/usr/lib/qt3/bin:/opt/cray/bin:/usrx/local/prod/zlib/1.2.7/intel/sandybridge/include' ';export' 'PATH;PE_CRAY_DEFAULT_FIXED_PKGCONFIG_PATH=/opt/cray/parallel-netcdf/1.6.0/CRAY/8.3/lib/pkgconfig:/opt/cray/netcdf/4.3.2/CRAY/83/lib/pkgconfig:/opt/cray/ga/5.3.0.1/CRAY/83/lib/pkgconfig:/opt/cray/hdf5/1.8.13/CRAY/83/lib/pkgconfig:/opt/cray/hdf5-parallel/1.8.13/CRAY/83/lib/pkgconfig:/opt/cray/netcdf-hdf5parallel/4.3.2/CRAY/83/lib/pkgconfig' ';export' 'PE_CRAY_DEFAULT_FIXED_PKGCONFIG_PATH;PE_ENV=INTEL' ';export' 'PE_ENV;PE_FFTW_DEFAULT_REQUIRED_PRODUCTS=PE_MPICH' ';export' 'PE_FFTW_DEFAULT_REQUIRED_PRODUCTS;PE_FFTW_DEFAULT_TARGET_haswell=haswell' ';export' 'PE_FFTW_DEFAULT_TARGET_haswell;PE_FFTW_DEFAULT_TARGET_interlagos=interlagos' ';export' 'PE_FFTW_DEFAULT_TARGET_interlagos;PE_FFTW_DEFAULT_TARGET_sandybridge=sandybridge' ';export' 'PE_FFTW_DEFAULT_TARGET_sandybridge;PE_FFTW_DEFAULT_TARGET_x86_64=x86_64' ';export' 'PE_FFTW_DEFAULT_TARGET_x86_64;PE_FFTW_DEFAULT_VOLATILE_PKGCONFIG_PATH=/opt/cray/fftw/3.3.4.2/@PE_FFTW_DEFAULT_TARGET@/lib/pkgconfig' ';export' 'PE_FFTW_DEFAULT_VOLATILE_PKGCONFIG_PATH;PE_GA_DEFAULT_FIXED_PRGENV=CRAY\' INTEL ';export' 'PE_GA_DEFAULT_FIXED_PRGENV;PE_GA_DEFAULT_GENCOMPS_GNU=49\' 48 ';export' 'PE_GA_DEFAULT_GENCOMPS_GNU;PE_GA_DEFAULT_VOLATILE_PKGCONFIG_PATH=/opt/cray/ga/5.3.0.1/@PRGENV@/@PE_GA_DEFAULT_GENCOMPS@/lib/pkgconfig' ';export' 'PE_GA_DEFAULT_VOLATILE_PKGCONFIG_PATH;PE_GA_DEFAULT_VOLATILE_PRGENV=GNU' ';export' 'PE_GA_DEFAULT_VOLATILE_PRGENV;PE_HDF5_DEFAULT_FIXED_PRGENV=CRAY\' INTEL ';export' 'PE_HDF5_DEFAULT_FIXED_PRGENV;PE_HDF5_DEFAULT_GENCOMPS_GNU=49\' 48 ';export' 'PE_HDF5_DEFAULT_GENCOMPS_GNU;PE_HDF5_DEFAULT_VOLATILE_PKGCONFIG_PATH=/opt/cray/hdf5/1.8.13/@PRGENV@/@PE_HDF5_DEFAULT_GENCOMPS@/lib/pkgconfig' ';export' 'PE_HDF5_DEFAULT_VOLATILE_PKGCONFIG_PATH;PE_HDF5_DEFAULT_VOLATILE_PRGENV=GNU' ';export' 'PE_HDF5_DEFAULT_VOLATILE_PRGENV;PE_HDF5_PARALLEL_DEFAULT_FIXED_PRGENV=CRAY\' INTEL ';export' 'PE_HDF5_PARALLEL_DEFAULT_FIXED_PRGENV;PE_HDF5_PARALLEL_DEFAULT_GENCOMPS_GNU=49\' 48 ';export' 'PE_HDF5_PARALLEL_DEFAULT_GENCOMPS_GNU;PE_HDF5_PARALLEL_DEFAULT_REQUIRED_PRODUCTS=PE_MPICH' ';export' 'PE_HDF5_PARALLEL_DEFAULT_REQUIRED_PRODUCTS;PE_HDF5_PARALLEL_DEFAULT_VOLATILE_PKGCONFIG_PATH=/opt/cray/hdf5-parallel/1.8.13/@PRGENV@/@PE_HDF5_PARALLEL_DEFAULT_GENCOMPS@/lib/pkgconfig' ';export' 'PE_HDF5_PARALLEL_DEFAULT_VOLATILE_PKGCONFIG_PATH;PE_HDF5_PARALLEL_DEFAULT_VOLATILE_PRGENV=GNU' ';export' 'PE_HDF5_PARALLEL_DEFAULT_VOLATILE_PRGENV;PE_INTEL_DEFAULT_FIXED_PKGCONFIG_PATH=/opt/cray/mpt/7.2.0/gni/mpich2-intel/140/lib/pkgconfig:/opt/cray/parallel-netcdf/1.6.0/INTEL/14.0/lib/pkgconfig:/opt/cray/netcdf/4.3.2/INTEL/140/lib/pkgconfig:/opt/cray/ga/5.3.0.1/INTEL/140/lib/pkgconfig:/opt/cray/hdf5/1.8.13/INTEL/140/lib/pkgconfig:/opt/cray/hdf5-parallel/1.8.13/INTEL/140/lib/pkgconfig:/opt/cray/netcdf-hdf5parallel/4.3.2/INTEL/140/lib/pkgconfig' ';export' 'PE_INTEL_DEFAULT_FIXED_PKGCONFIG_PATH;PE_LIBSCI_DEFAULT_GENCOMPS_CRAY_x86_64=83' ';export' 'PE_LIBSCI_DEFAULT_GENCOMPS_CRAY_x86_64;PE_LIBSCI_DEFAULT_GENCOMPS_GNU_x86_64=49\' 48 ';export' 'PE_LIBSCI_DEFAULT_GENCOMPS_GNU_x86_64;PE_LIBSCI_DEFAULT_GENCOMPS_INTEL_x86_64=140' ';export' 'PE_LIBSCI_DEFAULT_GENCOMPS_INTEL_x86_64;PE_LIBSCI_DEFAULT_OMP_REQUIRES=' ';export' 'PE_LIBSCI_DEFAULT_OMP_REQUIRES;PE_LIBSCI_DEFAULT_OMP_REQUIRES_openmp=_mp' ';export' 'PE_LIBSCI_DEFAULT_OMP_REQUIRES_openmp;PE_LIBSCI_DEFAULT_PKGCONFIG_VARIABLES=PE_LIBSCI_DEFAULT_OMP_REQUIRES_@openmp@' ';export' 'PE_LIBSCI_DEFAULT_PKGCONFIG_VARIABLES;PE_LIBSCI_DEFAULT_REQUIRED_PRODUCTS=PE_MPICH' ';export' 'PE_LIBSCI_DEFAULT_REQUIRED_PRODUCTS;PE_LIBSCI_DEFAULT_VOLATILE_PKGCONFIG_PATH=/opt/cray/libsci/13.0.3/@PRGENV@/@PE_LIBSCI_DEFAULT_GENCOMPS@/@PE_LIBSCI_DEFAULT_TARGET@/lib/pkgconfig' ';export' 'PE_LIBSCI_DEFAULT_VOLATILE_PKGCONFIG_PATH;PE_LIBSCI_DEFAULT_VOLATILE_PRGENV=CRAY\' 'GNU\' INTEL ';export' 'PE_LIBSCI_DEFAULT_VOLATILE_PRGENV;PE_LIBSCI_GENCOMPS_CRAY_x86_64=83' ';export' 'PE_LIBSCI_GENCOMPS_CRAY_x86_64;PE_LIBSCI_GENCOMPS_GNU_x86_64=49\' 48 ';export' 'PE_LIBSCI_GENCOMPS_GNU_x86_64;PE_LIBSCI_GENCOMPS_INTEL_x86_64=140' ';export' 'PE_LIBSCI_GENCOMPS_INTEL_x86_64;PE_LIBSCI_MODULE_NAME=cray-libsci/13.0.3' ';export' 'PE_LIBSCI_MODULE_NAME;PE_LIBSCI_OMP_REQUIRES=' ';export' 'PE_LIBSCI_OMP_REQUIRES;PE_LIBSCI_OMP_REQUIRES_openmp=_mp' ';export' 'PE_LIBSCI_OMP_REQUIRES_openmp;PE_LIBSCI_PKGCONFIG_LIBS=libsci_mpi:libsci' ';export' 'PE_LIBSCI_PKGCONFIG_LIBS;PE_LIBSCI_PKGCONFIG_VARIABLES=PE_LIBSCI_OMP_REQUIRES_@openmp@' ';export' 'PE_LIBSCI_PKGCONFIG_VARIABLES;PE_LIBSCI_REQUIRED_PRODUCTS=PE_MPICH' ';export' 'PE_LIBSCI_REQUIRED_PRODUCTS;PE_LIBSCI_VOLATILE_PKGCONFIG_PATH=/opt/cray/libsci/13.0.3/@PRGENV@/@PE_LIBSCI_GENCOMPS@/@PE_LIBSCI_TARGET@/lib/pkgconfig' ';export' 'PE_LIBSCI_VOLATILE_PKGCONFIG_PATH;PE_LIBSCI_VOLATILE_PRGENV=CRAY\' 'GNU\' INTEL ';export' 'PE_LIBSCI_VOLATILE_PRGENV;PE_MPICH_DEFAULT_DIR_CRAY_DEFAULT64=64' ';export' 'PE_MPICH_DEFAULT_DIR_CRAY_DEFAULT64;PE_MPICH_DEFAULT_FIXED_PRGENV=INTEL' ';export' 'PE_MPICH_DEFAULT_FIXED_PRGENV;PE_MPICH_DEFAULT_GENCOMPS_CRAY=83' ';export' 'PE_MPICH_DEFAULT_GENCOMPS_CRAY;PE_MPICH_DEFAULT_GENCOMPS_GNU=49\' 48 ';export' 'PE_MPICH_DEFAULT_GENCOMPS_GNU;PE_MPICH_DEFAULT_VOLATILE_PKGCONFIG_PATH=/opt/cray/mpt/7.2.0/gni/mpich2-@PRGENV@@PE_MPICH_DEFAULT_DIR_DEFAULT64@/@PE_MPICH_DEFAULT_GENCOMPS@/lib/pkgconfig' ';export' 'PE_MPICH_DEFAULT_VOLATILE_PKGCONFIG_PATH;PE_MPICH_DEFAULT_VOLATILE_PRGENV=CRAY\' GNU ';export' 'PE_MPICH_DEFAULT_VOLATILE_PRGENV;PE_MPICH_MULTITHREADED_LIBS_multithreaded=_mt' ';export' 'PE_MPICH_MULTITHREADED_LIBS_multithreaded;PE_MPICH_NV_LIBS=' ';export' 'PE_MPICH_NV_LIBS;PE_MPICH_NV_LIBS_nvidia20=-lcudart' ';export' 'PE_MPICH_NV_LIBS_nvidia20;PE_MPICH_NV_LIBS_nvidia35=-lcudart' ';export' 'PE_MPICH_NV_LIBS_nvidia35;PE_MPICH_PKGCONFIG_VARIABLES=PE_MPICH_NV_LIBS_@accelerator@:PE_MPICH_MULTITHREADED_LIBS_@multithreaded@' ';export' 'PE_MPICH_PKGCONFIG_VARIABLES;PE_MPICH_TARGET_VAR_nvidia20=-lcudart' ';export' 'PE_MPICH_TARGET_VAR_nvidia20;PE_MPICH_TARGET_VAR_nvidia35=-lcudart' ';export' 'PE_MPICH_TARGET_VAR_nvidia35;PE_NETCDF_DEFAULT_FIXED_PRGENV=CRAY\' INTEL ';export' 'PE_NETCDF_DEFAULT_FIXED_PRGENV;PE_NETCDF_DEFAULT_GENCOMPS_GNU=49\' 48 ';export' 'PE_NETCDF_DEFAULT_GENCOMPS_GNU;PE_NETCDF_DEFAULT_REQUIRED_PRODUCTS=PE_HDF5' ';export' 'PE_NETCDF_DEFAULT_REQUIRED_PRODUCTS;PE_NETCDF_DEFAULT_VOLATILE_PKGCONFIG_PATH=/opt/cray/netcdf/4.3.2/@PRGENV@/@PE_NETCDF_DEFAULT_GENCOMPS@/lib/pkgconfig' ';export' 'PE_NETCDF_DEFAULT_VOLATILE_PKGCONFIG_PATH;PE_NETCDF_DEFAULT_VOLATILE_PRGENV=GNU' ';export' 'PE_NETCDF_DEFAULT_VOLATILE_PRGENV;PE_NETCDF_HDF5PARALLEL_DEFAULT_FIXED_PRGENV=CRAY\' INTEL ';export' 'PE_NETCDF_HDF5PARALLEL_DEFAULT_FIXED_PRGENV;PE_NETCDF_HDF5PARALLEL_DEFAULT_GENCOMPS_GNU=49\' 48 ';export' 'PE_NETCDF_HDF5PARALLEL_DEFAULT_GENCOMPS_GNU;PE_NETCDF_HDF5PARALLEL_DEFAULT_REQUIRED_PRODUCTS=PE_HDF5_PARALLEL\' PE_MPICH ';export' 'PE_NETCDF_HDF5PARALLEL_DEFAULT_REQUIRED_PRODUCTS;PE_NETCDF_HDF5PARALLEL_DEFAULT_VOLATILE_PKGCONFIG_PATH=/opt/cray/netcdf-hdf5parallel/4.3.2/@PRGENV@/@PE_NETCDF_HDF5PARALLEL_DEFAULT_GENCOMPS@/lib/pkgconfig' ';export' 'PE_NETCDF_HDF5PARALLEL_DEFAULT_VOLATILE_PKGCONFIG_PATH;PE_NETCDF_HDF5PARALLEL_DEFAULT_VOLATILE_PRGENV=GNU' ';export' 'PE_NETCDF_HDF5PARALLEL_DEFAULT_VOLATILE_PRGENV;PE_PAPI_DEFAULT_ACCEL_LIBS=' ';export' 'PE_PAPI_DEFAULT_ACCEL_LIBS;PE_PAPI_DEFAULT_ACCEL_LIBS_nvidia35=,-lcupti,-lcudart,-lcuda' ';export' 'PE_PAPI_DEFAULT_ACCEL_LIBS_nvidia35;PE_PAPI_DEFAULT_PKGCONFIG_VARIABLES=PE_PAPI_ACCEL_LIBS_@accelerator@' ';export' 'PE_PAPI_DEFAULT_PKGCONFIG_VARIABLES;PE_PAPI_DEFAULT_TARGET_VAR_nvidia35=,-lcupti,-lcudart,-lcuda' ';export' 'PE_PAPI_DEFAULT_TARGET_VAR_nvidia35;PE_PARALLEL_NETCDF_DEFAULT_FIXED_PRGENV=CRAY\' INTEL ';export' 'PE_PARALLEL_NETCDF_DEFAULT_FIXED_PRGENV;PE_PARALLEL_NETCDF_DEFAULT_GENCOMPILERS_GNU=4.9\' 4.8 ';export' 'PE_PARALLEL_NETCDF_DEFAULT_GENCOMPILERS_GNU;PE_PARALLEL_NETCDF_DEFAULT_GENCOMPS_GNU=49\' 48 ';export' 'PE_PARALLEL_NETCDF_DEFAULT_GENCOMPS_GNU;PE_PARALLEL_NETCDF_DEFAULT_VOLATILE_PKGCONFIG_PATH=/opt/cray/parallel-netcdf/1.6.0/@PRGENV@/@PE_PARALLEL_NETCDF_DEFAULT_GENCOMPS@/lib/pkgconfig' ';export' 'PE_PARALLEL_NETCDF_DEFAULT_VOLATILE_PKGCONFIG_PATH;PE_PARALLEL_NETCDF_DEFAULT_VOLATILE_PRGENV=GNU' ';export' 'PE_PARALLEL_NETCDF_DEFAULT_VOLATILE_PRGENV;PE_PETSC_DEFAULT_GENCOMPS_CRAY_haswell=83' ';export' 'PE_PETSC_DEFAULT_GENCOMPS_CRAY_haswell;PE_PETSC_DEFAULT_GENCOMPS_CRAY_interlagos=83' ';export' 'PE_PETSC_DEFAULT_GENCOMPS_CRAY_interlagos;PE_PETSC_DEFAULT_GENCOMPS_CRAY_sandybridge=83' ';export' 'PE_PETSC_DEFAULT_GENCOMPS_CRAY_sandybridge;PE_PETSC_DEFAULT_GENCOMPS_CRAY_x86_64=83' ';export' 'PE_PETSC_DEFAULT_GENCOMPS_CRAY_x86_64;PE_PETSC_DEFAULT_GENCOMPS_GNU_haswell=49\' 48 ';export' 'PE_PETSC_DEFAULT_GENCOMPS_GNU_haswell;PE_PETSC_DEFAULT_GENCOMPS_GNU_interlagos=49\' 48 ';export' 'PE_PETSC_DEFAULT_GENCOMPS_GNU_interlagos;PE_PETSC_DEFAULT_GENCOMPS_GNU_sandybridge=49\' 48 ';export' 'PE_PETSC_DEFAULT_GENCOMPS_GNU_sandybridge;PE_PETSC_DEFAULT_GENCOMPS_GNU_x86_64=49\' 48 ';export' 'PE_PETSC_DEFAULT_GENCOMPS_GNU_x86_64;PE_PETSC_DEFAULT_GENCOMPS_INTEL_haswell=140' ';export' 'PE_PETSC_DEFAULT_GENCOMPS_INTEL_haswell;PE_PETSC_DEFAULT_GENCOMPS_INTEL_interlagos=140' ';export' 'PE_PETSC_DEFAULT_GENCOMPS_INTEL_interlagos;PE_PETSC_DEFAULT_GENCOMPS_INTEL_sandybridge=140' ';export' 'PE_PETSC_DEFAULT_GENCOMPS_INTEL_sandybridge;PE_PETSC_DEFAULT_GENCOMPS_INTEL_x86_64=140' ';export' 'PE_PETSC_DEFAULT_GENCOMPS_INTEL_x86_64;PE_PETSC_DEFAULT_REQUIRED_PRODUCTS=PE_MPICH:PE_LIBSCI:PE_TPSL' ';export' 'PE_PETSC_DEFAULT_REQUIRED_PRODUCTS;PE_PETSC_DEFAULT_VOLATILE_PKGCONFIG_PATH=/opt/cray/petsc/3.5.3.0/complex/@PRGENV@/@PE_PETSC_DEFAULT_GENCOMPS@/@PE_PETSC_DEFAULT_TARGET@/lib/pkgconfig' ';export' 'PE_PETSC_DEFAULT_VOLATILE_PKGCONFIG_PATH;PE_PETSC_DEFAULT_VOLATILE_PRGENV=CRAY\' 'GNU\' INTEL ';export' 'PE_PETSC_DEFAULT_VOLATILE_PRGENV;PE_PKGCONFIG_DEFAULT_PRODUCTS=PE_TRILINOS:PE_MPICH:PE_PARALLEL_NETCDF:PE_NETCDF:PE_GA:PE_HDF5:PE_FFTW:PE_TPSL:PE_HDF5_PARALLEL:PE_LIBSCI:PE_NETCDF_HDF5PARALLEL:PE_PETSC' ';export' 'PE_PKGCONFIG_DEFAULT_PRODUCTS;PE_PKGCONFIG_LIBS=iobuf:AtpSigHandler:cray-rca:libsci_mpi:libsci' ';export' 'PE_PKGCONFIG_LIBS;PE_PKGCONFIG_PRODUCTS=PE_LIBSCI' ';export' 'PE_PKGCONFIG_PRODUCTS;PE_PKGCONFIG_PRODUCTS_DEFAULT=PE_PAPI' ';export' 'PE_PKGCONFIG_PRODUCTS_DEFAULT;PE_PKG_CONFIG_PATH=/opt/cray/cti/1.0.2/lib/pkgconfig' ';export' 'PE_PKG_CONFIG_PATH;PE_PRODUCT_LIST=CRAY_RCA:CRAY_ALPS:DVS:CRAY_XPMEM:CRAY_DMAPP:CRAY_PMI:CRAY_UGNI:CRAY_UDREG:CRAY_LIBSCI:CRAYPE:INTEL:CRAY' ';export' 'PE_PRODUCT_LIST;PE_SMA_DIR_CRAY_DEFAULT64=64' ';export' 'PE_SMA_DIR_CRAY_DEFAULT64;PE_SMA_DIR_PGI_DEFAULT64=64' ';export' 'PE_SMA_DIR_PGI_DEFAULT64;PE_SMA_VOLATILE_PKGCONFIG_PATH=/opt/cray/mpt/7.2.0/gni/sma@PE_SMA_DIR_DEFAULT64@/lib64/pkgconfig' ';export' 'PE_SMA_VOLATILE_PKGCONFIG_PATH;PE_TPSL_DEFAULT_GENCOMPS_CRAY_haswell=83' ';export' 'PE_TPSL_DEFAULT_GENCOMPS_CRAY_haswell;PE_TPSL_DEFAULT_GENCOMPS_CRAY_interlagos=83' ';export' 'PE_TPSL_DEFAULT_GENCOMPS_CRAY_interlagos;PE_TPSL_DEFAULT_GENCOMPS_CRAY_sandybridge=83' ';export' 'PE_TPSL_DEFAULT_GENCOMPS_CRAY_sandybridge;PE_TPSL_DEFAULT_GENCOMPS_CRAY_x86_64=83' ';export' 'PE_TPSL_DEFAULT_GENCOMPS_CRAY_x86_64;PE_TPSL_DEFAULT_GENCOMPS_GNU_haswell=49\' 48 ';export' 'PE_TPSL_DEFAULT_GENCOMPS_GNU_haswell;PE_TPSL_DEFAULT_GENCOMPS_GNU_interlagos=49\' 48 ';export' 'PE_TPSL_DEFAULT_GENCOMPS_GNU_interlagos;PE_TPSL_DEFAULT_GENCOMPS_GNU_sandybridge=49\' 48 ';export' 'PE_TPSL_DEFAULT_GENCOMPS_GNU_sandybridge;PE_TPSL_DEFAULT_GENCOMPS_GNU_x86_64=49\' 48 ';export' 'PE_TPSL_DEFAULT_GENCOMPS_GNU_x86_64;PE_TPSL_DEFAULT_GENCOMPS_INTEL_haswell=140' ';export' 'PE_TPSL_DEFAULT_GENCOMPS_INTEL_haswell;PE_TPSL_DEFAULT_GENCOMPS_INTEL_interlagos=140' ';export' 'PE_TPSL_DEFAULT_GENCOMPS_INTEL_interlagos;PE_TPSL_DEFAULT_GENCOMPS_INTEL_sandybridge=140' ';export' 'PE_TPSL_DEFAULT_GENCOMPS_INTEL_sandybridge;PE_TPSL_DEFAULT_GENCOMPS_INTEL_x86_64=140' ';export' 'PE_TPSL_DEFAULT_GENCOMPS_INTEL_x86_64;PE_TPSL_DEFAULT_REQUIRED_PRODUCTS=PE_MPICH:PE_LIBSCI' ';export' 'PE_TPSL_DEFAULT_REQUIRED_PRODUCTS;PE_TPSL_DEFAULT_VOLATILE_PKGCONFIG_PATH=/opt/cray/tpsl/1.4.4/@PRGENV@/@PE_TPSL_DEFAULT_GENCOMPS@/@PE_TPSL_DEFAULT_TARGET@/lib/pkgconfig' ';export' 'PE_TPSL_DEFAULT_VOLATILE_PKGCONFIG_PATH;PE_TPSL_DEFAULT_VOLATILE_PRGENV=CRAY\' 'GNU\' INTEL ';export' 'PE_TPSL_DEFAULT_VOLATILE_PRGENV;PE_TRILINOS_DEFAULT_GENCOMPS_CRAY_x86_64=83' ';export' 'PE_TRILINOS_DEFAULT_GENCOMPS_CRAY_x86_64;PE_TRILINOS_DEFAULT_GENCOMPS_GNU_x86_64=49\' 48 ';export' 'PE_TRILINOS_DEFAULT_GENCOMPS_GNU_x86_64;PE_TRILINOS_DEFAULT_GENCOMPS_INTEL_x86_64=140' ';export' 'PE_TRILINOS_DEFAULT_GENCOMPS_INTEL_x86_64;PE_TRILINOS_DEFAULT_REQUIRED_PRODUCTS=PE_MPICH:PE_HDF5_PARALLEL:PE_NETCDF_HDF5PARALLEL:PE_LIBSCI:PE_TPSL' ';export' 'PE_TRILINOS_DEFAULT_REQUIRED_PRODUCTS;PE_TRILINOS_DEFAULT_VOLATILE_PKGCONFIG_PATH=/opt/cray/trilinos/11.12.1.2/@PRGENV@/@PE_TRILINOS_DEFAULT_GENCOMPS@/@PE_TRILINOS_DEFAULT_TARGET@/lib/pkgconfig' ';export' 'PE_TRILINOS_DEFAULT_VOLATILE_PKGCONFIG_PATH;PE_TRILINOS_DEFAULT_VOLATILE_PRGENV=CRAY\' 'GNU\' INTEL ';export' 'PE_TRILINOS_DEFAULT_VOLATILE_PRGENV;PKGCONFIG_ENABLED=1' ';export' 'PKGCONFIG_ENABLED;PKG_CONFIG_PATH=/opt/cray/iobuf/2.0.5/lib/pkgconfig:/opt/cray/rca/1.0.0-2.0502.57212.2.56.ari/lib64/pkgconfig:/opt/cray/alps/5.2.3-2.0502.9295.14.14.ari/lib64/pkgconfig:/opt/cray/xpmem/0.1-2.0502.57015.1.15.ari/lib64/pkgconfig:/opt/cray/gni-headers/4.0-1.0502.10317.9.2.ari/lib64/pkgconfig:/opt/cray/dmapp/7.0.1-1.0502.10246.8.47.ari/lib64/pkgconfig:/opt/cray/pmi/5.0.6-1.0000.10439.140.2.ari/lib64/pkgconfig:/opt/cray/ugni/6.0-1.0502.10245.9.9.ari/lib64/pkgconfig:/opt/cray/udreg/2.3.2-1.0502.9889.2.20.ari/lib64/pkgconfig:/opt/cray/craype/2.3.0/pkg-config:/opt/cray/atp/1.8.1/lib/pkgconfig' ';export' 'PKG_CONFIG_PATH;PKG_CONFIG_PATH_DEFAULT=/opt/cray/papi/5.4.0.1/lib64/pkgconfig' ';export' 'PKG_CONFIG_PATH_DEFAULT;PNG_INC=/usrx/local/prod//png/1.2.49/intel/sandybridge/include' ';export' 'PNG_INC;PNG_LIB=/usrx/local/prod//png/1.2.49/intel/sandybridge/lib/libpng.a' ';export' 'PNG_LIB;PNG_LIB12=/usrx/local/prod//png/1.2.49/intel/sandybridge/lib/libpng12.a' ';export' 'PNG_LIB12;PNG_LIBDIR=/usrx/local/prod//png/1.2.49/intel/sandybridge/lib' ';export' 'PNG_LIBDIR;PNG_LIBso=/usrx/local/prod//png/1.2.49/intel/sandybridge/lib/libpng.so' ';export' 'PNG_LIBso;PNG_SRC=/usrx/local/prod//png/1.2.49/intel/sandybridge/src' ';export' 'PNG_SRC;PNG_VER=1.2.49' ';export' 'PNG_VER;SHMEM_ABORT_ON_ERROR=1' ';export' 'SHMEM_ABORT_ON_ERROR;SLURM_PROLOG=/opt/cray/atp/1.8.1/libexec/slurm_prolog.ksh' ';export' 'SLURM_PROLOG;TBBROOT=/opt/intel/composer_xe_2015.3.187/tbb' ';export' 'TBBROOT;W3NCO_LIB4=/gpfs/hps/nco/ops/nwprod/lib/w3nco/v2.0.6/intel/libw3nco_v2.0.6_4.a' ';export' 'W3NCO_LIB4;W3NCO_LIB8=/gpfs/hps/nco/ops/nwprod/lib/w3nco/v2.0.6/intel/libw3nco_v2.0.6_8.a' ';export' 'W3NCO_LIB8;W3NCO_LIBd=/gpfs/hps/nco/ops/nwprod/lib/w3nco/v2.0.6/intel/libw3nco_v2.0.6_d.a' ';export' 'W3NCO_LIBd;W3NCO_SRC=/gpfs/hps/nco/ops/nwprod/lib/w3nco/v2.0.6/src' ';export' 'W3NCO_SRC;W3NCO_VER=v2.0.6' ';export' 'W3NCO_VER;XTPE_NETWORK_TARGET=aries' ';export' 'XTPE_NETWORK_TARGET;Z_INC=/usrx/local/prod/zlib/1.2.7/intel/sandybridge/include' ';export' 'Z_INC;Z_LIB=/usrx/local/prod/zlib/1.2.7/intel/sandybridge/lib/libz.a' ';export' 'Z_LIB;Z_SRC=/usrx/local/prod/zlib/1.2.7/intel/sandybridge/src' ';export' 'Z_SRC;Z_VER=1.2.7' ';export' 'Z_VER;_LMFILES_=/opt/cray/craype/default/alt-modulefiles/craype-network-aries:/opt/cray/alt-modulefiles/craype/2.3.0:/opt/modulefiles/intel/15.0.3.187:/opt/cray/alt-modulefiles/cray-libsci/13.0.3:/opt/cray/ari/modulefiles/udreg/2.3.2-1.0502.9889.2.20.ari:/opt/cray/ari/modulefiles/ugni/6.0-1.0502.10245.9.9.ari:/opt/cray/ari/modulefiles/pmi/5.0.6-1.0000.10439.140.2.ari:/opt/cray/ari/modulefiles/dmapp/7.0.1-1.0502.10246.8.47.ari:/opt/cray/ari/modulefiles/gni-headers/4.0-1.0502.10317.9.2.ari:/opt/cray/ari/modulefiles/xpmem/0.1-2.0502.57015.1.15.ari:/opt/cray/ari/modulefiles/dvs/2.5_0.9.0-1.0502.1958.2.55.ari:/opt/cray/ari/modulefiles/alps/5.2.3-2.0502.9295.14.14.ari:/opt/cray/ari/modulefiles/rca/1.0.0-2.0502.57212.2.56.ari:/opt/cray/alt-modulefiles/atp/1.8.1:/opt/cray/alt-modulefiles/PrgEnv-intel/5.2.56:/opt/cray/alt-modulefiles/iobuf/2.0.5:/usrx/local/prod/modulefiles/jasper-gnu-sandybridge/1.900.1:/usrx/local/prod/modulefiles/png-intel-sandybridge/1.2.49:/usrx/local/prod/modulefiles/zlib-intel-sandybridge/1.2.7:/gpfs/hps/nco/ops/nwprod/lib/modulefiles/g2-intel/3.1.0:/gpfs/hps/nco/ops/nwprod/lib/modulefiles/w3nco-intel/2.0.6:/gpfs/hps/nco/ops/nwprod/lib/modulefiles/bacio-intel/2.0.1:../modulefiles/build_glwu.module' ';export' '_LMFILES_;'
++ ATP_HOME=/opt/cray/atp/1.8.1
++ export ATP_HOME
++ ATP_MRNET_COMM_PATH=/opt/cray/atp/1.8.1/libexec/atp_mrnet_commnode_wrapper
++ export ATP_MRNET_COMM_PATH
++ ATP_POST_LINK_OPTS='-Wl,-L/opt/cray/atp/1.8.1/libApp/ '
++ export ATP_POST_LINK_OPTS
++ BACIO_LIB4=/gpfs/hps/nco/ops/nwprod/lib/bacio/v2.0.1/intel/libbacio_v2.0.1_4.a
++ export BACIO_LIB4
++ BACIO_LIB8=/gpfs/hps/nco/ops/nwprod/lib/bacio/v2.0.1/intel/libbacio_v2.0.1_8.a
++ export BACIO_LIB8
++ BACIO_SRC=/gpfs/hps/nco/ops/nwprod/lib/bacio/v2.0.1/src
++ export BACIO_SRC
++ BACIO_VER=v2.0.1
++ export BACIO_VER
++ COMP=intel
++ export COMP
++ CPATH=/opt/intel/composer_xe_2015.3.187/ipp/include:/opt/intel/composer_xe_2015.3.187/mkl/include:/opt/intel/composer_xe_2015.3.187/tbb/include
++ export CPATH
++ CRAYPE_DIR=/opt/cray/craype/2.3.0
++ export CRAYPE_DIR
++ CRAYPE_NETWORK_TARGET=aries
++ export CRAYPE_NETWORK_TARGET
++ CRAYPE_VERSION=2.3.0
++ export CRAYPE_VERSION
++ CRAY_ALPS_INCLUDE_OPTS=-I/opt/cray/alps/5.2.3-2.0502.9295.14.14.ari/include
++ export CRAY_ALPS_INCLUDE_OPTS
++ CRAY_ALPS_POST_LINK_OPTS=-L/opt/cray/alps/5.2.3-2.0502.9295.14.14.ari/lib64
++ export CRAY_ALPS_POST_LINK_OPTS
++ CRAY_DMAPP_INCLUDE_OPTS='-I/opt/cray/dmapp/7.0.1-1.0502.10246.8.47.ari/include -I/opt/cray/gni-headers/4.0-1.0502.10317.9.2.ari/include '
++ export CRAY_DMAPP_INCLUDE_OPTS
++ CRAY_DMAPP_POST_LINK_OPTS=-L/opt/cray/dmapp/7.0.1-1.0502.10246.8.47.ari/lib64
++ export CRAY_DMAPP_POST_LINK_OPTS
++ CRAY_GNI_HEADERS_INCLUDE_OPTS=-I/opt/cray/gni-headers/4.0-1.0502.10317.9.2.ari/include
++ export CRAY_GNI_HEADERS_INCLUDE_OPTS
++ CRAY_IOBUF_DIR=/opt/cray/iobuf/2.0.5
++ export CRAY_IOBUF_DIR
++ CRAY_IOBUF_INCLUDE_OPTS=-I/opt/cray/iobuf/2.0.5/include
++ export CRAY_IOBUF_INCLUDE_OPTS
++ CRAY_IOBUF_POST_LINK_OPTS=-Wl,/opt/cray/iobuf/2.0.5/lib/iobuf.o
++ export CRAY_IOBUF_POST_LINK_OPTS
++ CRAY_IOBUF_VERSION=2.0.5
++ export CRAY_IOBUF_VERSION
++ CRAY_LD_LIBRARY_PATH=/opt/cray/rca/1.0.0-2.0502.57212.2.56.ari/lib64:/opt/cray/alps/5.2.3-2.0502.9295.14.14.ari/lib64:/opt/cray/xpmem/0.1-2.0502.57015.1.15.ari/lib64:/opt/cray/dmapp/7.0.1-1.0502.10246.8.47.ari/lib64:/opt/cray/pmi/5.0.6-1.0000.10439.140.2.ari/lib64:/opt/cray/ugni/6.0-1.0502.10245.9.9.ari/lib64:/opt/cray/udreg/2.3.2-1.0502.9889.2.20.ari/lib64:/opt/cray/libsci/13.0.3/INTEL/140/x86_64/lib
++ export CRAY_LD_LIBRARY_PATH
++ CRAY_LIBSCI_BASE_DIR=/opt/cray/libsci/13.0.3
++ export CRAY_LIBSCI_BASE_DIR
++ CRAY_LIBSCI_DIR=/opt/cray/libsci/13.0.3
++ export CRAY_LIBSCI_DIR
++ CRAY_LIBSCI_PREFIX_DIR=/opt/cray/libsci/13.0.3/INTEL/140/x86_64
++ export CRAY_LIBSCI_PREFIX_DIR
++ CRAY_LIBSCI_VERSION=13.0.3
++ export CRAY_LIBSCI_VERSION
++ CRAY_PMI_INCLUDE_OPTS=-I/opt/cray/pmi/5.0.6-1.0000.10439.140.2.ari/include
++ export CRAY_PMI_INCLUDE_OPTS
++ CRAY_PMI_POST_LINK_OPTS=-L/opt/cray/pmi/5.0.6-1.0000.10439.140.2.ari/lib64
++ export CRAY_PMI_POST_LINK_OPTS
++ CRAY_PRE_COMPILE_OPTS=-hnetwork=aries
++ export CRAY_PRE_COMPILE_OPTS
++ CRAY_PRGENVINTEL=loaded
++ export CRAY_PRGENVINTEL
++ CRAY_RCA_INCLUDE_OPTS='-I/opt/cray/rca/1.0.0-2.0502.57212.2.56.ari/include -I/opt/cray/krca/1.0.0-2.0502.57202.2.45.ari/include -I/opt/cray-hss-devel/7.2.0/include '
++ export CRAY_RCA_INCLUDE_OPTS
++ CRAY_RCA_POST_LINK_OPTS='-L/opt/cray/rca/1.0.0-2.0502.57212.2.56.ari/lib64 -lrca '
++ export CRAY_RCA_POST_LINK_OPTS
++ CRAY_UDREG_INCLUDE_OPTS=-I/opt/cray/udreg/2.3.2-1.0502.9889.2.20.ari/include
++ export CRAY_UDREG_INCLUDE_OPTS
++ CRAY_UDREG_POST_LINK_OPTS=-L/opt/cray/udreg/2.3.2-1.0502.9889.2.20.ari/lib64
++ export CRAY_UDREG_POST_LINK_OPTS
++ CRAY_UGNI_INCLUDE_OPTS=-I/opt/cray/ugni/6.0-1.0502.10245.9.9.ari/include
++ export CRAY_UGNI_INCLUDE_OPTS
++ CRAY_UGNI_POST_LINK_OPTS=-L/opt/cray/ugni/6.0-1.0502.10245.9.9.ari/lib64
++ export CRAY_UGNI_POST_LINK_OPTS
++ CRAY_XPMEM_INCLUDE_OPTS=-I/opt/cray/xpmem/0.1-2.0502.57015.1.15.ari/include
++ export CRAY_XPMEM_INCLUDE_OPTS
++ CRAY_XPMEM_POST_LINK_OPTS=-L/opt/cray/xpmem/0.1-2.0502.57015.1.15.ari/lib64
++ export CRAY_XPMEM_POST_LINK_OPTS
++ DMAPP_ABORT_ON_ERROR=1
++ export DMAPP_ABORT_ON_ERROR
++ DVS_INCLUDE_OPTS=-I/opt/cray/dvs/2.5_0.9.0-1.0502.1958.2.55.ari/include
++ export DVS_INCLUDE_OPTS
++ DVS_VERSION=0.9.0
++ export DVS_VERSION
++ G2_INC4=/gpfs/hps/nco/ops/nwprod/lib/g2/v3.1.0/intel/include/g2_v3.1.0_4
++ export G2_INC4
++ G2_INCd=/gpfs/hps/nco/ops/nwprod/lib/g2/v3.1.0/intel/include/g2_v3.1.0_d
++ export G2_INCd
++ G2_LIB4=/gpfs/hps/nco/ops/nwprod/lib/g2/v3.1.0/intel/libg2_v3.1.0_4.a
++ export G2_LIB4
++ G2_LIBd=/gpfs/hps/nco/ops/nwprod/lib/g2/v3.1.0/intel/libg2_v3.1.0_d.a
++ export G2_LIBd
++ G2_SRC=/gpfs/hps/nco/ops/nwprod/lib/g2/v3.1.0/src
++ export G2_SRC
++ G2_VER=v3.1.0
++ export G2_VER
++ GDBSERVER_MIC=/opt/intel/composer_xe_2015.3.187/debugger/gdb/target/mic/bin/gdbserver
++ export GDBSERVER_MIC
++ GDB_CROSS=/opt/intel/composer_xe_2015.3.187/debugger/gdb/intel64_mic/bin/gdb-mic
++ export GDB_CROSS
++ GDB_HOST=/opt/intel/composer_xe_2015.3.187/debugger/gdb/intel64_mic/bin/gdb-ia-mic
++ export GDB_HOST
++ INFOPATH=/opt/intel/composer_xe_2015.3.187/debugger/gdb/intel64/share/info/:/opt/intel/composer_xe_2015.3.187/debugger/gdb/intel64_mic/share/info/:/usr/local/info:/usr/share/info:/usr/info
++ export INFOPATH
++ INTEL_LICENSE_FILE=/opt/intel/composer_xe_2015.3.187/licenses:/opt/intel/licenses:/intel/licenses
++ export INTEL_LICENSE_FILE
++ INTEL_MAJOR_VERSION=15.0
++ export INTEL_MAJOR_VERSION
++ INTEL_MINOR_VERSION=3.187
++ export INTEL_MINOR_VERSION
++ INTEL_PATH=/opt/intel/composer_xe_2015.3.187
++ export INTEL_PATH
++ INTEL_PYTHONHOME=/opt/intel/composer_xe_2015.3.187/debugger/python/intel64/
++ export INTEL_PYTHONHOME
++ INTEL_VERSION=15.0.3.187
++ export INTEL_VERSION
++ IPPROOT=/opt/intel/composer_xe_2015.3.187/ipp
++ export IPPROOT
++ JASPER_INC=/usrx/local/prod//jasper/1.900.1/gnu/sandybridge/include
++ export JASPER_INC
++ JASPER_LIB=/usrx/local/prod//jasper/1.900.1/gnu/sandybridge/lib/libjasper.a
++ export JASPER_LIB
++ JASPER_LIBDIR=/usrx/local/prod//jasper/1.900.1/gnu/sandybridge/lib
++ export JASPER_LIBDIR
++ JASPER_LIBl=/usrx/local/prod//jasper/1.900.1/gnu/sandybridge/lib/libjasper.la
++ export JASPER_LIBl
++ JASPER_SRC=/usrx/local/prod//jasper/1.900.1/gnu/sandybridge/sorc/jasper_v1.900.1
++ export JASPER_SRC
++ JASPER_VER=1.900.1
++ export JASPER_VER
++ LD_LIBRARY_PATH=/usrx/local/prod/zlib/1.2.7/intel/sandybridge/lib:/opt/intel/composer_xe_2015.3.187/compiler/lib/intel64:/opt/intel/mic/coi/host-linux-release/lib:/opt/intel/mic/myo/lib:/opt/intel/composer_xe_2015.3.187/mpirt/lib/intel64:/opt/intel/composer_xe_2015.3.187/ipp/../compiler/lib/intel64:/opt/intel/composer_xe_2015.3.187/ipp/lib/intel64:/opt/intel/composer_xe_2015.3.187/ipp/tools/intel64/perfsys:/opt/intel/mic/coi/host-linux-release/lib:/opt/intel/mic/myo/lib:/opt/intel/composer_xe_2015.3.187/compiler/lib/intel64:/opt/intel/composer_xe_2015.3.187/mkl/lib/intel64:/opt/intel/composer_xe_2015.3.187/tbb/lib/intel64/gcc4.1:/opt/intel/composer_xe_2015.3.187/debugger/libipt/intel64/lib
++ export LD_LIBRARY_PATH
++ LIBRARY_PATH=/opt/intel/composer_xe_2015.3.187/compiler/lib/intel64:/opt/intel/composer_xe_2015.3.187/ipp/../compiler/lib/intel64:/opt/intel/composer_xe_2015.3.187/ipp/lib/intel64:/opt/intel/composer_xe_2015.3.187/compiler/lib/intel64:/opt/intel/composer_xe_2015.3.187/mkl/lib/intel64:/opt/intel/composer_xe_2015.3.187/tbb/lib/intel64/gcc4.1
++ export LIBRARY_PATH
++ LIBSCI_BASE_DIR=/opt/cray/libsci/13.0.3
++ export LIBSCI_BASE_DIR
++ LIBSCI_VERSION=13.0.3
++ export LIBSCI_VERSION
++ LOADEDMODULES=craype-network-aries:craype/2.3.0:intel/15.0.3.187:cray-libsci/13.0.3:udreg/2.3.2-1.0502.9889.2.20.ari:ugni/6.0-1.0502.10245.9.9.ari:pmi/5.0.6-1.0000.10439.140.2.ari:dmapp/7.0.1-1.0502.10246.8.47.ari:gni-headers/4.0-1.0502.10317.9.2.ari:xpmem/0.1-2.0502.57015.1.15.ari:dvs/2.5_0.9.0-1.0502.1958.2.55.ari:alps/5.2.3-2.0502.9295.14.14.ari:rca/1.0.0-2.0502.57212.2.56.ari:atp/1.8.1:PrgEnv-intel/5.2.56:iobuf/2.0.5:jasper-gnu-sandybridge/1.900.1:png-intel-sandybridge/1.2.49:zlib-intel-sandybridge/1.2.7:g2-intel/3.1.0:w3nco-intel/2.0.6:bacio-intel/2.0.1:build_glwu.module
++ export LOADEDMODULES
++ MANPATH=/usrx/local/prod/zlib/1.2.7/intel/sandybridge/share/man:/opt/cray/iobuf/2.0.5/man:/opt/cray/atp/1.8.1/man:/opt/cray/alps/5.2.3-2.0502.9295.14.14.ari/man:/opt/cray/libsci/13.0.3/man:/opt/cray/man/csmlversion:/opt/intel/composer_xe_2015.3.187/man/en_US:/opt/intel/composer_xe_2015.3.187/man/en_US:/opt/intel/composer_xe_2015.3.187/debugger/gdb/intel64/share/man/:/opt/intel/composer_xe_2015.3.187/debugger/gdb/intel64_mic/share/man/:/opt/cray/craype/2.3.0/man:/opt/cray/share/man:/usr/local/man:/usr/share/man:/opt/cray/share/man:/cm/local/apps/environment-modules/current/share/man:/opt/cray/man
++ export MANPATH
++ MIC_LD_LIBRARY_PATH=/opt/intel/composer_xe_2015.3.187/compiler/lib/mic:/opt/intel/composer_xe_2015.3.187/mpirt/lib/mic:/opt/intel/mic/coi/device-linux-release/lib:/opt/intel/mic/myo/lib:/opt/intel/composer_xe_2015.3.187/ipp/lib/lib/mic:/opt/intel/mic/coi/device-linux-release/lib:/opt/intel/mic/myo/lib:/opt/intel/composer_xe_2015.3.187/compiler/lib/mic:/opt/intel/composer_xe_2015.3.187/mkl/lib/mic:/opt/intel/composer_xe_2015.3.187/tbb/lib/mic
++ export MIC_LD_LIBRARY_PATH
++ MIC_LIBRARY_PATH=/opt/intel/composer_xe_2015.3.187/compiler/lib/mic:/opt/intel/composer_xe_2015.3.187/mpirt/lib/mic:/opt/intel/composer_xe_2015.3.187/tbb/lib/mic
++ export MIC_LIBRARY_PATH
++ MKLROOT=/opt/intel/composer_xe_2015.3.187/mkl
++ export MKLROOT
++ MODULEPATH=/opt/cray/ari/modulefiles:../modulefiles:/usrx/local/prod/modulefiles:/gpfs/hps/nco/ops/nwprod/lib/modulefiles:/gpfs/hps/nco/ops/nwprod/modulefiles:/opt/cray/alt-modulefiles:/opt/cray/craype/default/alt-modulefiles:/opt/modulefiles
++ export MODULEPATH
++ MPICH_ABORT_ON_ERROR=1
++ export MPICH_ABORT_ON_ERROR
++ MPM_LAUNCHER=/opt/intel/composer_xe_2015.3.187/debugger/mpm/bin/start_mpm.sh
++ export MPM_LAUNCHER
++ NLSPATH=/opt/intel/composer_xe_2015.3.187/compiler/lib/intel64/locale/%l_%t/%N:/opt/intel/composer_xe_2015.3.187/ipp/lib/intel64/locale/%l_%t/%N:/opt/intel/composer_xe_2015.3.187/mkl/lib/intel64/locale/%l_%t/%N:/opt/intel/composer_xe_2015.3.187/debugger/gdb/intel64_mic/share/locale/%l_%t/%N:/opt/intel/composer_xe_2015.3.187/debugger/gdb/intel64/share/locale/%l_%t/%N
++ export NLSPATH
++ PATH=/opt/cray/rca/1.0.0-2.0502.57212.2.56.ari/bin:/opt/cray/alps/5.2.3-2.0502.9295.14.14.ari/sbin:/opt/cray/alps/5.2.3-2.0502.9295.14.14.ari/bin:/opt/cray/dvs/2.5_0.9.0-1.0502.1958.2.55.ari/bin:/opt/cray/xpmem/0.1-2.0502.57015.1.15.ari/bin:/opt/cray/pmi/5.0.6-1.0000.10439.140.2.ari/bin:/opt/cray/ugni/6.0-1.0502.10245.9.9.ari/bin:/opt/cray/udreg/2.3.2-1.0502.9889.2.20.ari/bin:/opt/intel/composer_xe_2015.3.187/bin/intel64:/opt/intel/composer_xe_2015.3.187/debugger/gdb/intel64_mic/bin:/opt/cray/craype/2.3.0/bin:/u/Xiaoxue.Wang/bin:/usr/local/bin:/usr/bin:/bin:/usr/bin/X11:/usr/X11R6/bin:/usr/games:/opt/bin:/usr/lib/mit/bin:/usr/lib/mit/sbin:/sbin:/usr/sbin:.:/usr/lib/qt3/bin:/opt/cray/bin:/usrx/local/prod/zlib/1.2.7/intel/sandybridge/include
++ export PATH
++ PE_CRAY_DEFAULT_FIXED_PKGCONFIG_PATH=/opt/cray/parallel-netcdf/1.6.0/CRAY/8.3/lib/pkgconfig:/opt/cray/netcdf/4.3.2/CRAY/83/lib/pkgconfig:/opt/cray/ga/5.3.0.1/CRAY/83/lib/pkgconfig:/opt/cray/hdf5/1.8.13/CRAY/83/lib/pkgconfig:/opt/cray/hdf5-parallel/1.8.13/CRAY/83/lib/pkgconfig:/opt/cray/netcdf-hdf5parallel/4.3.2/CRAY/83/lib/pkgconfig
++ export PE_CRAY_DEFAULT_FIXED_PKGCONFIG_PATH
++ PE_ENV=INTEL
++ export PE_ENV
++ PE_FFTW_DEFAULT_REQUIRED_PRODUCTS=PE_MPICH
++ export PE_FFTW_DEFAULT_REQUIRED_PRODUCTS
++ PE_FFTW_DEFAULT_TARGET_haswell=haswell
++ export PE_FFTW_DEFAULT_TARGET_haswell
++ PE_FFTW_DEFAULT_TARGET_interlagos=interlagos
++ export PE_FFTW_DEFAULT_TARGET_interlagos
++ PE_FFTW_DEFAULT_TARGET_sandybridge=sandybridge
++ export PE_FFTW_DEFAULT_TARGET_sandybridge
++ PE_FFTW_DEFAULT_TARGET_x86_64=x86_64
++ export PE_FFTW_DEFAULT_TARGET_x86_64
++ PE_FFTW_DEFAULT_VOLATILE_PKGCONFIG_PATH=/opt/cray/fftw/3.3.4.2/@PE_FFTW_DEFAULT_TARGET@/lib/pkgconfig
++ export PE_FFTW_DEFAULT_VOLATILE_PKGCONFIG_PATH
++ PE_GA_DEFAULT_FIXED_PRGENV='CRAY INTEL'
++ export PE_GA_DEFAULT_FIXED_PRGENV
++ PE_GA_DEFAULT_GENCOMPS_GNU='49 48'
++ export PE_GA_DEFAULT_GENCOMPS_GNU
++ PE_GA_DEFAULT_VOLATILE_PKGCONFIG_PATH=/opt/cray/ga/5.3.0.1/@PRGENV@/@PE_GA_DEFAULT_GENCOMPS@/lib/pkgconfig
++ export PE_GA_DEFAULT_VOLATILE_PKGCONFIG_PATH
++ PE_GA_DEFAULT_VOLATILE_PRGENV=GNU
++ export PE_GA_DEFAULT_VOLATILE_PRGENV
++ PE_HDF5_DEFAULT_FIXED_PRGENV='CRAY INTEL'
++ export PE_HDF5_DEFAULT_FIXED_PRGENV
++ PE_HDF5_DEFAULT_GENCOMPS_GNU='49 48'
++ export PE_HDF5_DEFAULT_GENCOMPS_GNU
++ PE_HDF5_DEFAULT_VOLATILE_PKGCONFIG_PATH=/opt/cray/hdf5/1.8.13/@PRGENV@/@PE_HDF5_DEFAULT_GENCOMPS@/lib/pkgconfig
++ export PE_HDF5_DEFAULT_VOLATILE_PKGCONFIG_PATH
++ PE_HDF5_DEFAULT_VOLATILE_PRGENV=GNU
++ export PE_HDF5_DEFAULT_VOLATILE_PRGENV
++ PE_HDF5_PARALLEL_DEFAULT_FIXED_PRGENV='CRAY INTEL'
++ export PE_HDF5_PARALLEL_DEFAULT_FIXED_PRGENV
++ PE_HDF5_PARALLEL_DEFAULT_GENCOMPS_GNU='49 48'
++ export PE_HDF5_PARALLEL_DEFAULT_GENCOMPS_GNU
++ PE_HDF5_PARALLEL_DEFAULT_REQUIRED_PRODUCTS=PE_MPICH
++ export PE_HDF5_PARALLEL_DEFAULT_REQUIRED_PRODUCTS
++ PE_HDF5_PARALLEL_DEFAULT_VOLATILE_PKGCONFIG_PATH=/opt/cray/hdf5-parallel/1.8.13/@PRGENV@/@PE_HDF5_PARALLEL_DEFAULT_GENCOMPS@/lib/pkgconfig
++ export PE_HDF5_PARALLEL_DEFAULT_VOLATILE_PKGCONFIG_PATH
++ PE_HDF5_PARALLEL_DEFAULT_VOLATILE_PRGENV=GNU
++ export PE_HDF5_PARALLEL_DEFAULT_VOLATILE_PRGENV
++ PE_INTEL_DEFAULT_FIXED_PKGCONFIG_PATH=/opt/cray/mpt/7.2.0/gni/mpich2-intel/140/lib/pkgconfig:/opt/cray/parallel-netcdf/1.6.0/INTEL/14.0/lib/pkgconfig:/opt/cray/netcdf/4.3.2/INTEL/140/lib/pkgconfig:/opt/cray/ga/5.3.0.1/INTEL/140/lib/pkgconfig:/opt/cray/hdf5/1.8.13/INTEL/140/lib/pkgconfig:/opt/cray/hdf5-parallel/1.8.13/INTEL/140/lib/pkgconfig:/opt/cray/netcdf-hdf5parallel/4.3.2/INTEL/140/lib/pkgconfig
++ export PE_INTEL_DEFAULT_FIXED_PKGCONFIG_PATH
++ PE_LIBSCI_DEFAULT_GENCOMPS_CRAY_x86_64=83
++ export PE_LIBSCI_DEFAULT_GENCOMPS_CRAY_x86_64
++ PE_LIBSCI_DEFAULT_GENCOMPS_GNU_x86_64='49 48'
++ export PE_LIBSCI_DEFAULT_GENCOMPS_GNU_x86_64
++ PE_LIBSCI_DEFAULT_GENCOMPS_INTEL_x86_64=140
++ export PE_LIBSCI_DEFAULT_GENCOMPS_INTEL_x86_64
++ PE_LIBSCI_DEFAULT_OMP_REQUIRES=
++ export PE_LIBSCI_DEFAULT_OMP_REQUIRES
++ PE_LIBSCI_DEFAULT_OMP_REQUIRES_openmp=_mp
++ export PE_LIBSCI_DEFAULT_OMP_REQUIRES_openmp
++ PE_LIBSCI_DEFAULT_PKGCONFIG_VARIABLES=PE_LIBSCI_DEFAULT_OMP_REQUIRES_@openmp@
++ export PE_LIBSCI_DEFAULT_PKGCONFIG_VARIABLES
++ PE_LIBSCI_DEFAULT_REQUIRED_PRODUCTS=PE_MPICH
++ export PE_LIBSCI_DEFAULT_REQUIRED_PRODUCTS
++ PE_LIBSCI_DEFAULT_VOLATILE_PKGCONFIG_PATH=/opt/cray/libsci/13.0.3/@PRGENV@/@PE_LIBSCI_DEFAULT_GENCOMPS@/@PE_LIBSCI_DEFAULT_TARGET@/lib/pkgconfig
++ export PE_LIBSCI_DEFAULT_VOLATILE_PKGCONFIG_PATH
++ PE_LIBSCI_DEFAULT_VOLATILE_PRGENV='CRAY GNU INTEL'
++ export PE_LIBSCI_DEFAULT_VOLATILE_PRGENV
++ PE_LIBSCI_GENCOMPS_CRAY_x86_64=83
++ export PE_LIBSCI_GENCOMPS_CRAY_x86_64
++ PE_LIBSCI_GENCOMPS_GNU_x86_64='49 48'
++ export PE_LIBSCI_GENCOMPS_GNU_x86_64
++ PE_LIBSCI_GENCOMPS_INTEL_x86_64=140
++ export PE_LIBSCI_GENCOMPS_INTEL_x86_64
++ PE_LIBSCI_MODULE_NAME=cray-libsci/13.0.3
++ export PE_LIBSCI_MODULE_NAME
++ PE_LIBSCI_OMP_REQUIRES=
++ export PE_LIBSCI_OMP_REQUIRES
++ PE_LIBSCI_OMP_REQUIRES_openmp=_mp
++ export PE_LIBSCI_OMP_REQUIRES_openmp
++ PE_LIBSCI_PKGCONFIG_LIBS=libsci_mpi:libsci
++ export PE_LIBSCI_PKGCONFIG_LIBS
++ PE_LIBSCI_PKGCONFIG_VARIABLES=PE_LIBSCI_OMP_REQUIRES_@openmp@
++ export PE_LIBSCI_PKGCONFIG_VARIABLES
++ PE_LIBSCI_REQUIRED_PRODUCTS=PE_MPICH
++ export PE_LIBSCI_REQUIRED_PRODUCTS
++ PE_LIBSCI_VOLATILE_PKGCONFIG_PATH=/opt/cray/libsci/13.0.3/@PRGENV@/@PE_LIBSCI_GENCOMPS@/@PE_LIBSCI_TARGET@/lib/pkgconfig
++ export PE_LIBSCI_VOLATILE_PKGCONFIG_PATH
++ PE_LIBSCI_VOLATILE_PRGENV='CRAY GNU INTEL'
++ export PE_LIBSCI_VOLATILE_PRGENV
++ PE_MPICH_DEFAULT_DIR_CRAY_DEFAULT64=64
++ export PE_MPICH_DEFAULT_DIR_CRAY_DEFAULT64
++ PE_MPICH_DEFAULT_FIXED_PRGENV=INTEL
++ export PE_MPICH_DEFAULT_FIXED_PRGENV
++ PE_MPICH_DEFAULT_GENCOMPS_CRAY=83
++ export PE_MPICH_DEFAULT_GENCOMPS_CRAY
++ PE_MPICH_DEFAULT_GENCOMPS_GNU='49 48'
++ export PE_MPICH_DEFAULT_GENCOMPS_GNU
++ PE_MPICH_DEFAULT_VOLATILE_PKGCONFIG_PATH=/opt/cray/mpt/7.2.0/gni/mpich2-@PRGENV@@PE_MPICH_DEFAULT_DIR_DEFAULT64@/@PE_MPICH_DEFAULT_GENCOMPS@/lib/pkgconfig
++ export PE_MPICH_DEFAULT_VOLATILE_PKGCONFIG_PATH
++ PE_MPICH_DEFAULT_VOLATILE_PRGENV='CRAY GNU'
++ export PE_MPICH_DEFAULT_VOLATILE_PRGENV
++ PE_MPICH_MULTITHREADED_LIBS_multithreaded=_mt
++ export PE_MPICH_MULTITHREADED_LIBS_multithreaded
++ PE_MPICH_NV_LIBS=
++ export PE_MPICH_NV_LIBS
++ PE_MPICH_NV_LIBS_nvidia20=-lcudart
++ export PE_MPICH_NV_LIBS_nvidia20
++ PE_MPICH_NV_LIBS_nvidia35=-lcudart
++ export PE_MPICH_NV_LIBS_nvidia35
++ PE_MPICH_PKGCONFIG_VARIABLES=PE_MPICH_NV_LIBS_@accelerator@:PE_MPICH_MULTITHREADED_LIBS_@multithreaded@
++ export PE_MPICH_PKGCONFIG_VARIABLES
++ PE_MPICH_TARGET_VAR_nvidia20=-lcudart
++ export PE_MPICH_TARGET_VAR_nvidia20
++ PE_MPICH_TARGET_VAR_nvidia35=-lcudart
++ export PE_MPICH_TARGET_VAR_nvidia35
++ PE_NETCDF_DEFAULT_FIXED_PRGENV='CRAY INTEL'
++ export PE_NETCDF_DEFAULT_FIXED_PRGENV
++ PE_NETCDF_DEFAULT_GENCOMPS_GNU='49 48'
++ export PE_NETCDF_DEFAULT_GENCOMPS_GNU
++ PE_NETCDF_DEFAULT_REQUIRED_PRODUCTS=PE_HDF5
++ export PE_NETCDF_DEFAULT_REQUIRED_PRODUCTS
++ PE_NETCDF_DEFAULT_VOLATILE_PKGCONFIG_PATH=/opt/cray/netcdf/4.3.2/@PRGENV@/@PE_NETCDF_DEFAULT_GENCOMPS@/lib/pkgconfig
++ export PE_NETCDF_DEFAULT_VOLATILE_PKGCONFIG_PATH
++ PE_NETCDF_DEFAULT_VOLATILE_PRGENV=GNU
++ export PE_NETCDF_DEFAULT_VOLATILE_PRGENV
++ PE_NETCDF_HDF5PARALLEL_DEFAULT_FIXED_PRGENV='CRAY INTEL'
++ export PE_NETCDF_HDF5PARALLEL_DEFAULT_FIXED_PRGENV
++ PE_NETCDF_HDF5PARALLEL_DEFAULT_GENCOMPS_GNU='49 48'
++ export PE_NETCDF_HDF5PARALLEL_DEFAULT_GENCOMPS_GNU
++ PE_NETCDF_HDF5PARALLEL_DEFAULT_REQUIRED_PRODUCTS='PE_HDF5_PARALLEL PE_MPICH'
++ export PE_NETCDF_HDF5PARALLEL_DEFAULT_REQUIRED_PRODUCTS
++ PE_NETCDF_HDF5PARALLEL_DEFAULT_VOLATILE_PKGCONFIG_PATH=/opt/cray/netcdf-hdf5parallel/4.3.2/@PRGENV@/@PE_NETCDF_HDF5PARALLEL_DEFAULT_GENCOMPS@/lib/pkgconfig
++ export PE_NETCDF_HDF5PARALLEL_DEFAULT_VOLATILE_PKGCONFIG_PATH
++ PE_NETCDF_HDF5PARALLEL_DEFAULT_VOLATILE_PRGENV=GNU
++ export PE_NETCDF_HDF5PARALLEL_DEFAULT_VOLATILE_PRGENV
++ PE_PAPI_DEFAULT_ACCEL_LIBS=
++ export PE_PAPI_DEFAULT_ACCEL_LIBS
++ PE_PAPI_DEFAULT_ACCEL_LIBS_nvidia35=,-lcupti,-lcudart,-lcuda
++ export PE_PAPI_DEFAULT_ACCEL_LIBS_nvidia35
++ PE_PAPI_DEFAULT_PKGCONFIG_VARIABLES=PE_PAPI_ACCEL_LIBS_@accelerator@
++ export PE_PAPI_DEFAULT_PKGCONFIG_VARIABLES
++ PE_PAPI_DEFAULT_TARGET_VAR_nvidia35=,-lcupti,-lcudart,-lcuda
++ export PE_PAPI_DEFAULT_TARGET_VAR_nvidia35
++ PE_PARALLEL_NETCDF_DEFAULT_FIXED_PRGENV='CRAY INTEL'
++ export PE_PARALLEL_NETCDF_DEFAULT_FIXED_PRGENV
++ PE_PARALLEL_NETCDF_DEFAULT_GENCOMPILERS_GNU='4.9 4.8'
++ export PE_PARALLEL_NETCDF_DEFAULT_GENCOMPILERS_GNU
++ PE_PARALLEL_NETCDF_DEFAULT_GENCOMPS_GNU='49 48'
++ export PE_PARALLEL_NETCDF_DEFAULT_GENCOMPS_GNU
++ PE_PARALLEL_NETCDF_DEFAULT_VOLATILE_PKGCONFIG_PATH=/opt/cray/parallel-netcdf/1.6.0/@PRGENV@/@PE_PARALLEL_NETCDF_DEFAULT_GENCOMPS@/lib/pkgconfig
++ export PE_PARALLEL_NETCDF_DEFAULT_VOLATILE_PKGCONFIG_PATH
++ PE_PARALLEL_NETCDF_DEFAULT_VOLATILE_PRGENV=GNU
++ export PE_PARALLEL_NETCDF_DEFAULT_VOLATILE_PRGENV
++ PE_PETSC_DEFAULT_GENCOMPS_CRAY_haswell=83
++ export PE_PETSC_DEFAULT_GENCOMPS_CRAY_haswell
++ PE_PETSC_DEFAULT_GENCOMPS_CRAY_interlagos=83
++ export PE_PETSC_DEFAULT_GENCOMPS_CRAY_interlagos
++ PE_PETSC_DEFAULT_GENCOMPS_CRAY_sandybridge=83
++ export PE_PETSC_DEFAULT_GENCOMPS_CRAY_sandybridge
++ PE_PETSC_DEFAULT_GENCOMPS_CRAY_x86_64=83
++ export PE_PETSC_DEFAULT_GENCOMPS_CRAY_x86_64
++ PE_PETSC_DEFAULT_GENCOMPS_GNU_haswell='49 48'
++ export PE_PETSC_DEFAULT_GENCOMPS_GNU_haswell
++ PE_PETSC_DEFAULT_GENCOMPS_GNU_interlagos='49 48'
++ export PE_PETSC_DEFAULT_GENCOMPS_GNU_interlagos
++ PE_PETSC_DEFAULT_GENCOMPS_GNU_sandybridge='49 48'
++ export PE_PETSC_DEFAULT_GENCOMPS_GNU_sandybridge
++ PE_PETSC_DEFAULT_GENCOMPS_GNU_x86_64='49 48'
++ export PE_PETSC_DEFAULT_GENCOMPS_GNU_x86_64
++ PE_PETSC_DEFAULT_GENCOMPS_INTEL_haswell=140
++ export PE_PETSC_DEFAULT_GENCOMPS_INTEL_haswell
++ PE_PETSC_DEFAULT_GENCOMPS_INTEL_interlagos=140
++ export PE_PETSC_DEFAULT_GENCOMPS_INTEL_interlagos
++ PE_PETSC_DEFAULT_GENCOMPS_INTEL_sandybridge=140
++ export PE_PETSC_DEFAULT_GENCOMPS_INTEL_sandybridge
++ PE_PETSC_DEFAULT_GENCOMPS_INTEL_x86_64=140
++ export PE_PETSC_DEFAULT_GENCOMPS_INTEL_x86_64
++ PE_PETSC_DEFAULT_REQUIRED_PRODUCTS=PE_MPICH:PE_LIBSCI:PE_TPSL
++ export PE_PETSC_DEFAULT_REQUIRED_PRODUCTS
++ PE_PETSC_DEFAULT_VOLATILE_PKGCONFIG_PATH=/opt/cray/petsc/3.5.3.0/complex/@PRGENV@/@PE_PETSC_DEFAULT_GENCOMPS@/@PE_PETSC_DEFAULT_TARGET@/lib/pkgconfig
++ export PE_PETSC_DEFAULT_VOLATILE_PKGCONFIG_PATH
++ PE_PETSC_DEFAULT_VOLATILE_PRGENV='CRAY GNU INTEL'
++ export PE_PETSC_DEFAULT_VOLATILE_PRGENV
++ PE_PKGCONFIG_DEFAULT_PRODUCTS=PE_TRILINOS:PE_MPICH:PE_PARALLEL_NETCDF:PE_NETCDF:PE_GA:PE_HDF5:PE_FFTW:PE_TPSL:PE_HDF5_PARALLEL:PE_LIBSCI:PE_NETCDF_HDF5PARALLEL:PE_PETSC
++ export PE_PKGCONFIG_DEFAULT_PRODUCTS
++ PE_PKGCONFIG_LIBS=iobuf:AtpSigHandler:cray-rca:libsci_mpi:libsci
++ export PE_PKGCONFIG_LIBS
++ PE_PKGCONFIG_PRODUCTS=PE_LIBSCI
++ export PE_PKGCONFIG_PRODUCTS
++ PE_PKGCONFIG_PRODUCTS_DEFAULT=PE_PAPI
++ export PE_PKGCONFIG_PRODUCTS_DEFAULT
++ PE_PKG_CONFIG_PATH=/opt/cray/cti/1.0.2/lib/pkgconfig
++ export PE_PKG_CONFIG_PATH
++ PE_PRODUCT_LIST=CRAY_RCA:CRAY_ALPS:DVS:CRAY_XPMEM:CRAY_DMAPP:CRAY_PMI:CRAY_UGNI:CRAY_UDREG:CRAY_LIBSCI:CRAYPE:INTEL:CRAY
++ export PE_PRODUCT_LIST
++ PE_SMA_DIR_CRAY_DEFAULT64=64
++ export PE_SMA_DIR_CRAY_DEFAULT64
++ PE_SMA_DIR_PGI_DEFAULT64=64
++ export PE_SMA_DIR_PGI_DEFAULT64
++ PE_SMA_VOLATILE_PKGCONFIG_PATH=/opt/cray/mpt/7.2.0/gni/sma@PE_SMA_DIR_DEFAULT64@/lib64/pkgconfig
++ export PE_SMA_VOLATILE_PKGCONFIG_PATH
++ PE_TPSL_DEFAULT_GENCOMPS_CRAY_haswell=83
++ export PE_TPSL_DEFAULT_GENCOMPS_CRAY_haswell
++ PE_TPSL_DEFAULT_GENCOMPS_CRAY_interlagos=83
++ export PE_TPSL_DEFAULT_GENCOMPS_CRAY_interlagos
++ PE_TPSL_DEFAULT_GENCOMPS_CRAY_sandybridge=83
++ export PE_TPSL_DEFAULT_GENCOMPS_CRAY_sandybridge
++ PE_TPSL_DEFAULT_GENCOMPS_CRAY_x86_64=83
++ export PE_TPSL_DEFAULT_GENCOMPS_CRAY_x86_64
++ PE_TPSL_DEFAULT_GENCOMPS_GNU_haswell='49 48'
++ export PE_TPSL_DEFAULT_GENCOMPS_GNU_haswell
++ PE_TPSL_DEFAULT_GENCOMPS_GNU_interlagos='49 48'
++ export PE_TPSL_DEFAULT_GENCOMPS_GNU_interlagos
++ PE_TPSL_DEFAULT_GENCOMPS_GNU_sandybridge='49 48'
++ export PE_TPSL_DEFAULT_GENCOMPS_GNU_sandybridge
++ PE_TPSL_DEFAULT_GENCOMPS_GNU_x86_64='49 48'
++ export PE_TPSL_DEFAULT_GENCOMPS_GNU_x86_64
++ PE_TPSL_DEFAULT_GENCOMPS_INTEL_haswell=140
++ export PE_TPSL_DEFAULT_GENCOMPS_INTEL_haswell
++ PE_TPSL_DEFAULT_GENCOMPS_INTEL_interlagos=140
++ export PE_TPSL_DEFAULT_GENCOMPS_INTEL_interlagos
++ PE_TPSL_DEFAULT_GENCOMPS_INTEL_sandybridge=140
++ export PE_TPSL_DEFAULT_GENCOMPS_INTEL_sandybridge
++ PE_TPSL_DEFAULT_GENCOMPS_INTEL_x86_64=140
++ export PE_TPSL_DEFAULT_GENCOMPS_INTEL_x86_64
++ PE_TPSL_DEFAULT_REQUIRED_PRODUCTS=PE_MPICH:PE_LIBSCI
++ export PE_TPSL_DEFAULT_REQUIRED_PRODUCTS
++ PE_TPSL_DEFAULT_VOLATILE_PKGCONFIG_PATH=/opt/cray/tpsl/1.4.4/@PRGENV@/@PE_TPSL_DEFAULT_GENCOMPS@/@PE_TPSL_DEFAULT_TARGET@/lib/pkgconfig
++ export PE_TPSL_DEFAULT_VOLATILE_PKGCONFIG_PATH
++ PE_TPSL_DEFAULT_VOLATILE_PRGENV='CRAY GNU INTEL'
++ export PE_TPSL_DEFAULT_VOLATILE_PRGENV
++ PE_TRILINOS_DEFAULT_GENCOMPS_CRAY_x86_64=83
++ export PE_TRILINOS_DEFAULT_GENCOMPS_CRAY_x86_64
++ PE_TRILINOS_DEFAULT_GENCOMPS_GNU_x86_64='49 48'
++ export PE_TRILINOS_DEFAULT_GENCOMPS_GNU_x86_64
++ PE_TRILINOS_DEFAULT_GENCOMPS_INTEL_x86_64=140
++ export PE_TRILINOS_DEFAULT_GENCOMPS_INTEL_x86_64
++ PE_TRILINOS_DEFAULT_REQUIRED_PRODUCTS=PE_MPICH:PE_HDF5_PARALLEL:PE_NETCDF_HDF5PARALLEL:PE_LIBSCI:PE_TPSL
++ export PE_TRILINOS_DEFAULT_REQUIRED_PRODUCTS
++ PE_TRILINOS_DEFAULT_VOLATILE_PKGCONFIG_PATH=/opt/cray/trilinos/11.12.1.2/@PRGENV@/@PE_TRILINOS_DEFAULT_GENCOMPS@/@PE_TRILINOS_DEFAULT_TARGET@/lib/pkgconfig
++ export PE_TRILINOS_DEFAULT_VOLATILE_PKGCONFIG_PATH
++ PE_TRILINOS_DEFAULT_VOLATILE_PRGENV='CRAY GNU INTEL'
++ export PE_TRILINOS_DEFAULT_VOLATILE_PRGENV
++ PKGCONFIG_ENABLED=1
++ export PKGCONFIG_ENABLED
++ PKG_CONFIG_PATH=/opt/cray/iobuf/2.0.5/lib/pkgconfig:/opt/cray/rca/1.0.0-2.0502.57212.2.56.ari/lib64/pkgconfig:/opt/cray/alps/5.2.3-2.0502.9295.14.14.ari/lib64/pkgconfig:/opt/cray/xpmem/0.1-2.0502.57015.1.15.ari/lib64/pkgconfig:/opt/cray/gni-headers/4.0-1.0502.10317.9.2.ari/lib64/pkgconfig:/opt/cray/dmapp/7.0.1-1.0502.10246.8.47.ari/lib64/pkgconfig:/opt/cray/pmi/5.0.6-1.0000.10439.140.2.ari/lib64/pkgconfig:/opt/cray/ugni/6.0-1.0502.10245.9.9.ari/lib64/pkgconfig:/opt/cray/udreg/2.3.2-1.0502.9889.2.20.ari/lib64/pkgconfig:/opt/cray/craype/2.3.0/pkg-config:/opt/cray/atp/1.8.1/lib/pkgconfig
++ export PKG_CONFIG_PATH
++ PKG_CONFIG_PATH_DEFAULT=/opt/cray/papi/5.4.0.1/lib64/pkgconfig
++ export PKG_CONFIG_PATH_DEFAULT
++ PNG_INC=/usrx/local/prod//png/1.2.49/intel/sandybridge/include
++ export PNG_INC
++ PNG_LIB=/usrx/local/prod//png/1.2.49/intel/sandybridge/lib/libpng.a
++ export PNG_LIB
++ PNG_LIB12=/usrx/local/prod//png/1.2.49/intel/sandybridge/lib/libpng12.a
++ export PNG_LIB12
++ PNG_LIBDIR=/usrx/local/prod//png/1.2.49/intel/sandybridge/lib
++ export PNG_LIBDIR
++ PNG_LIBso=/usrx/local/prod//png/1.2.49/intel/sandybridge/lib/libpng.so
++ export PNG_LIBso
++ PNG_SRC=/usrx/local/prod//png/1.2.49/intel/sandybridge/src
++ export PNG_SRC
++ PNG_VER=1.2.49
++ export PNG_VER
++ SHMEM_ABORT_ON_ERROR=1
++ export SHMEM_ABORT_ON_ERROR
++ SLURM_PROLOG=/opt/cray/atp/1.8.1/libexec/slurm_prolog.ksh
++ export SLURM_PROLOG
++ TBBROOT=/opt/intel/composer_xe_2015.3.187/tbb
++ export TBBROOT
++ W3NCO_LIB4=/gpfs/hps/nco/ops/nwprod/lib/w3nco/v2.0.6/intel/libw3nco_v2.0.6_4.a
++ export W3NCO_LIB4
++ W3NCO_LIB8=/gpfs/hps/nco/ops/nwprod/lib/w3nco/v2.0.6/intel/libw3nco_v2.0.6_8.a
++ export W3NCO_LIB8
++ W3NCO_LIBd=/gpfs/hps/nco/ops/nwprod/lib/w3nco/v2.0.6/intel/libw3nco_v2.0.6_d.a
++ export W3NCO_LIBd
++ W3NCO_SRC=/gpfs/hps/nco/ops/nwprod/lib/w3nco/v2.0.6/src
++ export W3NCO_SRC
++ W3NCO_VER=v2.0.6
++ export W3NCO_VER
++ XTPE_NETWORK_TARGET=aries
++ export XTPE_NETWORK_TARGET
++ Z_INC=/usrx/local/prod/zlib/1.2.7/intel/sandybridge/include
++ export Z_INC
++ Z_LIB=/usrx/local/prod/zlib/1.2.7/intel/sandybridge/lib/libz.a
++ export Z_LIB
++ Z_SRC=/usrx/local/prod/zlib/1.2.7/intel/sandybridge/src
++ export Z_SRC
++ Z_VER=1.2.7
++ export Z_VER
++ _LMFILES_=/opt/cray/craype/default/alt-modulefiles/craype-network-aries:/opt/cray/alt-modulefiles/craype/2.3.0:/opt/modulefiles/intel/15.0.3.187:/opt/cray/alt-modulefiles/cray-libsci/13.0.3:/opt/cray/ari/modulefiles/udreg/2.3.2-1.0502.9889.2.20.ari:/opt/cray/ari/modulefiles/ugni/6.0-1.0502.10245.9.9.ari:/opt/cray/ari/modulefiles/pmi/5.0.6-1.0000.10439.140.2.ari:/opt/cray/ari/modulefiles/dmapp/7.0.1-1.0502.10246.8.47.ari:/opt/cray/ari/modulefiles/gni-headers/4.0-1.0502.10317.9.2.ari:/opt/cray/ari/modulefiles/xpmem/0.1-2.0502.57015.1.15.ari:/opt/cray/ari/modulefiles/dvs/2.5_0.9.0-1.0502.1958.2.55.ari:/opt/cray/ari/modulefiles/alps/5.2.3-2.0502.9295.14.14.ari:/opt/cray/ari/modulefiles/rca/1.0.0-2.0502.57212.2.56.ari:/opt/cray/alt-modulefiles/atp/1.8.1:/opt/cray/alt-modulefiles/PrgEnv-intel/5.2.56:/opt/cray/alt-modulefiles/iobuf/2.0.5:/usrx/local/prod/modulefiles/jasper-gnu-sandybridge/1.900.1:/usrx/local/prod/modulefiles/png-intel-sandybridge/1.2.49:/usrx/local/prod/modulefiles/zlib-intel-sandybridge/1.2.7:/gpfs/hps/nco/ops/nwprod/lib/modulefiles/g2-intel/3.1.0:/gpfs/hps/nco/ops/nwprod/lib/modulefiles/w3nco-intel/2.0.6:/gpfs/hps/nco/ops/nwprod/lib/modulefiles/bacio-intel/2.0.1:../modulefiles/build_glwu.module
++ export _LMFILES_
++ ls -d convert_ndfd_glwu.fd inpaint_nic_glwu.fd wave_glwice.fd
+ dirs='convert_ndfd_glwu.fd
inpaint_nic_glwu.fd
wave_glwice.fd'
++ echo convert_ndfd_glwu.fd inpaint_nic_glwu.fd wave_glwice.fd
++ sed 's/\.fd/ /g'
+ codes='convert_ndfd_glwu  inpaint_nic_glwu  wave_glwice '
+ for i in '$codes'
+ cd convert_ndfd_glwu.fd
+ mv make.log make.log.bak
+ make clean
+ module list
+ make
+ mv convert_ndfd_glwu ../../exec
+ make clean
rm -f convert_ndfd_glwu.o w3timemd.o constants.o convert_ndfd_glwu.mod w3timemd.mod constants.mod convert_ndfd_glwu.lst w3timemd.lst constants.lst xref.db
+ cd ../
+ for i in '$codes'
+ cd inpaint_nic_glwu.fd
+ mv make.log make.log.bak
+ make clean
+ module list
+ make
+ mv inpaint_nic_glwu ../../exec
+ make clean
rm -f inpaint_nic_glwu.o  inpaint_nic_glwu.lst
+ cd ../
+ for i in '$codes'
+ cd wave_glwice.fd
+ mv make.log make.log.bak
+ make clean
+ module list
+ make
+ mv wave_glwice ../../exec
+ make clean
rm -f wave_glwice.o tick21.o iymd21.o dsec21.o mymd21.o  dsec21.lst  iymd21.lst  mymd21.lst  tick21.lst  wave_glwice.lst xref.db
+ cd ../
