rm -f inpaint_nic_glwu.o  inpaint_nic_glwu.lst
++ /opt/modules/3.2.6.7/bin/modulecmd bash list
Currently Loaded Modulefiles:
  1) craype-network-aries
  2) craype/2.3.0
  3) intel/15.0.3.187
  4) cray-libsci/13.0.3
  5) udreg/2.3.2-1.0502.9889.2.20.ari
  6) ugni/6.0-1.0502.10245.9.9.ari
  7) pmi/5.0.6-1.0000.10439.140.2.ari
  8) dmapp/7.0.1-1.0502.10246.8.47.ari
  9) gni-headers/4.0-1.0502.10317.9.2.ari
 10) xpmem/0.1-2.0502.57015.1.15.ari
 11) dvs/2.5_0.9.0-1.0502.1958.2.55.ari
 12) alps/5.2.3-2.0502.9295.14.14.ari
 13) rca/1.0.0-2.0502.57212.2.56.ari
 14) atp/1.8.1
 15) PrgEnv-intel/5.2.56
 16) iobuf/2.0.5
 17) jasper-gnu-sandybridge/1.900.1
 18) png-intel-sandybridge/1.2.49
 19) zlib-intel-sandybridge/1.2.7
 20) g2-intel/3.1.0
 21) w3nco-intel/2.0.6
 22) bacio-intel/2.0.1
+ eval
ftn -c -O3 -list -auto  inpaint_nic_glwu.f90
No supported cpu target is set, so CRAY_CPU_TARGET=x86-64.
Load a valid targeting module or set CRAY_CPU_TARGET
ftn -O3 -list -auto  -o inpaint_nic_glwu inpaint_nic_glwu.o
No supported cpu target is set, so CRAY_CPU_TARGET=x86-64.
Load a valid targeting module or set CRAY_CPU_TARGET
