Page 1           Source Listing                  
2017-04-04 20:16                                 constants.f90

      1 !/ ------------------------------------------------------------------- /
      2       MODULE CONSTANTS
      3 !/
      4 !$$$  MODULE DOCUMENTATION BLOCK
      5 !                .      .    .                                       .
      6 ! MODULE:        CONSTANTS   Define some constants globally
      7 !   PRGMMR: H.L. Tolman      ORG: W/NP21      DATE: 1999-11-30
      8 !
      9 ! ABSTRACT: Define some constants globally
     10 !
     11 ! PROGRAM HISTORY LOG:
     12 ! 1999-11-30  Tolman      Origination.
     13 !
     14 ! PUBLIC VARIABLES :      See documentation below.
     15 ! PUBLIC TYPES :          See documentation below.
     16 ! PUBLIC SUBPROGRAMS :    See documentation below.
     17 !
     18 ! REMARKS:                None.
     19 !
     20 ! ATTRIBUTES:
     21 !   LANGUAGE: FORTRAN 90
     22 !   MACHINE:  Portable code
     23 !
     24 !$$$
     25 !/                  +-----------------------------------+
     26 !/                  | WAVEWATCH-III           NOAA/NCEP |
     27 !/                  |           H. L. Tolman            |
     28 !/                  |                        FORTRAN 90 |
     29 !/                  | Last update :         11-Nov-1999 |
     30 !/                  +-----------------------------------+
     31 !/
     32 !  1. Purpose :
     33 !
     34 !     Define some much-used constants for global use (all defined
     35 !     as PARAMETER).
     36 !
     37 !  2. Variables and types :
     38 !
     39 !      Name      Type  Scope    Description
     40 !     ----------------------------------------------------------------
     41 !      GRAV      Real  Global   Acc. of gravity                 (m/s2)
     42 !      DWAT      Real  Global   Density of water               (kg/m3)
     43 !      DAIR      Real  Global   Density of air                 (kg/m3)
     44 !      PI        Real  Global   pi.
     45 !      TPI       Real  Global   2pi.
     46 !      HPI       Real  Global   0.5pi.
     47 !      TPIINV    Real  Global   1/2pi.
     48 !      HPIINV    Real  Global   2/pi.
     49 !      RADE      Real  Global   Conv. factor from radians to degrees.
     50 !      DERA      Real  Global   Conv. factor from degrees to radians.
     51 !      RADIUS    Real  Global   Radius of the earth.             (m)
     52 !     ----------------------------------------------------------------
     53 !
     54 !/ ------------------------------------------------------------------- /
     55 !/
     56       REAL, PARAMETER         :: GRAV   =    9.806
     57       REAL, PARAMETER         :: DWAT   = 1000.

Page 2           Source Listing                  
2017-04-04 20:16                                 constants.f90

     58       REAL, PARAMETER         :: DAIR   =    1.225
     59 !
     60       REAL, PARAMETER         :: PI     = 3.1415927
     61       REAL, PARAMETER         :: TPI    = 2.0 * PI
     62       REAL, PARAMETER         :: HPI    = 0.5 * PI
     63       REAL, PARAMETER         :: TPIINV = 1. / TPI
     64       REAL, PARAMETER         :: HPIINV = 1. / HPI
     65       REAL, PARAMETER         :: RADE   = 180. / PI
     66       REAL, PARAMETER         :: DERA   = PI / 180.
     67 !
     68       REAL, PARAMETER         :: RADIUS = 4.E7 * TPIINV
     69 !
     70       REAL, PARAMETER         :: G2PI3I = 1. / ( GRAV**2 * TPI**3 )
     71       REAL, PARAMETER         :: G1PI1I = 1. / ( GRAV * TPI )
     72 !/
     73 !/ End of module CONSTANTS ------------------------------------------- /
     74 !/
     75       END MODULE CONSTANTS


SYMBOL CROSS REFERENCE

 Name                       Object Declared Type            Bytes Dimen Elements Attributes       References                        
                                                                                                                                    
 CONSTANTS                  Module 2                                                                                                
 DAIR                       Param  58       R(4)            4           scalar                                                      
 DERA                       Param  66       R(4)            4           scalar                                                      
 DWAT                       Param  57       R(4)            4           scalar                                                      
 G1PI1I                     Param  71       R(4)            4           scalar                                                      
 G2PI3I                     Param  70       R(4)            4           scalar                                                      
 GRAV                       Param  56       R(4)            4           scalar                    70,71                             
 HPI                        Param  62       R(4)            4           scalar                    64                                
 HPIINV                     Param  64       R(4)            4           scalar                                                      
 PI                         Param  60       R(4)            4           scalar                    61,62,65,66                       
 RADE                       Param  65       R(4)            4           scalar                                                      
 RADIUS                     Param  68       R(4)            4           scalar                                                      
 TPI                        Param  61       R(4)            4           scalar                    63,70,71                          
 TPIINV                     Param  63       R(4)            4           scalar                    68                                

Page 3           Source Listing                  
2017-04-04 20:16 Subprograms/Common Blocks       constants.f90



SUBPROGRAMS/COMMON BLOCKS

 Name                       Object Declared Type            Bytes Dimen Elements Attributes       References                        
                                                                                                                                    
 CONSTANTS                  Module 2                                                                                                

COMPILER OPTIONS BEING USED

       -align noall                          -align nonone
       -align nocommons                      -align nodcommons
       -align noqcommons                     -align nozcommons
       -align records                        -align nosequence
       -align norec1byte                     -align norec2byte
       -align norec4byte                     -align norec8byte
       -align norec16byte                    -align norec32byte
       -align norec64byte                    -align noarray8byte
       -align noarray16byte                  -align noarray32byte
       -align noarray64byte                  -align noarray128byte
       -align noarray256byte                 -altparam
       -assume accuracy_sensitive            -assume nobscc
       -assume nobuffered_io                 -assume nobuffered_stdout
       -assume nobyterecl                    -assume nocc_omp
       -assume nocstring                     -assume nodummy_aliases
       -assume nofpe_summary                 -assume noieee_fpe_flags
       -assume nominus0                      -assume noold_boz
       -assume old_complex_align             -assume old_unit_star
       -assume old_ldout_format              -assume noold_logical_ldio
       -assume old_maxminloc                 -assume old_xor
       -assume protect_constants             -assume noprotect_parens
       -assume split_common                  -assume source_include
       -assume nostd_intent_in               -assume std_minus0_rounding
       -assume nostd_mod_proc_name           -assume std_value
       -assume norealloc_lhs                 -assume underscore
       -assume no2underscores                -auto
  no   -auto_scalar                     no   -bintext
       -ccdefault default                    -check noargs
       -check noarg_temp_created             -check noassume
       -check nobounds                       -check noformat
       -check nooutput_conversion            -check nooverflow
       -check nopointers                     -check power
       -check noshape                        -check nostack
       -check nounderflow                    -check nouninitialized
       -coarray-num-procs 0             no   -coarray-config-file
       -convert big_endian                   -cross_reference
       -D __INTEL_COMPILER=1500              -D __INTEL_COMPILER_UPDATE=3
       -D __unix__                           -D __unix
       -D __linux__                          -D __linux
       -D __gnu_linux__                      -D unix
       -D linux                              -D __ELF__
       -D __x86_64                           -D __x86_64__
       -D __amd64                            -D __amd64__
       -D _MT                                -D __INTEL_COMPILER_BUILD_DATE=20150407
       -D __INTEL_OFFLOAD                    -D __pentium4
       -D __pentium4__                       -D __tune_pentium4__
       -D __SSE2__                           -D __SSE2_MATH__

Page 4           Source Listing                  
2017-04-04 20:16                                 constants.f90

       -D __SSE3__                           -D __SSSE3__
       -D __SSE4_1__                         -D __SSE4_2__
       -D __SSE__                            -D __SSE_MATH__
       -D __MMX__                            -D __AVX__
       -D __AVX_I__                          -D __AVX2__
       -D __CRAYXC                           -D __CRAY_HASWELL
       -D __CRAYXT_COMPUTE_LINUX_TARGET       -double_size 64
  no   -d_lines                         no   -Qdyncom
       -error_limit 30                  no   -f66
  no   -f77rtl                          no   -fast
       -fpscomp nofilesfromcmd               -fpscomp nogeneral
       -fpscomp noioformat                   -fpscomp noldio_spacing
       -fpscomp nologicals              no   -fpconstant
       -fpe3                                 -fprm nearest
  no   -ftz                                  -fp_model noprecise
       -fp_model fast                        -fp_model nostrict
       -fp_model nosource                    -fp_model nodouble
       -fp_model noextended                  -fp_model novery_fast
       -fp_model noexcept                    -fp_model nono_except
       -heap_arrays 0                   no   -threadprivate_compat
       -free                                 -g0
       -iface nomixed_str_len_arg            -iface nono_mixed_str_len_arg
       -init noarrays                        -init noinf
       -init nonan                           -init nosnan
       -init nozero                     no   -intconstant
       -integer_size 32                 no   -mixed_str_len_arg
  no   -module                               -names lowercase
  no   -noinclude                            -offload-build=host
       -O3                              no   -pad_source
       -real_size 32                    no   -recursive
       -reentrancy none                 no   -sharable_localsaves
       -vec=simd                             -show noinclude
       -show map                             -show options
  no   -syntax_only                     no   -threadcom
  no   -U                               no   -vms
       -w noall                              -w nonone
       -w alignments                         -w noargument_checking
       -w nodeclarations                     -w general
       -w noignore_bounds                    -w noignore_loc
       -w nointerfaces                       -w notruncated_source
       -w uncalled                           -w uninitialized
       -w nounused                           -w usage
  no   -wrap-margins

       -includepath : /opt/cray/rca/1.0.0-2.0502.57212.2.56.ari/include/,/opt/cray/ugni/6.0-1.0502.10245.9.9.ari/include/,
           /opt/intel/composer_xe_2015.3.187/ipp/include/,/usr/local/include/,.f90,./.f90,/opt/cray/iobuf/2.0.5/include/.f90,
           /opt/cray/mpt/7.2.0/gni/mpich2-intel/140/include/.f90,/opt/cray/libsci/13.0.3/INTEL/140/x86_64/include/.f90,
           /opt/cray/rca/1.0.0-2.0502.57212.2.56.ari/include/.f90,/opt/cray/alps/5.2.3-2.0502.9295.14.14.ari/include/.f90,
           /opt/cray/xpmem/0.1-2.0502.57015.1.15.ari/include/.f90,/opt/cray/gni-headers/4.0-1.0502.10317.9.2.ari/include/.f90,
           /opt/cray/pmi/5.0.6-1.0000.10439.140.2.ari/include/.f90,/opt/cray/ugni/6.0-1.0502.10245.9.9.ari/include/.f90,
           /opt/cray/udreg/2.3.2-1.0502.9889.2.20.ari/include/.f90,/opt/cray/wlm_detect/1.0-1.0502.57063.1.1.ari/include/.f90,
           /opt/cray/krca/1.0.0-2.0502.57202.2.45.ari/include/.f90,/opt/cray-hss-devel/7.2.0/include/.f90,/opt/intel/composer_xe_2015.3.187/ipp/include/.f90,
           /opt/intel/composer_xe_2015.3.187/mkl/include/.f90,/opt/intel/composer_xe_2015.3.187/tbb/include/.f90,
           /opt/intel/composer_xe_2015.3.187/compiler/include/intel64/.f90,/opt/intel/composer_xe_2015.3.187/compiler/include/.f90,
           /usr/local/include/.f90,/usr/lib64/gcc/x86_64-suse-linux/4.3/include/.f90,/usr/lib64/gcc/x86_64-suse-linux/4.3/include-fixed/.f90,
           /usr/include/.f90,/usr/include/.f90,/usr/include/.f90
       -list filename : constants.lst

Page 5           Source Listing                  
2017-04-04 20:16                                 constants.f90

       -o    filename : none

COMPILER: Intel(R) Fortran 15.0-1812
