rm -f convert_ndfd_glwu.o w3timemd.o constants.o convert_ndfd_glwu.mod w3timemd.mod constants.mod convert_ndfd_glwu.lst w3timemd.lst constants.lst xref.db
++ /opt/modules/3.2.6.7/bin/modulecmd bash list
Currently Loaded Modulefiles:
  1) modules/3.2.6.7
  2) eswrap/1.3.3-1.020200.1278.0
  3) switch/1.0-1.0502.57058.1.58.ari
  4) /opt/cray/craype/default/modulefiles/craype-network-aries
  5) ncep/1.0
  6) craype-haswell
  7) xt-lsfhpc/9.1.3
  8) craype/2.3.0
  9) intel/15.0.3.187
 10) cray-libsci/13.0.3
 11) udreg/2.3.2-1.0502.9889.2.20.ari
 12) ugni/6.0-1.0502.10245.9.9.ari
 13) pmi/5.0.6-1.0000.10439.140.2.ari
 14) dmapp/7.0.1-1.0502.10246.8.47.ari
 15) gni-headers/4.0-1.0502.10317.9.2.ari
 16) xpmem/0.1-2.0502.57015.1.15.ari
 17) dvs/2.5_0.9.0-1.0502.1958.2.55.ari
 18) alps/5.2.3-2.0502.9295.14.14.ari
 19) rca/1.0.0-2.0502.57212.2.56.ari
 20) atp/1.8.1
 21) PrgEnv-intel/5.2.56
 22) iobuf/2.0.5
 23) jasper-gnu-sandybridge/1.900.1
 24) png-intel-sandybridge/1.2.49
 25) zlib-intel-sandybridge/1.2.7
 26) g2-intel/3.1.0
 27) w3nco-intel/2.0.6
 28) bacio-intel/2.0.1
+ eval
ftn -c -O3 -list -auto -convert big_endian  w3timemd.f90
ftn -c -O3 -list -auto -convert big_endian  constants.f90
ftn -c -O3 -list -auto -convert big_endian  convert_ndfd_glwu.f90
ftn -O3 -list -auto -convert big_endian  -o convert_ndfd_glwu convert_ndfd_glwu.o w3timemd.o constants.o
