  family glwu
    edit ECF_FILES '/ecf/ecfnets/scripts/glwu'
    edit COM 'gpfs/hps/nco/ops/com'
    edit QUEUESERV 'prod_transfer'
    edit PROJ 'GLW'
    edit ALERT_FROM_P3 'YES'
    family 06z
      edit CYC '06'
      task jglwu_prep
        time 05:45
      task jglwu_forecast
        trigger jglwu_prep == complete
      task jglwu_post
        trigger jglwu_forecast == complete
        event release_pgen
      task jglwu_pgen
        trigger jglwu_post:release_pgen
    endfamily
    family 07z
      edit CYC '07'
      task jglwu_prep
        time 06:45
      task jglwu_forecast
        trigger jglwu_prep == complete
      task jglwu_post
        trigger jglwu_forecast == complete
        event release_pgen
      task jglwu_pgen
        trigger jglwu_post:release_pgen
    endfamily
    family 08z
      edit CYC '08'
      task jglwu_prep
        time 07:45
      task jglwu_forecast
        trigger jglwu_prep == complete
      task jglwu_post
        trigger jglwu_forecast == complete
        event release_pgen
      task jglwu_pgen
        trigger jglwu_post:release_pgen
    endfamily
    family 09z
      edit CYC '09'
      task jglwu_prep
        time 08:45
      task jglwu_forecast
        trigger jglwu_prep == complete
      task jglwu_post
        trigger jglwu_forecast == complete
        event release_pgen
      task jglwu_pgen
        trigger jglwu_post:release_pgen
    endfamily
    family 10z
      edit CYC '10'
      task jglwu_prep
        time 09:45
      task jglwu_forecast
        trigger jglwu_prep == complete
      task jglwu_post
        trigger jglwu_forecast == complete
        event release_pgen
      task jglwu_pgen
        trigger jglwu_post:release_pgen
    endfamily
    family 11z
      edit CYC '11'
      task jglwu_prep
        time 10:45
      task jglwu_forecast
        trigger jglwu_prep == complete
      task jglwu_post
        trigger jglwu_forecast == complete
        event release_pgen
      task jglwu_pgen
        trigger jglwu_post:release_pgen
    endfamily
  endfamily

