  family glwu
    edit ECF_FILES '/ecf/ecfnets/scripts/glwu'
    edit COM 'gpfs/hps/nco/ops/com'
    edit QUEUESERV 'prod_transfer'
    edit PROJ 'GLW'
    edit ALERT_FROM_P3 'YES'
    family 00z
      edit CYC '00'
      task jglwu_prep
        time 23:45
      task jglwu_forecast
        trigger jglwu_prep == complete
      task jglwu_post
        trigger jglwu_forecast == complete
        event release_pgen
      task jglwu_pgen
        trigger jglwu_post:release_pgen
    endfamily
    family 01z
      edit CYC '01'
      task jglwu_prep
        time 00:45
      task jglwu_forecast
        trigger jglwu_prep == complete
      task jglwu_post
        trigger jglwu_forecast == complete
        event release_pgen
      task jglwu_pgen
        trigger jglwu_post:release_pgen
    endfamily
    family 02z
      edit CYC '02'
      task jglwu_prep
        time 01:45
      task jglwu_forecast
        trigger jglwu_prep == complete
      task jglwu_post
        trigger jglwu_forecast == complete
        event release_pgen
      task jglwu_pgen
        trigger jglwu_post:release_pgen
    endfamily
    family 03z
      edit CYC '03'
      task jglwu_prep
        time 02:45
      task jglwu_forecast
        trigger jglwu_prep == complete
      task jglwu_post
        trigger jglwu_forecast == complete
        event release_pgen
      task jglwu_pgen
        trigger jglwu_post:release_pgen
    endfamily
    family 04z
      edit CYC '04'
      task jglwu_prep
        time 03:45
      task jglwu_forecast
        trigger jglwu_prep == complete
      task jglwu_post
        trigger jglwu_forecast == complete
        event release_pgen
      task jglwu_pgen
        trigger jglwu_post:release_pgen
    endfamily
    family 05z
      edit CYC '05'
      task jglwu_prep
        time 04:45
      task jglwu_forecast
        trigger jglwu_prep == complete
      task jglwu_post
        trigger jglwu_forecast == complete
        event release_pgen
      task jglwu_pgen
        trigger jglwu_post:release_pgen
    endfamily
  endfamily

