  family glwu
    edit ECF_FILES '/ecf/ecfnets/scripts/glwu'
    edit COM 'gpfs/hps/nco/ops/com'
    edit QUEUESERV 'prod_transfer'
    edit PROJ 'GLW'
    edit ALERT_FROM_P3 'YES'
    family 12z
      edit CYC '12'
      task jglwu_prep
        time 11:45
      task jglwu_forecast
        trigger jglwu_prep == complete
      task jglwu_post
        trigger jglwu_forecast == complete
        event release_pgen
      task jglwu_pgen
        trigger jglwu_post:release_pgen
    endfamily
    family 13z
      edit CYC '13'
      task jglwu_prep
        time 12:45
      task jglwu_forecast
        trigger jglwu_prep == complete
      task jglwu_post
        trigger jglwu_forecast == complete
        event release_pgen
      task jglwu_pgen
        trigger jglwu_post:release_pgen
    endfamily
    family 14z
      edit CYC '14'
      task jglwu_prep
        time 13:45
      task jglwu_forecast
        trigger jglwu_prep == complete
      task jglwu_post
        trigger jglwu_forecast == complete
        event release_pgen
      task jglwu_pgen
        trigger jglwu_post:release_pgen
    endfamily
    family 15z
      edit CYC '15'
      task jglwu_prep
        time 14:45
      task jglwu_forecast
        trigger jglwu_prep == complete
      task jglwu_post
        trigger jglwu_forecast == complete
        event release_pgen
      task jglwu_pgen
        trigger jglwu_post:release_pgen
    endfamily
    family 16z
      edit CYC '16'
      task jglwu_prep
        time 15:45
      task jglwu_forecast
        trigger jglwu_prep == complete
      task jglwu_post
        trigger jglwu_forecast == complete
        event release_pgen
      task jglwu_pgen
        trigger jglwu_post:release_pgen
    endfamily
    family 17z
      edit CYC '17'
      task jglwu_prep
        time 16:45
      task jglwu_forecast
        trigger jglwu_prep == complete
      task jglwu_post
        trigger jglwu_forecast == complete
        event release_pgen
      task jglwu_pgen
        trigger jglwu_post:release_pgen
    endfamily
  endfamily

